<?xml version="1.0" encoding="UTF-8"?>
<!-- Generated by org.testng.reporters.JUnitXMLReporter -->
<testsuite hostname="dlnode13" name="Command line test" tests="48" failures="0" timestamp="7 May 2014 06:42:11 GMT" time="1.655" errors="0">
  <testcase name="testCurrentTimestamp" time="0.146" classname="com.facebook.presto.sql.parser.TestSqlParser"/>
  <testcase name="testDate" time="0.068" classname="com.facebook.presto.sql.parser.TestSqlParser"/>
  <testcase name="testDouble" time="0.005" classname="com.facebook.presto.sql.parser.TestSqlParser"/>
  <testcase name="testDoubleInQuery" time="0.04" classname="com.facebook.presto.sql.parser.TestSqlParser"/>
  <testcase name="testEmptyExpression" time="0.003" classname="com.facebook.presto.sql.parser.TestSqlParser"/>
  <testcase name="testEmptyStatement" time="0.001" classname="com.facebook.presto.sql.parser.TestSqlParser"/>
  <testcase name="testExpressionWithTrailingJunk" time="0.001" classname="com.facebook.presto.sql.parser.TestSqlParser"/>
  <testcase name="testIdentifierWithColon" time="0.001" classname="com.facebook.presto.sql.parser.TestSqlParser"/>
  <testcase name="testInterval" time="0.006" classname="com.facebook.presto.sql.parser.TestSqlParser"/>
  <testcase name="testParseErrorBackquotes" time="0.001" classname="com.facebook.presto.sql.parser.TestSqlParser"/>
  <testcase name="testParseErrorBackquotesEndOfInput" time="0.001" classname="com.facebook.presto.sql.parser.TestSqlParser"/>
  <testcase name="testParseErrorDigitIdentifiers" time="0.001" classname="com.facebook.presto.sql.parser.TestSqlParser"/>
  <testcase name="testParseErrorDualOrderBy" time="0.003" classname="com.facebook.presto.sql.parser.TestSqlParser"/>
  <testcase name="testParseErrorEndOfInput" time="0.001" classname="com.facebook.presto.sql.parser.TestSqlParser"/>
  <testcase name="testParseErrorEndOfInputWhitespace" time="0.001" classname="com.facebook.presto.sql.parser.TestSqlParser"/>
  <testcase name="testParseErrorMiddleOfLine" time="0.002" classname="com.facebook.presto.sql.parser.TestSqlParser"/>
  <testcase name="testParseErrorReverseOrderByLimit" time="0.002" classname="com.facebook.presto.sql.parser.TestSqlParser"/>
  <testcase name="testParseErrorStartOfLine" time="0.001" classname="com.facebook.presto.sql.parser.TestSqlParser"/>
  <testcase name="testParsingExceptionPositionInfo" time="0.002" classname="com.facebook.presto.sql.parser.TestSqlParser"/>
  <testcase name="testPossibleExponentialBacktracking" time="0.007" classname="com.facebook.presto.sql.parser.TestSqlParser"/>
  <testcase name="testStackOverflowExpression" time="0.24" classname="com.facebook.presto.sql.parser.TestSqlParser"/>
  <testcase name="testStackOverflowStatement" time="0.222" classname="com.facebook.presto.sql.parser.TestSqlParser"/>
  <testcase name="testTime" time="0.005" classname="com.facebook.presto.sql.parser.TestSqlParser"/>
  <testcase name="testTokenizeErrorIncompleteToken" time="0.001" classname="com.facebook.presto.sql.parser.TestSqlParser"/>
  <testcase name="testTokenizeErrorMiddleOfLine" time="0.001" classname="com.facebook.presto.sql.parser.TestSqlParser"/>
  <testcase name="testTokenizeErrorStartOfLine" time="0.0" classname="com.facebook.presto.sql.parser.TestSqlParser"/>
  <testcase name="testStatementBuilder" time="0.134" classname="com.facebook.presto.sql.parser.TestStatementBuilder"/>
  <testcase name="testStatementBuilderTpch" time="0.717" classname="com.facebook.presto.sql.parser.TestStatementBuilder"/>
  <testcase name="testSplitterCustomDelimiters" time="0.006" classname="com.facebook.presto.sql.parser.TestStatementSplitter"/>
  <testcase name="testSplitterEmptyInput" time="0.001" classname="com.facebook.presto.sql.parser.TestStatementSplitter"/>
  <testcase name="testSplitterEmptyStatements" time="0.0" classname="com.facebook.presto.sql.parser.TestStatementSplitter"/>
  <testcase name="testSplitterErrorAfterComplete" time="0.001" classname="com.facebook.presto.sql.parser.TestStatementSplitter"/>
  <testcase name="testSplitterErrorBeforeComplete" time="0.0" classname="com.facebook.presto.sql.parser.TestStatementSplitter"/>
  <testcase name="testSplitterIncomplete" time="0.001" classname="com.facebook.presto.sql.parser.TestStatementSplitter"/>
  <testcase name="testSplitterMultiple" time="0.0" classname="com.facebook.presto.sql.parser.TestStatementSplitter"/>
  <testcase name="testSplitterMultipleWithEmpty" time="0.0" classname="com.facebook.presto.sql.parser.TestStatementSplitter"/>
  <testcase name="testSplitterSingle" time="0.0" classname="com.facebook.presto.sql.parser.TestStatementSplitter"/>
  <testcase name="testSplitterWithBackquote" time="0.0" classname="com.facebook.presto.sql.parser.TestStatementSplitter"/>
  <testcase name="testSplitterWithDigitIdentifier" time="0.0" classname="com.facebook.presto.sql.parser.TestStatementSplitter"/>
  <testcase name="testSplitterWithEscapedSingleQuote" time="0.0" classname="com.facebook.presto.sql.parser.TestStatementSplitter"/>
  <testcase name="testSplitterWithIncompleteQuotedString" time="0.0" classname="com.facebook.presto.sql.parser.TestStatementSplitter"/>
  <testcase name="testSplitterWithQuotedIdentifier" time="0.0" classname="com.facebook.presto.sql.parser.TestStatementSplitter"/>
  <testcase name="testSplitterWithQuotedString" time="0.0" classname="com.facebook.presto.sql.parser.TestStatementSplitter"/>
  <testcase name="testSqueezeStatement" time="0.0" classname="com.facebook.presto.sql.parser.TestStatementSplitter"/>
  <testcase name="testSqueezeStatementAlternateDelimiter" time="0.001" classname="com.facebook.presto.sql.parser.TestStatementSplitter"/>
  <testcase name="testSqueezeStatementError" time="0.0" classname="com.facebook.presto.sql.parser.TestStatementSplitter"/>
  <testcase name="testSqueezeStatementWithBackquote" time="0.001" classname="com.facebook.presto.sql.parser.TestStatementSplitter"/>
  <testcase name="testSqueezeStatementWithIncompleteQuotedString" time="0.0" classname="com.facebook.presto.sql.parser.TestStatementSplitter"/>
</testsuite> <!-- Command line test -->
