<?xml version="1.0" encoding="UTF-8"?>
<!-- Generated by org.testng.reporters.JUnitXMLReporter -->
<testsuite hostname="dlnode13" name="Command line test" tests="20" failures="0" timestamp="7 May 2014 07:04:50 GMT" time="0.099" errors="0">
  <testcase name="testAlignedPrinting" time="0.057" classname="com.facebook.presto.cli.TestAlignedTuplePrinter"/>
  <testcase name="testAlignedPrintingNoRows" time="0.0" classname="com.facebook.presto.cli.TestAlignedTuplePrinter"/>
  <testcase name="testAlignedPrintingOneRow" time="0.001" classname="com.facebook.presto.cli.TestAlignedTuplePrinter"/>
  <testcase name="testDefault" time="0.004" classname="com.facebook.presto.cli.TestClientOptions"/>
  <testcase name="testInvalidServer" time="0.0" classname="com.facebook.presto.cli.TestClientOptions"/>
  <testcase name="testServerHostOnly" time="0.0" classname="com.facebook.presto.cli.TestClientOptions"/>
  <testcase name="testServerHostPort" time="0.0" classname="com.facebook.presto.cli.TestClientOptions"/>
  <testcase name="testServerHttpUri" time="0.0" classname="com.facebook.presto.cli.TestClientOptions"/>
  <testcase name="testServerHttpsUri" time="0.0" classname="com.facebook.presto.cli.TestClientOptions"/>
  <testcase name="testCsvPrinting" time="0.004" classname="com.facebook.presto.cli.TestCsvPrinter"/>
  <testcase name="testCsvPrintingNoHeader" time="0.0" classname="com.facebook.presto.cli.TestCsvPrinter"/>
  <testcase name="testCsvPrintingNoRows" time="0.0" classname="com.facebook.presto.cli.TestCsvPrinter"/>
  <testcase name="testTsvPrinting" time="0.001" classname="com.facebook.presto.cli.TestTsvPrinter"/>
  <testcase name="testTsvPrintingNoHeader" time="0.0" classname="com.facebook.presto.cli.TestTsvPrinter"/>
  <testcase name="testTsvPrintingNoRows" time="0.0" classname="com.facebook.presto.cli.TestTsvPrinter"/>
  <testcase name="testVerticalLongName" time="0.001" classname="com.facebook.presto.cli.TestVerticalTuplePrinter"/>
  <testcase name="testVerticalLongerName" time="0.0" classname="com.facebook.presto.cli.TestVerticalTuplePrinter"/>
  <testcase name="testVerticalPrinting" time="0.001" classname="com.facebook.presto.cli.TestVerticalTuplePrinter"/>
  <testcase name="testVerticalPrintingNoRows" time="0.001" classname="com.facebook.presto.cli.TestVerticalTuplePrinter"/>
  <testcase name="testVerticalShortName" time="0.0" classname="com.facebook.presto.cli.TestVerticalTuplePrinter"/>
</testsuite> <!-- Command line test -->
