<?xml version="1.0" encoding="UTF-8"?>
<testng-results skipped="0" failed="0" total="1234" passed="1234">
  <reporter-output>
  </reporter-output>
  <suite name="Command line suite" duration-ms="238719" started-at="2014-05-07T06:56:33Z" finished-at="2014-05-07T07:00:32Z">
    <groups>
    </groups>
    <test name="Command line test" duration-ms="238719" started-at="2014-05-07T06:56:33Z" finished-at="2014-05-07T07:00:32Z">
      <class name="com.facebook.presto.block.rle.TestRunLengthEncodedBlockCursorWithNull">
        <test-method status="PASS" signature="setUp()[pri:0, instance:com.facebook.presto.block.rle.TestRunLengthEncodedBlockCursorWithNull@351c2555]" name="setUp" is-config="true" duration-ms="0" started-at="2014-05-07T06:56:48Z" finished-at="2014-05-07T06:56:48Z">
          <reporter-output>
          </reporter-output>
        </test-method> <!-- setUp -->
        <test-method status="PASS" signature="testAdvanceNextPosition()[pri:0, instance:com.facebook.presto.block.rle.TestRunLengthEncodedBlockCursorWithNull@351c2555]" name="testAdvanceNextPosition" duration-ms="0" started-at="2014-05-07T06:56:48Z" finished-at="2014-05-07T06:56:48Z">
          <reporter-output>
          </reporter-output>
        </test-method> <!-- testAdvanceNextPosition -->
        <test-method status="PASS" signature="testAdvanceToPosition()[pri:0, instance:com.facebook.presto.block.rle.TestRunLengthEncodedBlockCursorWithNull@351c2555]" name="testAdvanceToPosition" duration-ms="0" started-at="2014-05-07T06:56:48Z" finished-at="2014-05-07T06:56:48Z">
          <reporter-output>
          </reporter-output>
        </test-method> <!-- testAdvanceToPosition -->
        <test-method status="PASS" signature="testStates()[pri:0, instance:com.facebook.presto.block.rle.TestRunLengthEncodedBlockCursorWithNull@351c2555]" name="testStates" duration-ms="0" started-at="2014-05-07T06:56:48Z" finished-at="2014-05-07T06:56:48Z">
          <reporter-output>
          </reporter-output>
        </test-method> <!-- testStates -->
        <test-method status="PASS" signature="testFirstPosition()[pri:0, instance:com.facebook.presto.block.rle.TestRunLengthEncodedBlockCursorWithNull@351c2555]" name="testFirstPosition" duration-ms="0" started-at="2014-05-07T06:56:48Z" finished-at="2014-05-07T06:56:48Z">
          <reporter-output>
          </reporter-output>
        </test-method> <!-- testFirstPosition -->
      </class> <!-- com.facebook.presto.block.rle.TestRunLengthEncodedBlockCursorWithNull -->
      <class name="com.facebook.presto.sql.analyzer.TestAnalyzer">
        <test-method status="PASS" signature="setup()[pri:0, instance:com.facebook.presto.sql.analyzer.TestAnalyzer@6e47c1bf]" name="setup" is-config="true" duration-ms="14" started-at="2014-05-07T06:58:48Z" finished-at="2014-05-07T06:58:48Z">
          <reporter-output>
          </reporter-output>
        </test-method> <!-- setup -->
        <test-method status="PASS" signature="testAggregateWithWildcard()[pri:0, instance:com.facebook.presto.sql.analyzer.TestAnalyzer@6e47c1bf]" name="testAggregateWithWildcard" duration-ms="3" started-at="2014-05-07T06:58:48Z" finished-at="2014-05-07T06:58:48Z">
          <reporter-output>
          </reporter-output>
        </test-method> <!-- testAggregateWithWildcard -->
        <test-method status="PASS" signature="setup()[pri:0, instance:com.facebook.presto.sql.analyzer.TestAnalyzer@6e47c1bf]" name="setup" is-config="true" duration-ms="12" started-at="2014-05-07T06:58:48Z" finished-at="2014-05-07T06:58:48Z">
          <reporter-output>
          </reporter-output>
        </test-method> <!-- setup -->
        <test-method status="PASS" signature="testAggregationsNotAllowed()[pri:0, instance:com.facebook.presto.sql.analyzer.TestAnalyzer@6e47c1bf]" name="testAggregationsNotAllowed" duration-ms="2" started-at="2014-05-07T06:58:48Z" finished-at="2014-05-07T06:58:48Z">
          <reporter-output>
          </reporter-output>
        </test-method> <!-- testAggregationsNotAllowed -->
        <test-method status="PASS" signature="setup()[pri:0, instance:com.facebook.presto.sql.analyzer.TestAnalyzer@6e47c1bf]" name="setup" is-config="true" duration-ms="13" started-at="2014-05-07T06:58:48Z" finished-at="2014-05-07T06:58:48Z">
          <reporter-output>
          </reporter-output>
        </test-method> <!-- setup -->
        <test-method status="PASS" signature="testAmbiguousReferenceInOrderBy()[pri:0, instance:com.facebook.presto.sql.analyzer.TestAnalyzer@6e47c1bf]" name="testAmbiguousReferenceInOrderBy" duration-ms="1" started-at="2014-05-07T06:58:48Z" finished-at="2014-05-07T06:58:48Z">
          <reporter-output>
          </reporter-output>
        </test-method> <!-- testAmbiguousReferenceInOrderBy -->
        <test-method status="PASS" signature="setup()[pri:0, instance:com.facebook.presto.sql.analyzer.TestAnalyzer@6e47c1bf]" name="setup" is-config="true" duration-ms="13" started-at="2014-05-07T06:58:48Z" finished-at="2014-05-07T06:58:48Z">
          <reporter-output>
          </reporter-output>
        </test-method> <!-- setup -->
        <test-method status="PASS" signature="testDistinctAggregations()[pri:0, instance:com.facebook.presto.sql.analyzer.TestAnalyzer@6e47c1bf]" name="testDistinctAggregations" duration-ms="0" started-at="2014-05-07T06:58:48Z" finished-at="2014-05-07T06:58:48Z">
          <reporter-output>
          </reporter-output>
        </test-method> <!-- testDistinctAggregations -->
        <test-method status="PASS" signature="setup()[pri:0, instance:com.facebook.presto.sql.analyzer.TestAnalyzer@6e47c1bf]" name="setup" is-config="true" duration-ms="12" started-at="2014-05-07T06:58:48Z" finished-at="2014-05-07T06:58:48Z">
          <reporter-output>
          </reporter-output>
        </test-method> <!-- setup -->
        <test-method status="PASS" signature="testDistinctInWindowFunctionParameter()[pri:0, instance:com.facebook.presto.sql.analyzer.TestAnalyzer@6e47c1bf]" name="testDistinctInWindowFunctionParameter" duration-ms="1" started-at="2014-05-07T06:58:48Z" finished-at="2014-05-07T06:58:48Z">
          <reporter-output>
          </reporter-output>
        </test-method> <!-- testDistinctInWindowFunctionParameter -->
        <test-method status="PASS" signature="setup()[pri:0, instance:com.facebook.presto.sql.analyzer.TestAnalyzer@6e47c1bf]" name="setup" is-config="true" duration-ms="13" started-at="2014-05-07T06:58:48Z" finished-at="2014-05-07T06:58:48Z">
          <reporter-output>
          </reporter-output>
        </test-method> <!-- setup -->
        <test-method status="PASS" signature="testDuplicateRelation()[pri:0, instance:com.facebook.presto.sql.analyzer.TestAnalyzer@6e47c1bf]" name="testDuplicateRelation" duration-ms="1" started-at="2014-05-07T06:58:48Z" finished-at="2014-05-07T06:58:48Z">
          <reporter-output>
          </reporter-output>
        </test-method> <!-- testDuplicateRelation -->
        <test-method status="PASS" signature="setup()[pri:0, instance:com.facebook.presto.sql.analyzer.TestAnalyzer@6e47c1bf]" name="setup" is-config="true" duration-ms="13" started-at="2014-05-07T06:58:48Z" finished-at="2014-05-07T06:58:48Z">
          <reporter-output>
          </reporter-output>
        </test-method> <!-- setup -->
        <test-method status="PASS" signature="testDuplicateWithQuery()[pri:0, instance:com.facebook.presto.sql.analyzer.TestAnalyzer@6e47c1bf]" name="testDuplicateWithQuery" duration-ms="0" started-at="2014-05-07T06:58:48Z" finished-at="2014-05-07T06:58:48Z">
          <reporter-output>
          </reporter-output>
        </test-method> <!-- testDuplicateWithQuery -->
        <test-method status="PASS" signature="setup()[pri:0, instance:com.facebook.presto.sql.analyzer.TestAnalyzer@6e47c1bf]" name="setup" is-config="true" duration-ms="12" started-at="2014-05-07T06:58:48Z" finished-at="2014-05-07T06:58:48Z">
          <reporter-output>
          </reporter-output>
        </test-method> <!-- setup -->
        <test-method status="PASS" signature="testExpressions()[pri:0, instance:com.facebook.presto.sql.analyzer.TestAnalyzer@6e47c1bf]" name="testExpressions" duration-ms="12" started-at="2014-05-07T06:58:48Z" finished-at="2014-05-07T06:58:48Z">
          <reporter-output>
          </reporter-output>
        </test-method> <!-- testExpressions -->
        <test-method status="PASS" signature="setup()[pri:0, instance:com.facebook.presto.sql.analyzer.TestAnalyzer@6e47c1bf]" name="setup" is-config="true" duration-ms="12" started-at="2014-05-07T06:58:48Z" finished-at="2014-05-07T06:58:48Z">
          <reporter-output>
          </reporter-output>
        </test-method> <!-- setup -->
        <test-method status="PASS" signature="testGroupBy()[pri:0, instance:com.facebook.presto.sql.analyzer.TestAnalyzer@6e47c1bf]" name="testGroupBy" duration-ms="1" started-at="2014-05-07T06:58:48Z" finished-at="2014-05-07T06:58:48Z">
          <reporter-output>
          </reporter-output>
        </test-method> <!-- testGroupBy -->
        <test-method status="PASS" signature="setup()[pri:0, instance:com.facebook.presto.sql.analyzer.TestAnalyzer@6e47c1bf]" name="setup" is-config="true" duration-ms="12" started-at="2014-05-07T06:58:48Z" finished-at="2014-05-07T06:58:48Z">
          <reporter-output>
          </reporter-output>
        </test-method> <!-- setup -->
        <test-method status="PASS" signature="testGroupByCase()[pri:0, instance:com.facebook.presto.sql.analyzer.TestAnalyzer@6e47c1bf]" name="testGroupByCase" duration-ms="5" started-at="2014-05-07T06:58:48Z" finished-at="2014-05-07T06:58:48Z">
          <reporter-output>
          </reporter-output>
        </test-method> <!-- testGroupByCase -->
        <test-method status="PASS" signature="setup()[pri:0, instance:com.facebook.presto.sql.analyzer.TestAnalyzer@6e47c1bf]" name="setup" is-config="true" duration-ms="12" started-at="2014-05-07T06:58:48Z" finished-at="2014-05-07T06:58:48Z">
          <reporter-output>
          </reporter-output>
        </test-method> <!-- setup -->
        <test-method status="PASS" signature="testGroupByComplexExpressions()[pri:0, instance:com.facebook.presto.sql.analyzer.TestAnalyzer@6e47c1bf]" name="testGroupByComplexExpressions" duration-ms="3" started-at="2014-05-07T06:58:48Z" finished-at="2014-05-07T06:58:48Z">
          <reporter-output>
          </reporter-output>
        </test-method> <!-- testGroupByComplexExpressions -->
        <test-method status="PASS" signature="setup()[pri:0, instance:com.facebook.presto.sql.analyzer.TestAnalyzer@6e47c1bf]" name="setup" is-config="true" duration-ms="13" started-at="2014-05-07T06:58:48Z" finished-at="2014-05-07T06:58:48Z">
          <reporter-output>
          </reporter-output>
        </test-method> <!-- setup -->
        <test-method status="PASS" signature="testGroupByInvalidOrdinal()[pri:0, instance:com.facebook.presto.sql.analyzer.TestAnalyzer@6e47c1bf]" name="testGroupByInvalidOrdinal" duration-ms="1" started-at="2014-05-07T06:58:48Z" finished-at="2014-05-07T06:58:48Z">
          <reporter-output>
          </reporter-output>
        </test-method> <!-- testGroupByInvalidOrdinal -->
        <test-method status="PASS" signature="setup()[pri:0, instance:com.facebook.presto.sql.analyzer.TestAnalyzer@6e47c1bf]" name="setup" is-config="true" duration-ms="12" started-at="2014-05-07T06:58:48Z" finished-at="2014-05-07T06:58:48Z">
          <reporter-output>
          </reporter-output>
        </test-method> <!-- setup -->
        <test-method status="PASS" signature="testGroupByOrdinalsWithWildcard()[pri:0, instance:com.facebook.presto.sql.analyzer.TestAnalyzer@6e47c1bf]" name="testGroupByOrdinalsWithWildcard" duration-ms="1" started-at="2014-05-07T06:58:48Z" finished-at="2014-05-07T06:58:48Z">
          <reporter-output>
          </reporter-output>
        </test-method> <!-- testGroupByOrdinalsWithWildcard -->
        <test-method status="PASS" signature="setup()[pri:0, instance:com.facebook.presto.sql.analyzer.TestAnalyzer@6e47c1bf]" name="setup" is-config="true" duration-ms="13" started-at="2014-05-07T06:58:48Z" finished-at="2014-05-07T06:58:48Z">
          <reporter-output>
          </reporter-output>
        </test-method> <!-- setup -->
        <test-method status="PASS" signature="testGroupByWithQualifiedName()[pri:0, instance:com.facebook.presto.sql.analyzer.TestAnalyzer@6e47c1bf]" name="testGroupByWithQualifiedName" duration-ms="0" started-at="2014-05-07T06:58:48Z" finished-at="2014-05-07T06:58:48Z">
          <reporter-output>
          </reporter-output>
        </test-method> <!-- testGroupByWithQualifiedName -->
        <test-method status="PASS" signature="setup()[pri:0, instance:com.facebook.presto.sql.analyzer.TestAnalyzer@6e47c1bf]" name="setup" is-config="true" duration-ms="12" started-at="2014-05-07T06:58:48Z" finished-at="2014-05-07T06:58:48Z">
          <reporter-output>
          </reporter-output>
        </test-method> <!-- setup -->
        <test-method status="PASS" signature="testGroupByWithQualifiedName2()[pri:0, instance:com.facebook.presto.sql.analyzer.TestAnalyzer@6e47c1bf]" name="testGroupByWithQualifiedName2" duration-ms="0" started-at="2014-05-07T06:58:48Z" finished-at="2014-05-07T06:58:48Z">
          <reporter-output>
          </reporter-output>
        </test-method> <!-- testGroupByWithQualifiedName2 -->
        <test-method status="PASS" signature="setup()[pri:0, instance:com.facebook.presto.sql.analyzer.TestAnalyzer@6e47c1bf]" name="setup" is-config="true" duration-ms="13" started-at="2014-05-07T06:58:48Z" finished-at="2014-05-07T06:58:48Z">
          <reporter-output>
          </reporter-output>
        </test-method> <!-- setup -->
        <test-method status="PASS" signature="testGroupByWithQualifiedName3()[pri:0, instance:com.facebook.presto.sql.analyzer.TestAnalyzer@6e47c1bf]" name="testGroupByWithQualifiedName3" duration-ms="1" started-at="2014-05-07T06:58:48Z" finished-at="2014-05-07T06:58:48Z">
          <reporter-output>
          </reporter-output>
        </test-method> <!-- testGroupByWithQualifiedName3 -->
        <test-method status="PASS" signature="setup()[pri:0, instance:com.facebook.presto.sql.analyzer.TestAnalyzer@6e47c1bf]" name="setup" is-config="true" duration-ms="12" started-at="2014-05-07T06:58:48Z" finished-at="2014-05-07T06:58:48Z">
          <reporter-output>
          </reporter-output>
        </test-method> <!-- setup -->
        <test-method status="PASS" signature="testGroupByWithWildcard()[pri:0, instance:com.facebook.presto.sql.analyzer.TestAnalyzer@6e47c1bf]" name="testGroupByWithWildcard" duration-ms="2" started-at="2014-05-07T06:58:48Z" finished-at="2014-05-07T06:58:48Z">
          <reporter-output>
          </reporter-output>
        </test-method> <!-- testGroupByWithWildcard -->
        <test-method status="PASS" signature="setup()[pri:0, instance:com.facebook.presto.sql.analyzer.TestAnalyzer@6e47c1bf]" name="setup" is-config="true" duration-ms="12" started-at="2014-05-07T06:58:48Z" finished-at="2014-05-07T06:58:48Z">
          <reporter-output>
          </reporter-output>
        </test-method> <!-- setup -->
        <test-method status="PASS" signature="testHaving()[pri:0, instance:com.facebook.presto.sql.analyzer.TestAnalyzer@6e47c1bf]" name="testHaving" duration-ms="1" started-at="2014-05-07T06:58:48Z" finished-at="2014-05-07T06:58:48Z">
          <reporter-output>
          </reporter-output>
        </test-method> <!-- testHaving -->
        <test-method status="PASS" signature="setup()[pri:0, instance:com.facebook.presto.sql.analyzer.TestAnalyzer@6e47c1bf]" name="setup" is-config="true" duration-ms="11" started-at="2014-05-07T06:58:48Z" finished-at="2014-05-07T06:58:49Z">
          <reporter-output>
          </reporter-output>
        </test-method> <!-- setup -->
        <test-method status="PASS" signature="testHavingReferencesOutputAlias()[pri:0, instance:com.facebook.presto.sql.analyzer.TestAnalyzer@6e47c1bf]" name="testHavingReferencesOutputAlias" duration-ms="1" started-at="2014-05-07T06:58:49Z" finished-at="2014-05-07T06:58:49Z">
          <reporter-output>
          </reporter-output>
        </test-method> <!-- testHavingReferencesOutputAlias -->
        <test-method status="PASS" signature="setup()[pri:0, instance:com.facebook.presto.sql.analyzer.TestAnalyzer@6e47c1bf]" name="setup" is-config="true" duration-ms="11" started-at="2014-05-07T06:58:49Z" finished-at="2014-05-07T06:58:49Z">
          <reporter-output>
          </reporter-output>
        </test-method> <!-- setup -->
        <test-method status="PASS" signature="testInvalidAttribute()[pri:0, instance:com.facebook.presto.sql.analyzer.TestAnalyzer@6e47c1bf]" name="testInvalidAttribute" duration-ms="1" started-at="2014-05-07T06:58:49Z" finished-at="2014-05-07T06:58:49Z">
          <reporter-output>
          </reporter-output>
        </test-method> <!-- testInvalidAttribute -->
        <test-method status="PASS" signature="setup()[pri:0, instance:com.facebook.presto.sql.analyzer.TestAnalyzer@6e47c1bf]" name="setup" is-config="true" duration-ms="11" started-at="2014-05-07T06:58:49Z" finished-at="2014-05-07T06:58:49Z">
          <reporter-output>
          </reporter-output>
        </test-method> <!-- setup -->
        <test-method status="PASS" signature="testInvalidTable()[pri:0, instance:com.facebook.presto.sql.analyzer.TestAnalyzer@6e47c1bf]" name="testInvalidTable" duration-ms="1" started-at="2014-05-07T06:58:49Z" finished-at="2014-05-07T06:58:49Z">
          <reporter-output>
          </reporter-output>
        </test-method> <!-- testInvalidTable -->
        <test-method status="PASS" signature="setup()[pri:0, instance:com.facebook.presto.sql.analyzer.TestAnalyzer@6e47c1bf]" name="setup" is-config="true" duration-ms="11" started-at="2014-05-07T06:58:49Z" finished-at="2014-05-07T06:58:49Z">
          <reporter-output>
          </reporter-output>
        </test-method> <!-- setup -->
        <test-method status="PASS" signature="testJoinOnAmbiguousName()[pri:0, instance:com.facebook.presto.sql.analyzer.TestAnalyzer@6e47c1bf]" name="testJoinOnAmbiguousName" duration-ms="1" started-at="2014-05-07T06:58:49Z" finished-at="2014-05-07T06:58:49Z">
          <reporter-output>
          </reporter-output>
        </test-method> <!-- testJoinOnAmbiguousName -->
        <test-method status="PASS" signature="setup()[pri:0, instance:com.facebook.presto.sql.analyzer.TestAnalyzer@6e47c1bf]" name="setup" is-config="true" duration-ms="10" started-at="2014-05-07T06:58:49Z" finished-at="2014-05-07T06:58:49Z">
          <reporter-output>
          </reporter-output>
        </test-method> <!-- setup -->
        <test-method status="PASS" signature="testJoinOnConstantExpression()[pri:0, instance:com.facebook.presto.sql.analyzer.TestAnalyzer@6e47c1bf]" name="testJoinOnConstantExpression" duration-ms="1" started-at="2014-05-07T06:58:49Z" finished-at="2014-05-07T06:58:49Z">
          <reporter-output>
          </reporter-output>
        </test-method> <!-- testJoinOnConstantExpression -->
        <test-method status="PASS" signature="setup()[pri:0, instance:com.facebook.presto.sql.analyzer.TestAnalyzer@6e47c1bf]" name="setup" is-config="true" duration-ms="10" started-at="2014-05-07T06:58:49Z" finished-at="2014-05-07T06:58:49Z">
          <reporter-output>
          </reporter-output>
        </test-method> <!-- setup -->
        <test-method status="PASS" signature="testMismatchedColumnAliasCount()[pri:0, instance:com.facebook.presto.sql.analyzer.TestAnalyzer@6e47c1bf]" name="testMismatchedColumnAliasCount" duration-ms="1" started-at="2014-05-07T06:58:49Z" finished-at="2014-05-07T06:58:49Z">
          <reporter-output>
          </reporter-output>
        </test-method> <!-- testMismatchedColumnAliasCount -->
        <test-method status="PASS" signature="setup()[pri:0, instance:com.facebook.presto.sql.analyzer.TestAnalyzer@6e47c1bf]" name="setup" is-config="true" duration-ms="10" started-at="2014-05-07T06:58:49Z" finished-at="2014-05-07T06:58:49Z">
          <reporter-output>
          </reporter-output>
        </test-method> <!-- setup -->
        <test-method status="PASS" signature="testMismatchedUnionQueries()[pri:0, instance:com.facebook.presto.sql.analyzer.TestAnalyzer@6e47c1bf]" name="testMismatchedUnionQueries" duration-ms="2" started-at="2014-05-07T06:58:49Z" finished-at="2014-05-07T06:58:49Z">
          <reporter-output>
          </reporter-output>
        </test-method> <!-- testMismatchedUnionQueries -->
        <test-method status="PASS" signature="setup()[pri:0, instance:com.facebook.presto.sql.analyzer.TestAnalyzer@6e47c1bf]" name="setup" is-config="true" duration-ms="10" started-at="2014-05-07T06:58:49Z" finished-at="2014-05-07T06:58:49Z">
          <reporter-output>
          </reporter-output>
        </test-method> <!-- setup -->
        <test-method status="PASS" signature="testNaturalJoinNotSupported()[pri:0, instance:com.facebook.presto.sql.analyzer.TestAnalyzer@6e47c1bf]" name="testNaturalJoinNotSupported" duration-ms="1" started-at="2014-05-07T06:58:49Z" finished-at="2014-05-07T06:58:49Z">
          <reporter-output>
          </reporter-output>
        </test-method> <!-- testNaturalJoinNotSupported -->
        <test-method status="PASS" signature="setup()[pri:0, instance:com.facebook.presto.sql.analyzer.TestAnalyzer@6e47c1bf]" name="setup" is-config="true" duration-ms="10" started-at="2014-05-07T06:58:49Z" finished-at="2014-05-07T06:58:49Z">
          <reporter-output>
          </reporter-output>
        </test-method> <!-- setup -->
        <test-method status="PASS" signature="testNestedAggregation()[pri:0, instance:com.facebook.presto.sql.analyzer.TestAnalyzer@6e47c1bf]" name="testNestedAggregation" duration-ms="0" started-at="2014-05-07T06:58:49Z" finished-at="2014-05-07T06:58:49Z">
          <reporter-output>
          </reporter-output>
        </test-method> <!-- testNestedAggregation -->
        <test-method status="PASS" signature="setup()[pri:0, instance:com.facebook.presto.sql.analyzer.TestAnalyzer@6e47c1bf]" name="setup" is-config="true" duration-ms="9" started-at="2014-05-07T06:58:49Z" finished-at="2014-05-07T06:58:49Z">
          <reporter-output>
          </reporter-output>
        </test-method> <!-- setup -->
        <test-method status="PASS" signature="testNestedWindowFunctions()[pri:0, instance:com.facebook.presto.sql.analyzer.TestAnalyzer@6e47c1bf]" name="testNestedWindowFunctions" duration-ms="4" started-at="2014-05-07T06:58:49Z" finished-at="2014-05-07T06:58:49Z">
          <reporter-output>
          </reporter-output>
        </test-method> <!-- testNestedWindowFunctions -->
        <test-method status="PASS" signature="setup()[pri:0, instance:com.facebook.presto.sql.analyzer.TestAnalyzer@6e47c1bf]" name="setup" is-config="true" duration-ms="10" started-at="2014-05-07T06:58:49Z" finished-at="2014-05-07T06:58:49Z">
          <reporter-output>
          </reporter-output>
        </test-method> <!-- setup -->
        <test-method status="PASS" signature="testNonAggregate()[pri:0, instance:com.facebook.presto.sql.analyzer.TestAnalyzer@6e47c1bf]" name="testNonAggregate" duration-ms="9" started-at="2014-05-07T06:58:49Z" finished-at="2014-05-07T06:58:49Z">
          <reporter-output>
          </reporter-output>
        </test-method> <!-- testNonAggregate -->
        <test-method status="PASS" signature="setup()[pri:0, instance:com.facebook.presto.sql.analyzer.TestAnalyzer@6e47c1bf]" name="setup" is-config="true" duration-ms="11" started-at="2014-05-07T06:58:49Z" finished-at="2014-05-07T06:58:49Z">
          <reporter-output>
          </reporter-output>
        </test-method> <!-- setup -->
        <test-method status="PASS" signature="testNonBooleanHaving()[pri:0, instance:com.facebook.presto.sql.analyzer.TestAnalyzer@6e47c1bf]" name="testNonBooleanHaving" duration-ms="0" started-at="2014-05-07T06:58:49Z" finished-at="2014-05-07T06:58:49Z">
          <reporter-output>
          </reporter-output>
        </test-method> <!-- testNonBooleanHaving -->
        <test-method status="PASS" signature="setup()[pri:0, instance:com.facebook.presto.sql.analyzer.TestAnalyzer@6e47c1bf]" name="setup" is-config="true" duration-ms="11" started-at="2014-05-07T06:58:49Z" finished-at="2014-05-07T06:58:49Z">
          <reporter-output>
          </reporter-output>
        </test-method> <!-- setup -->
        <test-method status="PASS" signature="testNonBooleanWhereClause()[pri:0, instance:com.facebook.presto.sql.analyzer.TestAnalyzer@6e47c1bf]" name="testNonBooleanWhereClause" duration-ms="0" started-at="2014-05-07T06:58:49Z" finished-at="2014-05-07T06:58:49Z">
          <reporter-output>
          </reporter-output>
        </test-method> <!-- testNonBooleanWhereClause -->
        <test-method status="PASS" signature="setup()[pri:0, instance:com.facebook.presto.sql.analyzer.TestAnalyzer@6e47c1bf]" name="setup" is-config="true" duration-ms="11" started-at="2014-05-07T06:58:49Z" finished-at="2014-05-07T06:58:49Z">
          <reporter-output>
          </reporter-output>
        </test-method> <!-- setup -->
        <test-method status="PASS" signature="testNonEquiJoin()[pri:0, instance:com.facebook.presto.sql.analyzer.TestAnalyzer@6e47c1bf]" name="testNonEquiJoin" duration-ms="2" started-at="2014-05-07T06:58:49Z" finished-at="2014-05-07T06:58:49Z">
          <reporter-output>
          </reporter-output>
        </test-method> <!-- testNonEquiJoin -->
        <test-method status="PASS" signature="setup()[pri:0, instance:com.facebook.presto.sql.analyzer.TestAnalyzer@6e47c1bf]" name="setup" is-config="true" duration-ms="11" started-at="2014-05-07T06:58:49Z" finished-at="2014-05-07T06:58:49Z">
          <reporter-output>
          </reporter-output>
        </test-method> <!-- setup -->
        <test-method status="PASS" signature="testNonNumericTableSamplePercentage()[pri:0, instance:com.facebook.presto.sql.analyzer.TestAnalyzer@6e47c1bf]" name="testNonNumericTableSamplePercentage" duration-ms="0" started-at="2014-05-07T06:58:49Z" finished-at="2014-05-07T06:58:49Z">
          <reporter-output>
          </reporter-output>
        </test-method> <!-- testNonNumericTableSamplePercentage -->
        <test-method status="PASS" signature="setup()[pri:0, instance:com.facebook.presto.sql.analyzer.TestAnalyzer@6e47c1bf]" name="setup" is-config="true" duration-ms="8" started-at="2014-05-07T06:58:49Z" finished-at="2014-05-07T06:58:49Z">
          <reporter-output>
          </reporter-output>
        </test-method> <!-- setup -->
        <test-method status="PASS" signature="testOrderByExpressionOnOutputColumn()[pri:0, instance:com.facebook.presto.sql.analyzer.TestAnalyzer@6e47c1bf]" name="testOrderByExpressionOnOutputColumn" duration-ms="1" started-at="2014-05-07T06:58:49Z" finished-at="2014-05-07T06:58:49Z">
          <reporter-output>
          </reporter-output>
        </test-method> <!-- testOrderByExpressionOnOutputColumn -->
        <test-method status="PASS" signature="setup()[pri:0, instance:com.facebook.presto.sql.analyzer.TestAnalyzer@6e47c1bf]" name="setup" is-config="true" duration-ms="9" started-at="2014-05-07T06:58:49Z" finished-at="2014-05-07T06:58:49Z">
          <reporter-output>
          </reporter-output>
        </test-method> <!-- setup -->
        <test-method status="PASS" signature="testOrderByExpressionOnOutputColumn2()[pri:0, instance:com.facebook.presto.sql.analyzer.TestAnalyzer@6e47c1bf]" name="testOrderByExpressionOnOutputColumn2" duration-ms="0" started-at="2014-05-07T06:58:49Z" finished-at="2014-05-07T06:58:49Z">
          <reporter-output>
          </reporter-output>
        </test-method> <!-- testOrderByExpressionOnOutputColumn2 -->
        <test-method status="PASS" signature="setup()[pri:0, instance:com.facebook.presto.sql.analyzer.TestAnalyzer@6e47c1bf]" name="setup" is-config="true" duration-ms="8" started-at="2014-05-07T06:58:49Z" finished-at="2014-05-07T06:58:49Z">
          <reporter-output>
          </reporter-output>
        </test-method> <!-- setup -->
        <test-method status="PASS" signature="testOrderByInvalidOrdinal()[pri:0, instance:com.facebook.presto.sql.analyzer.TestAnalyzer@6e47c1bf]" name="testOrderByInvalidOrdinal" duration-ms="1" started-at="2014-05-07T06:58:49Z" finished-at="2014-05-07T06:58:49Z">
          <reporter-output>
          </reporter-output>
        </test-method> <!-- testOrderByInvalidOrdinal -->
        <test-method status="PASS" signature="setup()[pri:0, instance:com.facebook.presto.sql.analyzer.TestAnalyzer@6e47c1bf]" name="setup" is-config="true" duration-ms="8" started-at="2014-05-07T06:58:49Z" finished-at="2014-05-07T06:58:49Z">
          <reporter-output>
          </reporter-output>
        </test-method> <!-- setup -->
        <test-method status="PASS" signature="testOrderByMustAppearInSelectWithDistinct()[pri:0, instance:com.facebook.presto.sql.analyzer.TestAnalyzer@6e47c1bf]" name="testOrderByMustAppearInSelectWithDistinct" duration-ms="0" started-at="2014-05-07T06:58:49Z" finished-at="2014-05-07T06:58:49Z">
          <reporter-output>
          </reporter-output>
        </test-method> <!-- testOrderByMustAppearInSelectWithDistinct -->
        <test-method status="PASS" signature="setup()[pri:0, instance:com.facebook.presto.sql.analyzer.TestAnalyzer@6e47c1bf]" name="setup" is-config="true" duration-ms="8" started-at="2014-05-07T06:58:49Z" finished-at="2014-05-07T06:58:49Z">
          <reporter-output>
          </reporter-output>
        </test-method> <!-- setup -->
        <test-method status="PASS" signature="testOrderByWithWildcard()[pri:0, instance:com.facebook.presto.sql.analyzer.TestAnalyzer@6e47c1bf]" name="testOrderByWithWildcard" duration-ms="0" started-at="2014-05-07T06:58:49Z" finished-at="2014-05-07T06:58:49Z">
          <reporter-output>
          </reporter-output>
        </test-method> <!-- testOrderByWithWildcard -->
        <test-method status="PASS" signature="setup()[pri:0, instance:com.facebook.presto.sql.analyzer.TestAnalyzer@6e47c1bf]" name="setup" is-config="true" duration-ms="8" started-at="2014-05-07T06:58:49Z" finished-at="2014-05-07T06:58:49Z">
          <reporter-output>
          </reporter-output>
        </test-method> <!-- setup -->
        <test-method status="PASS" signature="testReferenceWithoutFrom()[pri:0, instance:com.facebook.presto.sql.analyzer.TestAnalyzer@6e47c1bf]" name="testReferenceWithoutFrom" duration-ms="1" started-at="2014-05-07T06:58:49Z" finished-at="2014-05-07T06:58:49Z">
          <reporter-output>
          </reporter-output>
        </test-method> <!-- testReferenceWithoutFrom -->
        <test-method status="PASS" signature="setup()[pri:0, instance:com.facebook.presto.sql.analyzer.TestAnalyzer@6e47c1bf]" name="setup" is-config="true" duration-ms="7" started-at="2014-05-07T06:58:49Z" finished-at="2014-05-07T06:58:49Z">
          <reporter-output>
          </reporter-output>
        </test-method> <!-- setup -->
        <test-method status="PASS" signature="testTableSampleOutOfRange()[pri:0, instance:com.facebook.presto.sql.analyzer.TestAnalyzer@6e47c1bf]" name="testTableSampleOutOfRange" duration-ms="1" started-at="2014-05-07T06:58:49Z" finished-at="2014-05-07T06:58:49Z">
          <reporter-output>
          </reporter-output>
        </test-method> <!-- testTableSampleOutOfRange -->
        <test-method status="PASS" signature="setup()[pri:0, instance:com.facebook.presto.sql.analyzer.TestAnalyzer@6e47c1bf]" name="setup" is-config="true" duration-ms="8" started-at="2014-05-07T06:58:49Z" finished-at="2014-05-07T06:58:49Z">
          <reporter-output>
          </reporter-output>
        </test-method> <!-- setup -->
        <test-method status="PASS" signature="testUnionUnmatchedOrderByAttribute()[pri:0, instance:com.facebook.presto.sql.analyzer.TestAnalyzer@6e47c1bf]" name="testUnionUnmatchedOrderByAttribute" duration-ms="0" started-at="2014-05-07T06:58:49Z" finished-at="2014-05-07T06:58:49Z">
          <reporter-output>
          </reporter-output>
        </test-method> <!-- testUnionUnmatchedOrderByAttribute -->
        <test-method status="PASS" signature="setup()[pri:0, instance:com.facebook.presto.sql.analyzer.TestAnalyzer@6e47c1bf]" name="setup" is-config="true" duration-ms="7" started-at="2014-05-07T06:58:49Z" finished-at="2014-05-07T06:58:49Z">
          <reporter-output>
          </reporter-output>
        </test-method> <!-- setup -->
        <test-method status="PASS" signature="setup()[pri:0, instance:com.facebook.presto.sql.analyzer.TestAnalyzer@6e47c1bf]" name="setup" is-config="true" duration-ms="8" started-at="2014-05-07T06:58:49Z" finished-at="2014-05-07T06:58:49Z">
          <reporter-output>
          </reporter-output>
        </test-method> <!-- setup -->
        <test-method status="PASS" signature="testWildcardWithInvalidPrefix()[pri:0, instance:com.facebook.presto.sql.analyzer.TestAnalyzer@6e47c1bf]" name="testWildcardWithInvalidPrefix" duration-ms="0" started-at="2014-05-07T06:58:49Z" finished-at="2014-05-07T06:58:49Z">
          <reporter-output>
          </reporter-output>
        </test-method> <!-- testWildcardWithInvalidPrefix -->
        <test-method status="PASS" signature="testWildcardWithoutFrom()[pri:0, instance:com.facebook.presto.sql.analyzer.TestAnalyzer@6e47c1bf]" name="testWildcardWithoutFrom" duration-ms="0" started-at="2014-05-07T06:58:49Z" finished-at="2014-05-07T06:58:49Z">
          <reporter-output>
          </reporter-output>
        </test-method> <!-- testWildcardWithoutFrom -->
        <test-method status="PASS" signature="setup()[pri:0, instance:com.facebook.presto.sql.analyzer.TestAnalyzer@6e47c1bf]" name="setup" is-config="true" duration-ms="7" started-at="2014-05-07T06:58:49Z" finished-at="2014-05-07T06:58:49Z">
          <reporter-output>
          </reporter-output>
        </test-method> <!-- setup -->
        <test-method status="PASS" signature="testWindowFrameNotSupported()[pri:0, instance:com.facebook.presto.sql.analyzer.TestAnalyzer@6e47c1bf]" name="testWindowFrameNotSupported" duration-ms="1" started-at="2014-05-07T06:58:49Z" finished-at="2014-05-07T06:58:49Z">
          <reporter-output>
          </reporter-output>
        </test-method> <!-- testWindowFrameNotSupported -->
        <test-method status="PASS" signature="setup()[pri:0, instance:com.facebook.presto.sql.analyzer.TestAnalyzer@6e47c1bf]" name="setup" is-config="true" duration-ms="7" started-at="2014-05-07T06:58:49Z" finished-at="2014-05-07T06:58:49Z">
          <reporter-output>
          </reporter-output>
        </test-method> <!-- setup -->
        <test-method status="PASS" signature="testWindowsNotAllowed()[pri:0, instance:com.facebook.presto.sql.analyzer.TestAnalyzer@6e47c1bf]" name="testWindowsNotAllowed" duration-ms="1" started-at="2014-05-07T06:58:49Z" finished-at="2014-05-07T06:58:49Z">
          <reporter-output>
          </reporter-output>
        </test-method> <!-- testWindowsNotAllowed -->
        <test-method status="PASS" signature="setup()[pri:0, instance:com.facebook.presto.sql.analyzer.TestAnalyzer@6e47c1bf]" name="setup" is-config="true" duration-ms="7" started-at="2014-05-07T06:58:49Z" finished-at="2014-05-07T06:58:49Z">
          <reporter-output>
          </reporter-output>
        </test-method> <!-- setup -->
        <test-method status="PASS" signature="testWithForwardReference()[pri:0, instance:com.facebook.presto.sql.analyzer.TestAnalyzer@6e47c1bf]" name="testWithForwardReference" duration-ms="1" started-at="2014-05-07T06:58:49Z" finished-at="2014-05-07T06:58:49Z">
          <reporter-output>
          </reporter-output>
        </test-method> <!-- testWithForwardReference -->
      </class> <!-- com.facebook.presto.sql.analyzer.TestAnalyzer -->
      <class name="com.facebook.presto.sql.planner.TestEqualityInference">
        <test-method status="PASS" signature="testConstantEqualities()[pri:0, instance:com.facebook.presto.sql.planner.TestEqualityInference@223dd6aa]" name="testConstantEqualities" duration-ms="0" started-at="2014-05-07T06:59:09Z" finished-at="2014-05-07T06:59:09Z">
          <reporter-output>
          </reporter-output>
        </test-method> <!-- testConstantEqualities -->
        <test-method status="PASS" signature="testEqualityPartitionGeneration()[pri:0, instance:com.facebook.presto.sql.planner.TestEqualityInference@223dd6aa]" name="testEqualityPartitionGeneration" duration-ms="3" started-at="2014-05-07T06:59:09Z" finished-at="2014-05-07T06:59:09Z">
          <reporter-output>
          </reporter-output>
        </test-method> <!-- testEqualityPartitionGeneration -->
        <test-method status="PASS" signature="testExtractInferrableEqualities()[pri:0, instance:com.facebook.presto.sql.planner.TestEqualityInference@223dd6aa]" name="testExtractInferrableEqualities" duration-ms="0" started-at="2014-05-07T06:59:09Z" finished-at="2014-05-07T06:59:09Z">
          <reporter-output>
          </reporter-output>
        </test-method> <!-- testExtractInferrableEqualities -->
        <test-method status="PASS" signature="testInvalidEqualityExpression2()[pri:0, instance:com.facebook.presto.sql.planner.TestEqualityInference@223dd6aa]" name="testInvalidEqualityExpression2" duration-ms="1" started-at="2014-05-07T06:59:09Z" finished-at="2014-05-07T06:59:09Z">
          <exception class="java.lang.IllegalArgumentException">
            <message>
              <![CDATA[Expression must be a simple equality: ("a1" > "b1")]]>
            </message>
            <full-stacktrace>
              <![CDATA[java.lang.IllegalArgumentException: Expression must be a simple equality: ("a1" > "b1")
	at com.google.common.base.Preconditions.checkArgument(Preconditions.java:93)
	at com.facebook.presto.sql.planner.EqualityInference$Builder.addEquality(EqualityInference.java:341)
	at com.facebook.presto.sql.planner.TestEqualityInference.testInvalidEqualityExpression2(TestEqualityInference.java:132)
	at sun.reflect.NativeMethodAccessorImpl.invoke0(Native Method)
	at sun.reflect.NativeMethodAccessorImpl.invoke(NativeMethodAccessorImpl.java:57)
	at sun.reflect.DelegatingMethodAccessorImpl.invoke(DelegatingMethodAccessorImpl.java:43)
	at java.lang.reflect.Method.invoke(Method.java:601)
	at org.testng.internal.MethodInvocationHelper.invokeMethod(MethodInvocationHelper.java:80)
	at org.testng.internal.Invoker.invokeMethod(Invoker.java:714)
	at org.testng.internal.Invoker.invokeTestMethod(Invoker.java:901)
	at org.testng.internal.Invoker.invokeTestMethods(Invoker.java:1231)
	at org.testng.internal.TestMethodWorker.invokeTestMethods(TestMethodWorker.java:127)
	at org.testng.internal.TestMethodWorker.run(TestMethodWorker.java:111)
	at org.testng.TestRunner.privateRun(TestRunner.java:767)
	at org.testng.TestRunner.run(TestRunner.java:617)
	at org.testng.SuiteRunner.runTest(SuiteRunner.java:334)
	at org.testng.SuiteRunner.runSequentially(SuiteRunner.java:329)
	at org.testng.SuiteRunner.privateRun(SuiteRunner.java:291)
	at org.testng.SuiteRunner.run(SuiteRunner.java:240)
	at org.testng.SuiteRunnerWorker.runSuite(SuiteRunnerWorker.java:52)
	at org.testng.SuiteRunnerWorker.run(SuiteRunnerWorker.java:86)
	at org.testng.TestNG.runSuitesSequentially(TestNG.java:1198)
	at org.testng.TestNG.runSuitesLocally(TestNG.java:1123)
	at org.testng.TestNG.run(TestNG.java:1031)
	at org.apache.maven.surefire.testng.TestNGExecutor.run(TestNGExecutor.java:77)
	at org.apache.maven.surefire.testng.TestNGDirectoryTestSuite.executeMulti(TestNGDirectoryTestSuite.java:189)
	at org.apache.maven.surefire.testng.TestNGDirectoryTestSuite.execute(TestNGDirectoryTestSuite.java:105)
	at org.apache.maven.surefire.testng.TestNGProvider.invoke(TestNGProvider.java:117)
	at sun.reflect.NativeMethodAccessorImpl.invoke0(Native Method)
	at sun.reflect.NativeMethodAccessorImpl.invoke(NativeMethodAccessorImpl.java:57)
	at sun.reflect.DelegatingMethodAccessorImpl.invoke(DelegatingMethodAccessorImpl.java:43)
	at java.lang.reflect.Method.invoke(Method.java:601)
	at org.apache.maven.surefire.util.ReflectionUtils.invokeMethodWithArray2(ReflectionUtils.java:208)
	at org.apache.maven.surefire.booter.ProviderFactory$ProviderProxy.invoke(ProviderFactory.java:158)
	at org.apache.maven.surefire.booter.ProviderFactory.invokeProvider(ProviderFactory.java:86)
	at org.apache.maven.surefire.booter.ForkedBooter.runSuitesInProcess(ForkedBooter.java:153)
	at org.apache.maven.surefire.booter.ForkedBooter.main(ForkedBooter.java:95)
]]>
            </full-stacktrace>
          </exception> <!-- java.lang.IllegalArgumentException -->
          <reporter-output>
          </reporter-output>
        </test-method> <!-- testInvalidEqualityExpression2 -->
        <test-method status="PASS" signature="testInvalidEqualityExpression1()[pri:0, instance:com.facebook.presto.sql.planner.TestEqualityInference@223dd6aa]" name="testInvalidEqualityExpression1" duration-ms="0" started-at="2014-05-07T06:59:09Z" finished-at="2014-05-07T06:59:09Z">
          <exception class="java.lang.IllegalArgumentException">
            <message>
              <![CDATA[Expression must be a simple equality: ("a1" = "a1")]]>
            </message>
            <full-stacktrace>
              <![CDATA[java.lang.IllegalArgumentException: Expression must be a simple equality: ("a1" = "a1")
	at com.google.common.base.Preconditions.checkArgument(Preconditions.java:93)
	at com.facebook.presto.sql.planner.EqualityInference$Builder.addEquality(EqualityInference.java:341)
	at com.facebook.presto.sql.planner.TestEqualityInference.testInvalidEqualityExpression1(TestEqualityInference.java:124)
	at sun.reflect.NativeMethodAccessorImpl.invoke0(Native Method)
	at sun.reflect.NativeMethodAccessorImpl.invoke(NativeMethodAccessorImpl.java:57)
	at sun.reflect.DelegatingMethodAccessorImpl.invoke(DelegatingMethodAccessorImpl.java:43)
	at java.lang.reflect.Method.invoke(Method.java:601)
	at org.testng.internal.MethodInvocationHelper.invokeMethod(MethodInvocationHelper.java:80)
	at org.testng.internal.Invoker.invokeMethod(Invoker.java:714)
	at org.testng.internal.Invoker.invokeTestMethod(Invoker.java:901)
	at org.testng.internal.Invoker.invokeTestMethods(Invoker.java:1231)
	at org.testng.internal.TestMethodWorker.invokeTestMethods(TestMethodWorker.java:127)
	at org.testng.internal.TestMethodWorker.run(TestMethodWorker.java:111)
	at org.testng.TestRunner.privateRun(TestRunner.java:767)
	at org.testng.TestRunner.run(TestRunner.java:617)
	at org.testng.SuiteRunner.runTest(SuiteRunner.java:334)
	at org.testng.SuiteRunner.runSequentially(SuiteRunner.java:329)
	at org.testng.SuiteRunner.privateRun(SuiteRunner.java:291)
	at org.testng.SuiteRunner.run(SuiteRunner.java:240)
	at org.testng.SuiteRunnerWorker.runSuite(SuiteRunnerWorker.java:52)
	at org.testng.SuiteRunnerWorker.run(SuiteRunnerWorker.java:86)
	at org.testng.TestNG.runSuitesSequentially(TestNG.java:1198)
	at org.testng.TestNG.runSuitesLocally(TestNG.java:1123)
	at org.testng.TestNG.run(TestNG.java:1031)
	at org.apache.maven.surefire.testng.TestNGExecutor.run(TestNGExecutor.java:77)
	at org.apache.maven.surefire.testng.TestNGDirectoryTestSuite.executeMulti(TestNGDirectoryTestSuite.java:189)
	at org.apache.maven.surefire.testng.TestNGDirectoryTestSuite.execute(TestNGDirectoryTestSuite.java:105)
	at org.apache.maven.surefire.testng.TestNGProvider.invoke(TestNGProvider.java:117)
	at sun.reflect.NativeMethodAccessorImpl.invoke0(Native Method)
	at sun.reflect.NativeMethodAccessorImpl.invoke(NativeMethodAccessorImpl.java:57)
	at sun.reflect.DelegatingMethodAccessorImpl.invoke(DelegatingMethodAccessorImpl.java:43)
	at java.lang.reflect.Method.invoke(Method.java:601)
	at org.apache.maven.surefire.util.ReflectionUtils.invokeMethodWithArray2(ReflectionUtils.java:208)
	at org.apache.maven.surefire.booter.ProviderFactory$ProviderProxy.invoke(ProviderFactory.java:158)
	at org.apache.maven.surefire.booter.ProviderFactory.invokeProvider(ProviderFactory.java:86)
	at org.apache.maven.surefire.booter.ForkedBooter.runSuitesInProcess(ForkedBooter.java:153)
	at org.apache.maven.surefire.booter.ForkedBooter.main(ForkedBooter.java:95)
]]>
            </full-stacktrace>
          </exception> <!-- java.lang.IllegalArgumentException -->
          <reporter-output>
          </reporter-output>
        </test-method> <!-- testInvalidEqualityExpression1 -->
        <test-method status="PASS" signature="testInvalidEqualityExpression3()[pri:0, instance:com.facebook.presto.sql.planner.TestEqualityInference@223dd6aa]" name="testInvalidEqualityExpression3" duration-ms="0" started-at="2014-05-07T06:59:09Z" finished-at="2014-05-07T06:59:09Z">
          <exception class="java.lang.IllegalArgumentException">
            <message>
              <![CDATA[need to provide equality between different expressions]]>
            </message>
            <full-stacktrace>
              <![CDATA[java.lang.IllegalArgumentException: need to provide equality between different expressions
	at com.google.common.base.Preconditions.checkArgument(Preconditions.java:93)
	at com.facebook.presto.sql.planner.EqualityInference$Builder.addEquality(EqualityInference.java:350)
	at com.facebook.presto.sql.planner.TestEqualityInference.addEquality(TestEqualityInference.java:331)
	at com.facebook.presto.sql.planner.TestEqualityInference.testInvalidEqualityExpression3(TestEqualityInference.java:141)
	at sun.reflect.NativeMethodAccessorImpl.invoke0(Native Method)
	at sun.reflect.NativeMethodAccessorImpl.invoke(NativeMethodAccessorImpl.java:57)
	at sun.reflect.DelegatingMethodAccessorImpl.invoke(DelegatingMethodAccessorImpl.java:43)
	at java.lang.reflect.Method.invoke(Method.java:601)
	at org.testng.internal.MethodInvocationHelper.invokeMethod(MethodInvocationHelper.java:80)
	at org.testng.internal.Invoker.invokeMethod(Invoker.java:714)
	at org.testng.internal.Invoker.invokeTestMethod(Invoker.java:901)
	at org.testng.internal.Invoker.invokeTestMethods(Invoker.java:1231)
	at org.testng.internal.TestMethodWorker.invokeTestMethods(TestMethodWorker.java:127)
	at org.testng.internal.TestMethodWorker.run(TestMethodWorker.java:111)
	at org.testng.TestRunner.privateRun(TestRunner.java:767)
	at org.testng.TestRunner.run(TestRunner.java:617)
	at org.testng.SuiteRunner.runTest(SuiteRunner.java:334)
	at org.testng.SuiteRunner.runSequentially(SuiteRunner.java:329)
	at org.testng.SuiteRunner.privateRun(SuiteRunner.java:291)
	at org.testng.SuiteRunner.run(SuiteRunner.java:240)
	at org.testng.SuiteRunnerWorker.runSuite(SuiteRunnerWorker.java:52)
	at org.testng.SuiteRunnerWorker.run(SuiteRunnerWorker.java:86)
	at org.testng.TestNG.runSuitesSequentially(TestNG.java:1198)
	at org.testng.TestNG.runSuitesLocally(TestNG.java:1123)
	at org.testng.TestNG.run(TestNG.java:1031)
	at org.apache.maven.surefire.testng.TestNGExecutor.run(TestNGExecutor.java:77)
	at org.apache.maven.surefire.testng.TestNGDirectoryTestSuite.executeMulti(TestNGDirectoryTestSuite.java:189)
	at org.apache.maven.surefire.testng.TestNGDirectoryTestSuite.execute(TestNGDirectoryTestSuite.java:105)
	at org.apache.maven.surefire.testng.TestNGProvider.invoke(TestNGProvider.java:117)
	at sun.reflect.NativeMethodAccessorImpl.invoke0(Native Method)
	at sun.reflect.NativeMethodAccessorImpl.invoke(NativeMethodAccessorImpl.java:57)
	at sun.reflect.DelegatingMethodAccessorImpl.invoke(DelegatingMethodAccessorImpl.java:43)
	at java.lang.reflect.Method.invoke(Method.java:601)
	at org.apache.maven.surefire.util.ReflectionUtils.invokeMethodWithArray2(ReflectionUtils.java:208)
	at org.apache.maven.surefire.booter.ProviderFactory$ProviderProxy.invoke(ProviderFactory.java:158)
	at org.apache.maven.surefire.booter.ProviderFactory.invokeProvider(ProviderFactory.java:86)
	at org.apache.maven.surefire.booter.ForkedBooter.runSuitesInProcess(ForkedBooter.java:153)
	at org.apache.maven.surefire.booter.ForkedBooter.main(ForkedBooter.java:95)
]]>
            </full-stacktrace>
          </exception> <!-- java.lang.IllegalArgumentException -->
          <reporter-output>
          </reporter-output>
        </test-method> <!-- testInvalidEqualityExpression3 -->
        <test-method status="PASS" signature="testMultipleEqualitySetsPredicateGeneration()[pri:0, instance:com.facebook.presto.sql.planner.TestEqualityInference@223dd6aa]" name="testMultipleEqualitySetsPredicateGeneration" duration-ms="1" started-at="2014-05-07T06:59:09Z" finished-at="2014-05-07T06:59:09Z">
          <reporter-output>
          </reporter-output>
        </test-method> <!-- testMultipleEqualitySetsPredicateGeneration -->
        <test-method status="PASS" signature="testParseEqualityExpression()[pri:0, instance:com.facebook.presto.sql.planner.TestEqualityInference@223dd6aa]" name="testParseEqualityExpression" duration-ms="0" started-at="2014-05-07T06:59:09Z" finished-at="2014-05-07T06:59:09Z">
          <reporter-output>
          </reporter-output>
        </test-method> <!-- testParseEqualityExpression -->
        <test-method status="PASS" signature="testSubExpressionRewrites()[pri:0, instance:com.facebook.presto.sql.planner.TestEqualityInference@223dd6aa]" name="testSubExpressionRewrites" duration-ms="0" started-at="2014-05-07T06:59:09Z" finished-at="2014-05-07T06:59:09Z">
          <reporter-output>
          </reporter-output>
        </test-method> <!-- testSubExpressionRewrites -->
        <test-method status="PASS" signature="testTransitivity()[pri:0, instance:com.facebook.presto.sql.planner.TestEqualityInference@223dd6aa]" name="testTransitivity" duration-ms="1" started-at="2014-05-07T06:59:09Z" finished-at="2014-05-07T06:59:09Z">
          <reporter-output>
          </reporter-output>
        </test-method> <!-- testTransitivity -->
        <test-method status="PASS" signature="testUnrewritable()[pri:0, instance:com.facebook.presto.sql.planner.TestEqualityInference@223dd6aa]" name="testUnrewritable" duration-ms="0" started-at="2014-05-07T06:59:09Z" finished-at="2014-05-07T06:59:09Z">
          <reporter-output>
          </reporter-output>
        </test-method> <!-- testUnrewritable -->
        <test-method status="PASS" signature="testTriviallyRewritable()[pri:0, instance:com.facebook.presto.sql.planner.TestEqualityInference@223dd6aa]" name="testTriviallyRewritable" duration-ms="0" started-at="2014-05-07T06:59:09Z" finished-at="2014-05-07T06:59:09Z">
          <reporter-output>
          </reporter-output>
        </test-method> <!-- testTriviallyRewritable -->
      </class> <!-- com.facebook.presto.sql.planner.TestEqualityInference -->
      <class name="com.facebook.presto.operator.aggregation.TestDoubleSumAggregation">
        <test-method status="PASS" signature="testAllPositionsNull()[pri:0, instance:com.facebook.presto.operator.aggregation.TestDoubleSumAggregation@431d908]" name="testAllPositionsNull" duration-ms="2" started-at="2014-05-07T06:56:34Z" finished-at="2014-05-07T06:56:34Z">
          <reporter-output>
          </reporter-output>
        </test-method> <!-- testAllPositionsNull -->
        <test-method status="PASS" signature="testMixedNullAndNonNullPositions()[pri:0, instance:com.facebook.presto.operator.aggregation.TestDoubleSumAggregation@431d908]" name="testMixedNullAndNonNullPositions" duration-ms="1" started-at="2014-05-07T06:56:34Z" finished-at="2014-05-07T06:56:34Z">
          <reporter-output>
          </reporter-output>
        </test-method> <!-- testMixedNullAndNonNullPositions -->
        <test-method status="PASS" signature="testMultiplePositions()[pri:0, instance:com.facebook.presto.operator.aggregation.TestDoubleSumAggregation@431d908]" name="testMultiplePositions" duration-ms="1" started-at="2014-05-07T06:56:34Z" finished-at="2014-05-07T06:56:34Z">
          <reporter-output>
          </reporter-output>
        </test-method> <!-- testMultiplePositions -->
        <test-method status="PASS" signature="testNegativeOnlyValues()[pri:0, instance:com.facebook.presto.operator.aggregation.TestDoubleSumAggregation@431d908]" name="testNegativeOnlyValues" duration-ms="0" started-at="2014-05-07T06:56:34Z" finished-at="2014-05-07T06:56:34Z">
          <reporter-output>
          </reporter-output>
        </test-method> <!-- testNegativeOnlyValues -->
        <test-method status="PASS" signature="testNoPositions()[pri:0, instance:com.facebook.presto.operator.aggregation.TestDoubleSumAggregation@431d908]" name="testNoPositions" duration-ms="0" started-at="2014-05-07T06:56:34Z" finished-at="2014-05-07T06:56:34Z">
          <reporter-output>
          </reporter-output>
        </test-method> <!-- testNoPositions -->
        <test-method status="PASS" signature="testPartialWithMixedNullAndNonNullPositions()[pri:0, instance:com.facebook.presto.operator.aggregation.TestDoubleSumAggregation@431d908]" name="testPartialWithMixedNullAndNonNullPositions" duration-ms="2" started-at="2014-05-07T06:56:34Z" finished-at="2014-05-07T06:56:34Z">
          <reporter-output>
          </reporter-output>
        </test-method> <!-- testPartialWithMixedNullAndNonNullPositions -->
        <test-method status="PASS" signature="testPartialWithMultiplePositions()[pri:0, instance:com.facebook.presto.operator.aggregation.TestDoubleSumAggregation@431d908]" name="testPartialWithMultiplePositions" duration-ms="1" started-at="2014-05-07T06:56:34Z" finished-at="2014-05-07T06:56:34Z">
          <reporter-output>
          </reporter-output>
        </test-method> <!-- testPartialWithMultiplePositions -->
        <test-method status="PASS" signature="testPositiveOnlyValues()[pri:0, instance:com.facebook.presto.operator.aggregation.TestDoubleSumAggregation@431d908]" name="testPositiveOnlyValues" duration-ms="1" started-at="2014-05-07T06:56:34Z" finished-at="2014-05-07T06:56:34Z">
          <reporter-output>
          </reporter-output>
        </test-method> <!-- testPositiveOnlyValues -->
        <test-method status="PASS" signature="testSinglePosition()[pri:0, instance:com.facebook.presto.operator.aggregation.TestDoubleSumAggregation@431d908]" name="testSinglePosition" duration-ms="1" started-at="2014-05-07T06:56:34Z" finished-at="2014-05-07T06:56:34Z">
          <reporter-output>
          </reporter-output>
        </test-method> <!-- testSinglePosition -->
        <test-method status="PASS" signature="testVectorAllPositionsNull()[pri:0, instance:com.facebook.presto.operator.aggregation.TestDoubleSumAggregation@431d908]" name="testVectorAllPositionsNull" duration-ms="0" started-at="2014-05-07T06:56:34Z" finished-at="2014-05-07T06:56:34Z">
          <reporter-output>
          </reporter-output>
        </test-method> <!-- testVectorAllPositionsNull -->
        <test-method status="PASS" signature="testVectorMixedNullAndNonNullPositions()[pri:0, instance:com.facebook.presto.operator.aggregation.TestDoubleSumAggregation@431d908]" name="testVectorMixedNullAndNonNullPositions" duration-ms="1" started-at="2014-05-07T06:56:34Z" finished-at="2014-05-07T06:56:34Z">
          <reporter-output>
          </reporter-output>
        </test-method> <!-- testVectorMixedNullAndNonNullPositions -->
        <test-method status="PASS" signature="testVectorMultiplePositions()[pri:0, instance:com.facebook.presto.operator.aggregation.TestDoubleSumAggregation@431d908]" name="testVectorMultiplePositions" duration-ms="1" started-at="2014-05-07T06:56:34Z" finished-at="2014-05-07T06:56:34Z">
          <reporter-output>
          </reporter-output>
        </test-method> <!-- testVectorMultiplePositions -->
        <test-method status="PASS" signature="testVectorPartialWithMixedNullAndNonNullPositions()[pri:0, instance:com.facebook.presto.operator.aggregation.TestDoubleSumAggregation@431d908]" name="testVectorPartialWithMixedNullAndNonNullPositions" duration-ms="2" started-at="2014-05-07T06:56:34Z" finished-at="2014-05-07T06:56:34Z">
          <reporter-output>
          </reporter-output>
        </test-method> <!-- testVectorPartialWithMixedNullAndNonNullPositions -->
        <test-method status="PASS" signature="testVectorPartialWithMultiplePositions()[pri:0, instance:com.facebook.presto.operator.aggregation.TestDoubleSumAggregation@431d908]" name="testVectorPartialWithMultiplePositions" duration-ms="1" started-at="2014-05-07T06:56:34Z" finished-at="2014-05-07T06:56:34Z">
          <reporter-output>
          </reporter-output>
        </test-method> <!-- testVectorPartialWithMultiplePositions -->
        <test-method status="PASS" signature="testVectorSinglePosition()[pri:0, instance:com.facebook.presto.operator.aggregation.TestDoubleSumAggregation@431d908]" name="testVectorSinglePosition" duration-ms="1" started-at="2014-05-07T06:56:34Z" finished-at="2014-05-07T06:56:34Z">
          <reporter-output>
          </reporter-output>
        </test-method> <!-- testVectorSinglePosition -->
      </class> <!-- com.facebook.presto.operator.aggregation.TestDoubleSumAggregation -->
      <class name="com.facebook.presto.operator.TestRecordProjectOperator">
        <test-method status="PASS" signature="setUp()[pri:0, instance:com.facebook.presto.operator.TestRecordProjectOperator@6f7d262b]" name="setUp" is-config="true" duration-ms="1" started-at="2014-05-07T07:00:23Z" finished-at="2014-05-07T07:00:23Z">
          <reporter-output>
          </reporter-output>
        </test-method> <!-- setUp -->
        <test-method status="PASS" signature="testFinish()[pri:0, instance:com.facebook.presto.operator.TestRecordProjectOperator@6f7d262b]" name="testFinish" duration-ms="75" started-at="2014-05-07T07:00:23Z" finished-at="2014-05-07T07:00:23Z">
          <reporter-output>
          </reporter-output>
        </test-method> <!-- testFinish -->
        <test-method status="PASS" signature="setUp()[pri:0, instance:com.facebook.presto.operator.TestRecordProjectOperator@6f7d262b]" name="setUp" is-config="true" duration-ms="1" started-at="2014-05-07T07:00:23Z" finished-at="2014-05-07T07:00:23Z">
          <reporter-output>
          </reporter-output>
        </test-method> <!-- setUp -->
        <test-method status="PASS" signature="tearDown()[pri:0, instance:com.facebook.presto.operator.TestRecordProjectOperator@6f7d262b]" name="tearDown" is-config="true" duration-ms="0" started-at="2014-05-07T07:00:23Z" finished-at="2014-05-07T07:00:23Z">
          <reporter-output>
          </reporter-output>
        </test-method> <!-- tearDown -->
        <test-method status="PASS" signature="testMultiColumn()[pri:0, instance:com.facebook.presto.operator.TestRecordProjectOperator@6f7d262b]" name="testMultiColumn" duration-ms="1" started-at="2014-05-07T07:00:23Z" finished-at="2014-05-07T07:00:23Z">
          <reporter-output>
          </reporter-output>
        </test-method> <!-- testMultiColumn -->
        <test-method status="PASS" signature="testSingleColumn()[pri:0, instance:com.facebook.presto.operator.TestRecordProjectOperator@6f7d262b]" name="testSingleColumn" duration-ms="1" started-at="2014-05-07T07:00:23Z" finished-at="2014-05-07T07:00:23Z">
          <reporter-output>
          </reporter-output>
        </test-method> <!-- testSingleColumn -->
        <test-method status="PASS" signature="setUp()[pri:0, instance:com.facebook.presto.operator.TestRecordProjectOperator@6f7d262b]" name="setUp" is-config="true" duration-ms="0" started-at="2014-05-07T07:00:23Z" finished-at="2014-05-07T07:00:23Z">
          <reporter-output>
          </reporter-output>
        </test-method> <!-- setUp -->
        <test-method status="PASS" signature="tearDown()[pri:0, instance:com.facebook.presto.operator.TestRecordProjectOperator@6f7d262b]" name="tearDown" is-config="true" duration-ms="0" started-at="2014-05-07T07:00:23Z" finished-at="2014-05-07T07:00:23Z">
          <reporter-output>
          </reporter-output>
        </test-method> <!-- tearDown -->
        <test-method status="PASS" signature="tearDown()[pri:0, instance:com.facebook.presto.operator.TestRecordProjectOperator@6f7d262b]" name="tearDown" is-config="true" duration-ms="0" started-at="2014-05-07T07:00:23Z" finished-at="2014-05-07T07:00:23Z">
          <reporter-output>
          </reporter-output>
        </test-method> <!-- tearDown -->
      </class> <!-- com.facebook.presto.operator.TestRecordProjectOperator -->
      <class name="com.facebook.presto.benchmark.TestBenchmarks">
        <test-method status="PASS" signature="smokeTest()[pri:0, instance:com.facebook.presto.benchmark.TestBenchmarks@1cbd4053]" name="smokeTest" duration-ms="18027" started-at="2014-05-07T06:58:49Z" finished-at="2014-05-07T06:59:07Z">
          <reporter-output>
          </reporter-output>
        </test-method> <!-- smokeTest -->
      </class> <!-- com.facebook.presto.benchmark.TestBenchmarks -->
      <class name="com.facebook.presto.serde.TestRunLengthEncodedBlockSerde">
        <test-method status="PASS" signature="testCreateBlockWriter()[pri:0, instance:com.facebook.presto.serde.TestRunLengthEncodedBlockSerde@7ef66a35]" name="testCreateBlockWriter" duration-ms="1" started-at="2014-05-07T07:00:23Z" finished-at="2014-05-07T07:00:23Z">
          <reporter-output>
          </reporter-output>
        </test-method> <!-- testCreateBlockWriter -->
        <test-method status="PASS" signature="testRoundTrip()[pri:0, instance:com.facebook.presto.serde.TestRunLengthEncodedBlockSerde@7ef66a35]" name="testRoundTrip" duration-ms="0" started-at="2014-05-07T07:00:23Z" finished-at="2014-05-07T07:00:23Z">
          <reporter-output>
          </reporter-output>
        </test-method> <!-- testRoundTrip -->
      </class> <!-- com.facebook.presto.serde.TestRunLengthEncodedBlockSerde -->
      <class name="com.facebook.presto.operator.aggregation.TestVarBinaryMaxAggregation">
        <test-method status="PASS" signature="testAllPositionsNull()[pri:0, instance:com.facebook.presto.operator.aggregation.TestVarBinaryMaxAggregation@fc19e22]" name="testAllPositionsNull" duration-ms="1" started-at="2014-05-07T06:56:34Z" finished-at="2014-05-07T06:56:34Z">
          <reporter-output>
          </reporter-output>
        </test-method> <!-- testAllPositionsNull -->
        <test-method status="PASS" signature="testMixedNullAndNonNullPositions()[pri:0, instance:com.facebook.presto.operator.aggregation.TestVarBinaryMaxAggregation@fc19e22]" name="testMixedNullAndNonNullPositions" duration-ms="1" started-at="2014-05-07T06:56:34Z" finished-at="2014-05-07T06:56:34Z">
          <reporter-output>
          </reporter-output>
        </test-method> <!-- testMixedNullAndNonNullPositions -->
        <test-method status="PASS" signature="testMultiplePositions()[pri:0, instance:com.facebook.presto.operator.aggregation.TestVarBinaryMaxAggregation@fc19e22]" name="testMultiplePositions" duration-ms="1" started-at="2014-05-07T06:56:34Z" finished-at="2014-05-07T06:56:34Z">
          <reporter-output>
          </reporter-output>
        </test-method> <!-- testMultiplePositions -->
        <test-method status="PASS" signature="testNegativeOnlyValues()[pri:0, instance:com.facebook.presto.operator.aggregation.TestVarBinaryMaxAggregation@fc19e22]" name="testNegativeOnlyValues" duration-ms="0" started-at="2014-05-07T06:56:34Z" finished-at="2014-05-07T06:56:34Z">
          <reporter-output>
          </reporter-output>
        </test-method> <!-- testNegativeOnlyValues -->
        <test-method status="PASS" signature="testNoPositions()[pri:0, instance:com.facebook.presto.operator.aggregation.TestVarBinaryMaxAggregation@fc19e22]" name="testNoPositions" duration-ms="1" started-at="2014-05-07T06:56:34Z" finished-at="2014-05-07T06:56:34Z">
          <reporter-output>
          </reporter-output>
        </test-method> <!-- testNoPositions -->
        <test-method status="PASS" signature="testPartialWithMixedNullAndNonNullPositions()[pri:0, instance:com.facebook.presto.operator.aggregation.TestVarBinaryMaxAggregation@fc19e22]" name="testPartialWithMixedNullAndNonNullPositions" duration-ms="2" started-at="2014-05-07T06:56:34Z" finished-at="2014-05-07T06:56:34Z">
          <reporter-output>
          </reporter-output>
        </test-method> <!-- testPartialWithMixedNullAndNonNullPositions -->
        <test-method status="PASS" signature="testPartialWithMultiplePositions()[pri:0, instance:com.facebook.presto.operator.aggregation.TestVarBinaryMaxAggregation@fc19e22]" name="testPartialWithMultiplePositions" duration-ms="1" started-at="2014-05-07T06:56:34Z" finished-at="2014-05-07T06:56:34Z">
          <reporter-output>
          </reporter-output>
        </test-method> <!-- testPartialWithMultiplePositions -->
        <test-method status="PASS" signature="testPositiveOnlyValues()[pri:0, instance:com.facebook.presto.operator.aggregation.TestVarBinaryMaxAggregation@fc19e22]" name="testPositiveOnlyValues" duration-ms="0" started-at="2014-05-07T06:56:34Z" finished-at="2014-05-07T06:56:34Z">
          <reporter-output>
          </reporter-output>
        </test-method> <!-- testPositiveOnlyValues -->
        <test-method status="PASS" signature="testVectorAllPositionsNull()[pri:0, instance:com.facebook.presto.operator.aggregation.TestVarBinaryMaxAggregation@fc19e22]" name="testVectorAllPositionsNull" duration-ms="1" started-at="2014-05-07T06:56:34Z" finished-at="2014-05-07T06:56:34Z">
          <reporter-output>
          </reporter-output>
        </test-method> <!-- testVectorAllPositionsNull -->
        <test-method status="PASS" signature="testSinglePosition()[pri:0, instance:com.facebook.presto.operator.aggregation.TestVarBinaryMaxAggregation@fc19e22]" name="testSinglePosition" duration-ms="0" started-at="2014-05-07T06:56:34Z" finished-at="2014-05-07T06:56:34Z">
          <reporter-output>
          </reporter-output>
        </test-method> <!-- testSinglePosition -->
        <test-method status="PASS" signature="testVectorMixedNullAndNonNullPositions()[pri:0, instance:com.facebook.presto.operator.aggregation.TestVarBinaryMaxAggregation@fc19e22]" name="testVectorMixedNullAndNonNullPositions" duration-ms="0" started-at="2014-05-07T06:56:34Z" finished-at="2014-05-07T06:56:34Z">
          <reporter-output>
          </reporter-output>
        </test-method> <!-- testVectorMixedNullAndNonNullPositions -->
        <test-method status="PASS" signature="testVectorPartialWithMixedNullAndNonNullPositions()[pri:0, instance:com.facebook.presto.operator.aggregation.TestVarBinaryMaxAggregation@fc19e22]" name="testVectorPartialWithMixedNullAndNonNullPositions" duration-ms="2" started-at="2014-05-07T06:56:34Z" finished-at="2014-05-07T06:56:34Z">
          <reporter-output>
          </reporter-output>
        </test-method> <!-- testVectorPartialWithMixedNullAndNonNullPositions -->
        <test-method status="PASS" signature="testVectorMultiplePositions()[pri:0, instance:com.facebook.presto.operator.aggregation.TestVarBinaryMaxAggregation@fc19e22]" name="testVectorMultiplePositions" duration-ms="0" started-at="2014-05-07T06:56:34Z" finished-at="2014-05-07T06:56:34Z">
          <reporter-output>
          </reporter-output>
        </test-method> <!-- testVectorMultiplePositions -->
        <test-method status="PASS" signature="testVectorPartialWithMultiplePositions()[pri:0, instance:com.facebook.presto.operator.aggregation.TestVarBinaryMaxAggregation@fc19e22]" name="testVectorPartialWithMultiplePositions" duration-ms="1" started-at="2014-05-07T06:56:34Z" finished-at="2014-05-07T06:56:34Z">
          <reporter-output>
          </reporter-output>
        </test-method> <!-- testVectorPartialWithMultiplePositions -->
        <test-method status="PASS" signature="testVectorSinglePosition()[pri:0, instance:com.facebook.presto.operator.aggregation.TestVarBinaryMaxAggregation@fc19e22]" name="testVectorSinglePosition" duration-ms="0" started-at="2014-05-07T06:56:34Z" finished-at="2014-05-07T06:56:34Z">
          <reporter-output>
          </reporter-output>
        </test-method> <!-- testVectorSinglePosition -->
      </class> <!-- com.facebook.presto.operator.aggregation.TestVarBinaryMaxAggregation -->
      <class name="com.facebook.presto.operator.aggregation.TestDoubleStdDevAggregation">
        <test-method status="PASS" signature="testAllPositionsNull()[pri:0, instance:com.facebook.presto.operator.aggregation.TestDoubleStdDevAggregation@4c48b2f8]" name="testAllPositionsNull" duration-ms="2" started-at="2014-05-07T06:56:34Z" finished-at="2014-05-07T06:56:34Z">
          <reporter-output>
          </reporter-output>
        </test-method> <!-- testAllPositionsNull -->
        <test-method status="PASS" signature="testMixedNullAndNonNullPositions()[pri:0, instance:com.facebook.presto.operator.aggregation.TestDoubleStdDevAggregation@4c48b2f8]" name="testMixedNullAndNonNullPositions" duration-ms="8" started-at="2014-05-07T06:56:34Z" finished-at="2014-05-07T06:56:34Z">
          <reporter-output>
          </reporter-output>
        </test-method> <!-- testMixedNullAndNonNullPositions -->
        <test-method status="PASS" signature="testMultiplePositions()[pri:0, instance:com.facebook.presto.operator.aggregation.TestDoubleStdDevAggregation@4c48b2f8]" name="testMultiplePositions" duration-ms="1" started-at="2014-05-07T06:56:34Z" finished-at="2014-05-07T06:56:34Z">
          <reporter-output>
          </reporter-output>
        </test-method> <!-- testMultiplePositions -->
        <test-method status="PASS" signature="testNoPositions()[pri:0, instance:com.facebook.presto.operator.aggregation.TestDoubleStdDevAggregation@4c48b2f8]" name="testNoPositions" duration-ms="1" started-at="2014-05-07T06:56:34Z" finished-at="2014-05-07T06:56:34Z">
          <reporter-output>
          </reporter-output>
        </test-method> <!-- testNoPositions -->
        <test-method status="PASS" signature="testNegativeOnlyValues()[pri:0, instance:com.facebook.presto.operator.aggregation.TestDoubleStdDevAggregation@4c48b2f8]" name="testNegativeOnlyValues" duration-ms="0" started-at="2014-05-07T06:56:34Z" finished-at="2014-05-07T06:56:34Z">
          <reporter-output>
          </reporter-output>
        </test-method> <!-- testNegativeOnlyValues -->
        <test-method status="PASS" signature="testPartialWithMixedNullAndNonNullPositions()[pri:0, instance:com.facebook.presto.operator.aggregation.TestDoubleStdDevAggregation@4c48b2f8]" name="testPartialWithMixedNullAndNonNullPositions" duration-ms="2" started-at="2014-05-07T06:56:34Z" finished-at="2014-05-07T06:56:34Z">
          <reporter-output>
          </reporter-output>
        </test-method> <!-- testPartialWithMixedNullAndNonNullPositions -->
        <test-method status="PASS" signature="testPartialWithMultiplePositions()[pri:0, instance:com.facebook.presto.operator.aggregation.TestDoubleStdDevAggregation@4c48b2f8]" name="testPartialWithMultiplePositions" duration-ms="1" started-at="2014-05-07T06:56:34Z" finished-at="2014-05-07T06:56:34Z">
          <reporter-output>
          </reporter-output>
        </test-method> <!-- testPartialWithMultiplePositions -->
        <test-method status="PASS" signature="testPositiveOnlyValues()[pri:0, instance:com.facebook.presto.operator.aggregation.TestDoubleStdDevAggregation@4c48b2f8]" name="testPositiveOnlyValues" duration-ms="0" started-at="2014-05-07T06:56:34Z" finished-at="2014-05-07T06:56:34Z">
          <reporter-output>
          </reporter-output>
        </test-method> <!-- testPositiveOnlyValues -->
        <test-method status="PASS" signature="testSinglePosition()[pri:0, instance:com.facebook.presto.operator.aggregation.TestDoubleStdDevAggregation@4c48b2f8]" name="testSinglePosition" duration-ms="1" started-at="2014-05-07T06:56:34Z" finished-at="2014-05-07T06:56:34Z">
          <reporter-output>
          </reporter-output>
        </test-method> <!-- testSinglePosition -->
        <test-method status="PASS" signature="testVectorAllPositionsNull()[pri:0, instance:com.facebook.presto.operator.aggregation.TestDoubleStdDevAggregation@4c48b2f8]" name="testVectorAllPositionsNull" duration-ms="1" started-at="2014-05-07T06:56:34Z" finished-at="2014-05-07T06:56:34Z">
          <reporter-output>
          </reporter-output>
        </test-method> <!-- testVectorAllPositionsNull -->
        <test-method status="PASS" signature="testVectorMixedNullAndNonNullPositions()[pri:0, instance:com.facebook.presto.operator.aggregation.TestDoubleStdDevAggregation@4c48b2f8]" name="testVectorMixedNullAndNonNullPositions" duration-ms="1" started-at="2014-05-07T06:56:34Z" finished-at="2014-05-07T06:56:34Z">
          <reporter-output>
          </reporter-output>
        </test-method> <!-- testVectorMixedNullAndNonNullPositions -->
        <test-method status="PASS" signature="testVectorMultiplePositions()[pri:0, instance:com.facebook.presto.operator.aggregation.TestDoubleStdDevAggregation@4c48b2f8]" name="testVectorMultiplePositions" duration-ms="0" started-at="2014-05-07T06:56:34Z" finished-at="2014-05-07T06:56:34Z">
          <reporter-output>
          </reporter-output>
        </test-method> <!-- testVectorMultiplePositions -->
        <test-method status="PASS" signature="testVectorPartialWithMixedNullAndNonNullPositions()[pri:0, instance:com.facebook.presto.operator.aggregation.TestDoubleStdDevAggregation@4c48b2f8]" name="testVectorPartialWithMixedNullAndNonNullPositions" duration-ms="1" started-at="2014-05-07T06:56:34Z" finished-at="2014-05-07T06:56:34Z">
          <reporter-output>
          </reporter-output>
        </test-method> <!-- testVectorPartialWithMixedNullAndNonNullPositions -->
        <test-method status="PASS" signature="testVectorPartialWithMultiplePositions()[pri:0, instance:com.facebook.presto.operator.aggregation.TestDoubleStdDevAggregation@4c48b2f8]" name="testVectorPartialWithMultiplePositions" duration-ms="1" started-at="2014-05-07T06:56:34Z" finished-at="2014-05-07T06:56:34Z">
          <reporter-output>
          </reporter-output>
        </test-method> <!-- testVectorPartialWithMultiplePositions -->
        <test-method status="PASS" signature="testVectorSinglePosition()[pri:0, instance:com.facebook.presto.operator.aggregation.TestDoubleStdDevAggregation@4c48b2f8]" name="testVectorSinglePosition" duration-ms="0" started-at="2014-05-07T06:56:34Z" finished-at="2014-05-07T06:56:34Z">
          <reporter-output>
          </reporter-output>
        </test-method> <!-- testVectorSinglePosition -->
      </class> <!-- com.facebook.presto.operator.aggregation.TestDoubleStdDevAggregation -->
      <class name="com.facebook.presto.operator.TestExchangeOperator">
        <test-method status="PASS" signature="setUp()[pri:0, instance:com.facebook.presto.operator.TestExchangeOperator@679b0701]" name="setUp" is-config="true" duration-ms="2" started-at="2014-05-07T06:59:09Z" finished-at="2014-05-07T06:59:09Z">
          <reporter-output>
          </reporter-output>
        </test-method> <!-- setUp -->
        <test-method status="PASS" signature="testFinish()[pri:0, instance:com.facebook.presto.operator.TestExchangeOperator@679b0701]" name="testFinish" duration-ms="44" started-at="2014-05-07T06:59:09Z" finished-at="2014-05-07T06:59:09Z">
          <reporter-output>
          </reporter-output>
        </test-method> <!-- testFinish -->
        <test-method status="PASS" signature="tearDown()[pri:0, instance:com.facebook.presto.operator.TestExchangeOperator@679b0701]" name="tearDown" is-config="true" duration-ms="1" started-at="2014-05-07T06:59:09Z" finished-at="2014-05-07T06:59:09Z">
          <reporter-output>
          </reporter-output>
        </test-method> <!-- tearDown -->
        <test-method status="PASS" signature="setUp()[pri:0, instance:com.facebook.presto.operator.TestExchangeOperator@679b0701]" name="setUp" is-config="true" duration-ms="1" started-at="2014-05-07T06:59:09Z" finished-at="2014-05-07T06:59:09Z">
          <reporter-output>
          </reporter-output>
        </test-method> <!-- setUp -->
        <test-method status="PASS" signature="testSimple()[pri:0, instance:com.facebook.presto.operator.TestExchangeOperator@679b0701]" name="testSimple" duration-ms="26" started-at="2014-05-07T06:59:09Z" finished-at="2014-05-07T06:59:09Z">
          <reporter-output>
          </reporter-output>
        </test-method> <!-- testSimple -->
        <test-method status="PASS" signature="tearDown()[pri:0, instance:com.facebook.presto.operator.TestExchangeOperator@679b0701]" name="tearDown" is-config="true" duration-ms="1" started-at="2014-05-07T06:59:09Z" finished-at="2014-05-07T06:59:09Z">
          <reporter-output>
          </reporter-output>
        </test-method> <!-- tearDown -->
        <test-method status="PASS" signature="setUp()[pri:0, instance:com.facebook.presto.operator.TestExchangeOperator@679b0701]" name="setUp" is-config="true" duration-ms="2" started-at="2014-05-07T06:59:09Z" finished-at="2014-05-07T06:59:09Z">
          <reporter-output>
          </reporter-output>
        </test-method> <!-- setUp -->
        <test-method status="PASS" signature="testWaitForClose()[pri:0, instance:com.facebook.presto.operator.TestExchangeOperator@679b0701]" name="testWaitForClose" duration-ms="53" started-at="2014-05-07T06:59:09Z" finished-at="2014-05-07T06:59:09Z">
          <reporter-output>
          </reporter-output>
        </test-method> <!-- testWaitForClose -->
        <test-method status="PASS" signature="setUp()[pri:0, instance:com.facebook.presto.operator.TestExchangeOperator@679b0701]" name="setUp" is-config="true" duration-ms="1" started-at="2014-05-07T06:59:09Z" finished-at="2014-05-07T06:59:09Z">
          <reporter-output>
          </reporter-output>
        </test-method> <!-- setUp -->
        <test-method status="PASS" signature="tearDown()[pri:0, instance:com.facebook.presto.operator.TestExchangeOperator@679b0701]" name="tearDown" is-config="true" duration-ms="0" started-at="2014-05-07T06:59:09Z" finished-at="2014-05-07T06:59:09Z">
          <reporter-output>
          </reporter-output>
        </test-method> <!-- tearDown -->
        <test-method status="PASS" signature="testWaitForNoMoreSplits()[pri:0, instance:com.facebook.presto.operator.TestExchangeOperator@679b0701]" name="testWaitForNoMoreSplits" duration-ms="49" started-at="2014-05-07T06:59:09Z" finished-at="2014-05-07T06:59:09Z">
          <reporter-output>
          </reporter-output>
        </test-method> <!-- testWaitForNoMoreSplits -->
        <test-method status="PASS" signature="tearDown()[pri:0, instance:com.facebook.presto.operator.TestExchangeOperator@679b0701]" name="tearDown" is-config="true" duration-ms="0" started-at="2014-05-07T06:59:09Z" finished-at="2014-05-07T06:59:09Z">
          <reporter-output>
          </reporter-output>
        </test-method> <!-- tearDown -->
      </class> <!-- com.facebook.presto.operator.TestExchangeOperator -->
      <class name="com.facebook.presto.block.uncompressed.TestUncompressedBlockCursor">
        <test-method status="PASS" signature="testAdvanceNextPosition()[pri:0, instance:com.facebook.presto.block.uncompressed.TestUncompressedBlockCursor@7067f21]" name="testAdvanceNextPosition" duration-ms="2" started-at="2014-05-07T06:56:48Z" finished-at="2014-05-07T06:56:48Z">
          <reporter-output>
          </reporter-output>
        </test-method> <!-- testAdvanceNextPosition -->
        <test-method status="PASS" signature="setUp()[pri:0, instance:com.facebook.presto.block.uncompressed.TestUncompressedBlockCursor@7067f21]" name="setUp" is-config="true" duration-ms="0" started-at="2014-05-07T06:56:48Z" finished-at="2014-05-07T06:56:48Z">
          <reporter-output>
          </reporter-output>
        </test-method> <!-- setUp -->
        <test-method status="PASS" signature="testAdvanceToPosition()[pri:0, instance:com.facebook.presto.block.uncompressed.TestUncompressedBlockCursor@7067f21]" name="testAdvanceToPosition" duration-ms="1" started-at="2014-05-07T06:56:48Z" finished-at="2014-05-07T06:56:48Z">
          <reporter-output>
          </reporter-output>
        </test-method> <!-- testAdvanceToPosition -->
[...]
	at sun.reflect.NativeMethodAccessorImpl.invoke(NativeMethodAccessorImpl.java:57)
	at sun.reflect.DelegatingMethodAccessorImpl.invoke(DelegatingMethodAccessorImpl.java:43)
	at java.lang.reflect.Method.invoke(Method.java:601)
	at org.apache.maven.surefire.util.ReflectionUtils.invokeMethodWithArray2(ReflectionUtils.java:208)
	at org.apache.maven.surefire.booter.ProviderFactory$ProviderProxy.invoke(ProviderFactory.java:158)
	at org.apache.maven.surefire.booter.ProviderFactory.invokeProvider(ProviderFactory.java:86)
	at org.apache.maven.surefire.booter.ForkedBooter.runSuitesInProcess(ForkedBooter.java:153)
	at org.apache.maven.surefire.booter.ForkedBooter.main(ForkedBooter.java:95)
]]>
            </full-stacktrace>
          </exception> <!-- java.lang.NullPointerException -->
          <reporter-output>
          </reporter-output>
        </test-method> <!-- testDisallowsNulls -->
        <test-method status="PASS" signature="testSanity()[pri:0, instance:com.facebook.presto.util.TestThreadLocalCache@48a5d3d5]" name="testSanity" duration-ms="1" started-at="2014-05-07T07:00:28Z" finished-at="2014-05-07T07:00:28Z">
          <reporter-output>
          </reporter-output>
        </test-method> <!-- testSanity -->
      </class> <!-- com.facebook.presto.util.TestThreadLocalCache -->
      <class name="com.facebook.presto.execution.TestSharedBuffer">
        <test-method status="PASS" signature="testAbort()[pri:0, instance:com.facebook.presto.execution.TestSharedBuffer@3c1df42e]" name="testAbort" duration-ms="3" started-at="2014-05-07T07:00:23Z" finished-at="2014-05-07T07:00:23Z">
          <reporter-output>
          </reporter-output>
        </test-method> <!-- testAbort -->
        <test-method status="PASS" signature="testAbortFreesReader()[pri:0, instance:com.facebook.presto.execution.TestSharedBuffer@3c1df42e]" name="testAbortFreesReader" duration-ms="206" started-at="2014-05-07T07:00:23Z" finished-at="2014-05-07T07:00:24Z">
          <reporter-output>
          </reporter-output>
        </test-method> <!-- testAbortFreesReader -->
        <test-method status="PASS" signature="testAddQueueAfterDestroy()[pri:0, instance:com.facebook.presto.execution.TestSharedBuffer@3c1df42e]" name="testAddQueueAfterDestroy" duration-ms="0" started-at="2014-05-07T07:00:24Z" finished-at="2014-05-07T07:00:24Z">
          <reporter-output>
          </reporter-output>
        </test-method> <!-- testAddQueueAfterDestroy -->
        <test-method status="PASS" signature="testDestroyFreesReader()[pri:0, instance:com.facebook.presto.execution.TestSharedBuffer@3c1df42e]" name="testDestroyFreesReader" duration-ms="206" started-at="2014-05-07T07:00:24Z" finished-at="2014-05-07T07:00:24Z">
          <reporter-output>
          </reporter-output>
        </test-method> <!-- testDestroyFreesReader -->
        <test-method status="PASS" signature="testAddQueueAfterNoMoreQueues()[pri:0, instance:com.facebook.presto.execution.TestSharedBuffer@3c1df42e]" name="testAddQueueAfterNoMoreQueues" duration-ms="0" started-at="2014-05-07T07:00:24Z" finished-at="2014-05-07T07:00:24Z">
          <reporter-output>
          </reporter-output>
        </test-method> <!-- testAddQueueAfterNoMoreQueues -->
        <test-method status="PASS" signature="testAddStateMachine()[pri:0, instance:com.facebook.presto.execution.TestSharedBuffer@3c1df42e]" name="testAddStateMachine" duration-ms="0" started-at="2014-05-07T07:00:24Z" finished-at="2014-05-07T07:00:24Z">
          <reporter-output>
          </reporter-output>
        </test-method> <!-- testAddStateMachine -->
        <test-method status="PASS" signature="testDestroyFreesWriter()[pri:0, instance:com.facebook.presto.execution.TestSharedBuffer@3c1df42e]" name="testDestroyFreesWriter" duration-ms="206" started-at="2014-05-07T07:00:24Z" finished-at="2014-05-07T07:00:24Z">
          <reporter-output>
          </reporter-output>
        </test-method> <!-- testDestroyFreesWriter -->
        <test-method status="PASS" signature="testDuplicateRequests()[pri:0, instance:com.facebook.presto.execution.TestSharedBuffer@3c1df42e]" name="testDuplicateRequests" duration-ms="1" started-at="2014-05-07T07:00:24Z" finished-at="2014-05-07T07:00:24Z">
          <reporter-output>
          </reporter-output>
        </test-method> <!-- testDuplicateRequests -->
        <test-method status="PASS" signature="testFinishFreesReader()[pri:0, instance:com.facebook.presto.execution.TestSharedBuffer@3c1df42e]" name="testFinishFreesReader" duration-ms="206" started-at="2014-05-07T07:00:24Z" finished-at="2014-05-07T07:00:24Z">
          <reporter-output>
          </reporter-output>
        </test-method> <!-- testFinishFreesReader -->
        <test-method status="PASS" signature="testFinishClosesEmptyQueues()[pri:0, instance:com.facebook.presto.execution.TestSharedBuffer@3c1df42e]" name="testFinishClosesEmptyQueues" duration-ms="0" started-at="2014-05-07T07:00:24Z" finished-at="2014-05-07T07:00:24Z">
          <reporter-output>
          </reporter-output>
        </test-method> <!-- testFinishClosesEmptyQueues -->
        <test-method status="PASS" signature="testFinishFreesWriter()[pri:0, instance:com.facebook.presto.execution.TestSharedBuffer@3c1df42e]" name="testFinishFreesWriter" duration-ms="206" started-at="2014-05-07T07:00:24Z" finished-at="2014-05-07T07:00:24Z">
          <reporter-output>
          </reporter-output>
        </test-method> <!-- testFinishFreesWriter -->
        <test-method status="PASS" signature="testOperationsOnUnknownQueues()[pri:0, instance:com.facebook.presto.execution.TestSharedBuffer@3c1df42e]" name="testOperationsOnUnknownQueues" duration-ms="1" started-at="2014-05-07T07:00:24Z" finished-at="2014-05-07T07:00:24Z">
          <reporter-output>
          </reporter-output>
        </test-method> <!-- testOperationsOnUnknownQueues -->
        <test-method status="PASS" signature="testInvalidConstructorArg()[pri:0, instance:com.facebook.presto.execution.TestSharedBuffer@3c1df42e]" name="testInvalidConstructorArg" duration-ms="0" started-at="2014-05-07T07:00:24Z" finished-at="2014-05-07T07:00:24Z">
          <reporter-output>
          </reporter-output>
        </test-method> <!-- testInvalidConstructorArg -->
        <test-method status="PASS" signature="testSimple()[pri:0, instance:com.facebook.presto.execution.TestSharedBuffer@3c1df42e]" name="testSimple" duration-ms="2" started-at="2014-05-07T07:00:24Z" finished-at="2014-05-07T07:00:24Z">
          <reporter-output>
          </reporter-output>
        </test-method> <!-- testSimple -->
      </class> <!-- com.facebook.presto.execution.TestSharedBuffer -->
      <class name="com.facebook.presto.block.uncompressed.TestUncompressedDoubleBlockCursor">
        <test-method status="PASS" signature="testAdvanceNextPosition()[pri:0, instance:com.facebook.presto.block.uncompressed.TestUncompressedDoubleBlockCursor@4cca17e2]" name="testAdvanceNextPosition" duration-ms="1" started-at="2014-05-07T06:56:48Z" finished-at="2014-05-07T06:56:48Z">
          <reporter-output>
          </reporter-output>
        </test-method> <!-- testAdvanceNextPosition -->
        <test-method status="PASS" signature="setUp()[pri:0, instance:com.facebook.presto.block.uncompressed.TestUncompressedDoubleBlockCursor@4cca17e2]" name="setUp" is-config="true" duration-ms="0" started-at="2014-05-07T06:56:48Z" finished-at="2014-05-07T06:56:48Z">
          <reporter-output>
          </reporter-output>
        </test-method> <!-- setUp -->
        <test-method status="PASS" signature="testAdvanceToPosition()[pri:0, instance:com.facebook.presto.block.uncompressed.TestUncompressedDoubleBlockCursor@4cca17e2]" name="testAdvanceToPosition" duration-ms="0" started-at="2014-05-07T06:56:48Z" finished-at="2014-05-07T06:56:48Z">
          <reporter-output>
          </reporter-output>
        </test-method> <!-- testAdvanceToPosition -->
        <test-method status="PASS" signature="testFirstPosition()[pri:0, instance:com.facebook.presto.block.uncompressed.TestUncompressedDoubleBlockCursor@4cca17e2]" name="testFirstPosition" duration-ms="1" started-at="2014-05-07T06:56:48Z" finished-at="2014-05-07T06:56:48Z">
          <reporter-output>
          </reporter-output>
        </test-method> <!-- testFirstPosition -->
        <test-method status="PASS" signature="testStates()[pri:0, instance:com.facebook.presto.block.uncompressed.TestUncompressedDoubleBlockCursor@4cca17e2]" name="testStates" duration-ms="0" started-at="2014-05-07T06:56:48Z" finished-at="2014-05-07T06:56:48Z">
          <reporter-output>
          </reporter-output>
        </test-method> <!-- testStates -->
        <test-method status="PASS" signature="testCursorType()[pri:0, instance:com.facebook.presto.block.uncompressed.TestUncompressedDoubleBlockCursor@4cca17e2]" name="testCursorType" duration-ms="0" started-at="2014-05-07T06:56:48Z" finished-at="2014-05-07T06:56:48Z">
          <reporter-output>
          </reporter-output>
        </test-method> <!-- testCursorType -->
      </class> <!-- com.facebook.presto.block.uncompressed.TestUncompressedDoubleBlockCursor -->
      <class name="com.facebook.presto.operator.aggregation.TestDoubleVariancePopAggregation">
        <test-method status="PASS" signature="testAllPositionsNull()[pri:0, instance:com.facebook.presto.operator.aggregation.TestDoubleVariancePopAggregation@459371b9]" name="testAllPositionsNull" duration-ms="1" started-at="2014-05-07T06:56:34Z" finished-at="2014-05-07T06:56:34Z">
          <reporter-output>
          </reporter-output>
        </test-method> <!-- testAllPositionsNull -->
        <test-method status="PASS" signature="testMixedNullAndNonNullPositions()[pri:0, instance:com.facebook.presto.operator.aggregation.TestDoubleVariancePopAggregation@459371b9]" name="testMixedNullAndNonNullPositions" duration-ms="1" started-at="2014-05-07T06:56:34Z" finished-at="2014-05-07T06:56:34Z">
          <reporter-output>
          </reporter-output>
        </test-method> <!-- testMixedNullAndNonNullPositions -->
        <test-method status="PASS" signature="testMultiplePositions()[pri:0, instance:com.facebook.presto.operator.aggregation.TestDoubleVariancePopAggregation@459371b9]" name="testMultiplePositions" duration-ms="1" started-at="2014-05-07T06:56:34Z" finished-at="2014-05-07T06:56:34Z">
          <reporter-output>
          </reporter-output>
        </test-method> <!-- testMultiplePositions -->
        <test-method status="PASS" signature="testNegativeOnlyValues()[pri:0, instance:com.facebook.presto.operator.aggregation.TestDoubleVariancePopAggregation@459371b9]" name="testNegativeOnlyValues" duration-ms="1" started-at="2014-05-07T06:56:34Z" finished-at="2014-05-07T06:56:34Z">
          <reporter-output>
          </reporter-output>
        </test-method> <!-- testNegativeOnlyValues -->
        <test-method status="PASS" signature="testNoPositions()[pri:0, instance:com.facebook.presto.operator.aggregation.TestDoubleVariancePopAggregation@459371b9]" name="testNoPositions" duration-ms="1" started-at="2014-05-07T06:56:34Z" finished-at="2014-05-07T06:56:34Z">
          <reporter-output>
          </reporter-output>
        </test-method> <!-- testNoPositions -->
        <test-method status="PASS" signature="testPartialWithMixedNullAndNonNullPositions()[pri:0, instance:com.facebook.presto.operator.aggregation.TestDoubleVariancePopAggregation@459371b9]" name="testPartialWithMixedNullAndNonNullPositions" duration-ms="2" started-at="2014-05-07T06:56:34Z" finished-at="2014-05-07T06:56:34Z">
          <reporter-output>
          </reporter-output>
        </test-method> <!-- testPartialWithMixedNullAndNonNullPositions -->
        <test-method status="PASS" signature="testPartialWithMultiplePositions()[pri:0, instance:com.facebook.presto.operator.aggregation.TestDoubleVariancePopAggregation@459371b9]" name="testPartialWithMultiplePositions" duration-ms="1" started-at="2014-05-07T06:56:34Z" finished-at="2014-05-07T06:56:34Z">
          <reporter-output>
          </reporter-output>
        </test-method> <!-- testPartialWithMultiplePositions -->
        <test-method status="PASS" signature="testPositiveOnlyValues()[pri:0, instance:com.facebook.presto.operator.aggregation.TestDoubleVariancePopAggregation@459371b9]" name="testPositiveOnlyValues" duration-ms="1" started-at="2014-05-07T06:56:34Z" finished-at="2014-05-07T06:56:34Z">
          <reporter-output>
          </reporter-output>
        </test-method> <!-- testPositiveOnlyValues -->
        <test-method status="PASS" signature="testSinglePosition()[pri:0, instance:com.facebook.presto.operator.aggregation.TestDoubleVariancePopAggregation@459371b9]" name="testSinglePosition" duration-ms="1" started-at="2014-05-07T06:56:34Z" finished-at="2014-05-07T06:56:34Z">
          <reporter-output>
          </reporter-output>
        </test-method> <!-- testSinglePosition -->
        <test-method status="PASS" signature="testVectorMixedNullAndNonNullPositions()[pri:0, instance:com.facebook.presto.operator.aggregation.TestDoubleVariancePopAggregation@459371b9]" name="testVectorMixedNullAndNonNullPositions" duration-ms="1" started-at="2014-05-07T06:56:34Z" finished-at="2014-05-07T06:56:34Z">
          <reporter-output>
          </reporter-output>
        </test-method> <!-- testVectorMixedNullAndNonNullPositions -->
        <test-method status="PASS" signature="testVectorAllPositionsNull()[pri:0, instance:com.facebook.presto.operator.aggregation.TestDoubleVariancePopAggregation@459371b9]" name="testVectorAllPositionsNull" duration-ms="0" started-at="2014-05-07T06:56:34Z" finished-at="2014-05-07T06:56:34Z">
          <reporter-output>
          </reporter-output>
        </test-method> <!-- testVectorAllPositionsNull -->
        <test-method status="PASS" signature="testVectorMultiplePositions()[pri:0, instance:com.facebook.presto.operator.aggregation.TestDoubleVariancePopAggregation@459371b9]" name="testVectorMultiplePositions" duration-ms="1" started-at="2014-05-07T06:56:34Z" finished-at="2014-05-07T06:56:34Z">
          <reporter-output>
          </reporter-output>
        </test-method> <!-- testVectorMultiplePositions -->
        <test-method status="PASS" signature="testVectorPartialWithMixedNullAndNonNullPositions()[pri:0, instance:com.facebook.presto.operator.aggregation.TestDoubleVariancePopAggregation@459371b9]" name="testVectorPartialWithMixedNullAndNonNullPositions" duration-ms="2" started-at="2014-05-07T06:56:34Z" finished-at="2014-05-07T06:56:34Z">
          <reporter-output>
          </reporter-output>
        </test-method> <!-- testVectorPartialWithMixedNullAndNonNullPositions -->
        <test-method status="PASS" signature="testVectorPartialWithMultiplePositions()[pri:0, instance:com.facebook.presto.operator.aggregation.TestDoubleVariancePopAggregation@459371b9]" name="testVectorPartialWithMultiplePositions" duration-ms="1" started-at="2014-05-07T06:56:34Z" finished-at="2014-05-07T06:56:34Z">
          <reporter-output>
          </reporter-output>
        </test-method> <!-- testVectorPartialWithMultiplePositions -->
        <test-method status="PASS" signature="testVectorSinglePosition()[pri:0, instance:com.facebook.presto.operator.aggregation.TestDoubleVariancePopAggregation@459371b9]" name="testVectorSinglePosition" duration-ms="0" started-at="2014-05-07T06:56:34Z" finished-at="2014-05-07T06:56:34Z">
          <reporter-output>
          </reporter-output>
        </test-method> <!-- testVectorSinglePosition -->
      </class> <!-- com.facebook.presto.operator.aggregation.TestDoubleVariancePopAggregation -->
      <class name="com.facebook.presto.operator.aggregation.TestApproximatePercentileAggregation">
        <test-method status="PASS" signature="testDoublePartialStep()[pri:0, instance:com.facebook.presto.operator.aggregation.TestApproximatePercentileAggregation@5169751d]" name="testDoublePartialStep" duration-ms="6" started-at="2014-05-07T06:58:49Z" finished-at="2014-05-07T06:58:49Z">
          <reporter-output>
          </reporter-output>
        </test-method> <!-- testDoublePartialStep -->
        <test-method status="PASS" signature="testDoubleSingleStep()[pri:0, instance:com.facebook.presto.operator.aggregation.TestApproximatePercentileAggregation@5169751d]" name="testDoubleSingleStep" duration-ms="3" started-at="2014-05-07T06:58:49Z" finished-at="2014-05-07T06:58:49Z">
          <reporter-output>
          </reporter-output>
        </test-method> <!-- testDoubleSingleStep -->
        <test-method status="PASS" signature="testLongPartialStep()[pri:0, instance:com.facebook.presto.operator.aggregation.TestApproximatePercentileAggregation@5169751d]" name="testLongPartialStep" duration-ms="4" started-at="2014-05-07T06:58:49Z" finished-at="2014-05-07T06:58:49Z">
          <reporter-output>
          </reporter-output>
        </test-method> <!-- testLongPartialStep -->
        <test-method status="PASS" signature="testLongSingleStep()[pri:0, instance:com.facebook.presto.operator.aggregation.TestApproximatePercentileAggregation@5169751d]" name="testLongSingleStep" duration-ms="2" started-at="2014-05-07T06:58:49Z" finished-at="2014-05-07T06:58:49Z">
          <reporter-output>
          </reporter-output>
        </test-method> <!-- testLongSingleStep -->
      </class> <!-- com.facebook.presto.operator.aggregation.TestApproximatePercentileAggregation -->
      <class name="com.facebook.presto.block.uncompressed.TestUncompressedLongBlockCursor">
        <test-method status="PASS" signature="testAdvanceNextPosition()[pri:0, instance:com.facebook.presto.block.uncompressed.TestUncompressedLongBlockCursor@63b6feb1]" name="testAdvanceNextPosition" duration-ms="0" started-at="2014-05-07T06:56:48Z" finished-at="2014-05-07T06:56:48Z">
          <reporter-output>
          </reporter-output>
        </test-method> <!-- testAdvanceNextPosition -->
        <test-method status="PASS" signature="testAdvanceToPosition()[pri:0, instance:com.facebook.presto.block.uncompressed.TestUncompressedLongBlockCursor@63b6feb1]" name="testAdvanceToPosition" duration-ms="1" started-at="2014-05-07T06:56:48Z" finished-at="2014-05-07T06:56:48Z">
          <reporter-output>
          </reporter-output>
        </test-method> <!-- testAdvanceToPosition -->
        <test-method status="PASS" signature="setUp()[pri:0, instance:com.facebook.presto.block.uncompressed.TestUncompressedLongBlockCursor@63b6feb1]" name="setUp" is-config="true" duration-ms="0" started-at="2014-05-07T06:56:48Z" finished-at="2014-05-07T06:56:48Z">
          <reporter-output>
          </reporter-output>
        </test-method> <!-- setUp -->
        <test-method status="PASS" signature="testFirstPosition()[pri:0, instance:com.facebook.presto.block.uncompressed.TestUncompressedLongBlockCursor@63b6feb1]" name="testFirstPosition" duration-ms="0" started-at="2014-05-07T06:56:48Z" finished-at="2014-05-07T06:56:48Z">
          <reporter-output>
          </reporter-output>
        </test-method> <!-- testFirstPosition -->
        <test-method status="PASS" signature="testCursorType()[pri:0, instance:com.facebook.presto.block.uncompressed.TestUncompressedLongBlockCursor@63b6feb1]" name="testCursorType" duration-ms="1" started-at="2014-05-07T06:56:48Z" finished-at="2014-05-07T06:56:48Z">
          <reporter-output>
          </reporter-output>
        </test-method> <!-- testCursorType -->
        <test-method status="PASS" signature="testStates()[pri:0, instance:com.facebook.presto.block.uncompressed.TestUncompressedLongBlockCursor@63b6feb1]" name="testStates" duration-ms="0" started-at="2014-05-07T06:56:48Z" finished-at="2014-05-07T06:56:48Z">
          <reporter-output>
          </reporter-output>
        </test-method> <!-- testStates -->
      </class> <!-- com.facebook.presto.block.uncompressed.TestUncompressedLongBlockCursor -->
    </test> <!-- Command line test -->
  </suite> <!-- Command line suite -->
</testng-results>
