<?xml version="1.0" encoding="UTF-8"?>
<!-- Generated by org.testng.reporters.JUnitXMLReporter -->
<testsuite hostname="dlnode13" name="Command line test" tests="1234" failures="0" timestamp="7 May 2014 07:00:32 GMT" time="238.719" errors="0">
  <testcase name="testAllPositionsNull" time="0.007" classname="com.facebook.presto.operator.aggregation.TestBooleanMaxAggregation"/>
  <testcase name="testMixedNullAndNonNullPositions" time="0.002" classname="com.facebook.presto.operator.aggregation.TestBooleanMaxAggregation"/>
  <testcase name="testMultiplePositions" time="0.001" classname="com.facebook.presto.operator.aggregation.TestBooleanMaxAggregation"/>
  <testcase name="testNegativeOnlyValues" time="0.001" classname="com.facebook.presto.operator.aggregation.TestBooleanMaxAggregation"/>
  <testcase name="testNoPositions" time="0.001" classname="com.facebook.presto.operator.aggregation.TestBooleanMaxAggregation"/>
  <testcase name="testPartialWithMixedNullAndNonNullPositions" time="0.002" classname="com.facebook.presto.operator.aggregation.TestBooleanMaxAggregation"/>
  <testcase name="testPartialWithMultiplePositions" time="0.001" classname="com.facebook.presto.operator.aggregation.TestBooleanMaxAggregation"/>
  <testcase name="testPositiveOnlyValues" time="0.001" classname="com.facebook.presto.operator.aggregation.TestBooleanMaxAggregation"/>
  <testcase name="testSinglePosition" time="0.002" classname="com.facebook.presto.operator.aggregation.TestBooleanMaxAggregation"/>
  <testcase name="testVectorAllPositionsNull" time="0.001" classname="com.facebook.presto.operator.aggregation.TestBooleanMaxAggregation"/>
  <testcase name="testVectorMixedNullAndNonNullPositions" time="0.001" classname="com.facebook.presto.operator.aggregation.TestBooleanMaxAggregation"/>
  <testcase name="testVectorMultiplePositions" time="0.001" classname="com.facebook.presto.operator.aggregation.TestBooleanMaxAggregation"/>
  <testcase name="testVectorPartialWithMixedNullAndNonNullPositions" time="0.002" classname="com.facebook.presto.operator.aggregation.TestBooleanMaxAggregation"/>
  <testcase name="testVectorPartialWithMultiplePositions" time="0.001" classname="com.facebook.presto.operator.aggregation.TestBooleanMaxAggregation"/>
  <testcase name="testVectorSinglePosition" time="0.001" classname="com.facebook.presto.operator.aggregation.TestBooleanMaxAggregation"/>
  <testcase name="testAllPositionsNull" time="0.002" classname="com.facebook.presto.operator.aggregation.TestBooleanMinAggregation"/>
  <testcase name="testMixedNullAndNonNullPositions" time="0.002" classname="com.facebook.presto.operator.aggregation.TestBooleanMinAggregation"/>
  <testcase name="testMultiplePositions" time="0.001" classname="com.facebook.presto.operator.aggregation.TestBooleanMinAggregation"/>
  <testcase name="testNegativeOnlyValues" time="0.001" classname="com.facebook.presto.operator.aggregation.TestBooleanMinAggregation"/>
  <testcase name="testNoPositions" time="0.001" classname="com.facebook.presto.operator.aggregation.TestBooleanMinAggregation"/>
  <testcase name="testPartialWithMixedNullAndNonNullPositions" time="0.003" classname="com.facebook.presto.operator.aggregation.TestBooleanMinAggregation"/>
  <testcase name="testPartialWithMultiplePositions" time="0.001" classname="com.facebook.presto.operator.aggregation.TestBooleanMinAggregation"/>
  <testcase name="testPositiveOnlyValues" time="0.001" classname="com.facebook.presto.operator.aggregation.TestBooleanMinAggregation"/>
  <testcase name="testSinglePosition" time="0.001" classname="com.facebook.presto.operator.aggregation.TestBooleanMinAggregation"/>
  <testcase name="testVectorAllPositionsNull" time="0.0" classname="com.facebook.presto.operator.aggregation.TestBooleanMinAggregation"/>
  <testcase name="testVectorMixedNullAndNonNullPositions" time="0.001" classname="com.facebook.presto.operator.aggregation.TestBooleanMinAggregation"/>
  <testcase name="testVectorMultiplePositions" time="0.001" classname="com.facebook.presto.operator.aggregation.TestBooleanMinAggregation"/>
  <testcase name="testVectorPartialWithMixedNullAndNonNullPositions" time="0.002" classname="com.facebook.presto.operator.aggregation.TestBooleanMinAggregation"/>
  <testcase name="testVectorPartialWithMultiplePositions" time="0.002" classname="com.facebook.presto.operator.aggregation.TestBooleanMinAggregation"/>
  <testcase name="testVectorSinglePosition" time="0.0" classname="com.facebook.presto.operator.aggregation.TestBooleanMinAggregation"/>
  <testcase name="testAllPositionsNull" time="0.001" classname="com.facebook.presto.operator.aggregation.TestCountAggregation"/>
  <testcase name="testMixedNullAndNonNullPositions" time="0.001" classname="com.facebook.presto.operator.aggregation.TestCountAggregation"/>
  <testcase name="testMultiplePositions" time="0.001" classname="com.facebook.presto.operator.aggregation.TestCountAggregation"/>
  <testcase name="testNegativeOnlyValues" time="0.001" classname="com.facebook.presto.operator.aggregation.TestCountAggregation"/>
  <testcase name="testNoPositions" time="0.001" classname="com.facebook.presto.operator.aggregation.TestCountAggregation"/>
  <testcase name="testPartialWithMixedNullAndNonNullPositions" time="0.002" classname="com.facebook.presto.operator.aggregation.TestCountAggregation"/>
  <testcase name="testPartialWithMultiplePositions" time="0.002" classname="com.facebook.presto.operator.aggregation.TestCountAggregation"/>
  <testcase name="testPositiveOnlyValues" time="0.0" classname="com.facebook.presto.operator.aggregation.TestCountAggregation"/>
  <testcase name="testSinglePosition" time="0.001" classname="com.facebook.presto.operator.aggregation.TestCountAggregation"/>
  <testcase name="testVectorAllPositionsNull" time="0.001" classname="com.facebook.presto.operator.aggregation.TestCountAggregation"/>
  <testcase name="testVectorMixedNullAndNonNullPositions" time="0.001" classname="com.facebook.presto.operator.aggregation.TestCountAggregation"/>
  <testcase name="testVectorMultiplePositions" time="0.001" classname="com.facebook.presto.operator.aggregation.TestCountAggregation"/>
  <testcase name="testVectorPartialWithMixedNullAndNonNullPositions" time="0.002" classname="com.facebook.presto.operator.aggregation.TestCountAggregation"/>
  <testcase name="testVectorPartialWithMultiplePositions" time="0.002" classname="com.facebook.presto.operator.aggregation.TestCountAggregation"/>
  <testcase name="testVectorSinglePosition" time="0.0" classname="com.facebook.presto.operator.aggregation.TestCountAggregation"/>
  <testcase name="testAllPositionsNull" time="0.002" classname="com.facebook.presto.operator.aggregation.TestCountColumnAggregation"/>
  <testcase name="testMixedNullAndNonNullPositions" time="0.001" classname="com.facebook.presto.operator.aggregation.TestCountColumnAggregation"/>
  <testcase name="testMultiplePositions" time="0.001" classname="com.facebook.presto.operator.aggregation.TestCountColumnAggregation"/>
  <testcase name="testNegativeOnlyValues" time="0.0" classname="com.facebook.presto.operator.aggregation.TestCountColumnAggregation"/>
  <testcase name="testNoPositions" time="0.0" classname="com.facebook.presto.operator.aggregation.TestCountColumnAggregation"/>
  <testcase name="testPartialWithMixedNullAndNonNullPositions" time="0.003" classname="com.facebook.presto.operator.aggregation.TestCountColumnAggregation"/>
  <testcase name="testPartialWithMultiplePositions" time="0.001" classname="com.facebook.presto.operator.aggregation.TestCountColumnAggregation"/>
  <testcase name="testPositiveOnlyValues" time="0.001" classname="com.facebook.presto.operator.aggregation.TestCountColumnAggregation"/>
  <testcase name="testSinglePosition" time="0.0" classname="com.facebook.presto.operator.aggregation.TestCountColumnAggregation"/>
  <testcase name="testVectorAllPositionsNull" time="0.0" classname="com.facebook.presto.operator.aggregation.TestCountColumnAggregation"/>
  <testcase name="testVectorMixedNullAndNonNullPositions" time="0.001" classname="com.facebook.presto.operator.aggregation.TestCountColumnAggregation"/>
  <testcase name="testVectorMultiplePositions" time="0.001" classname="com.facebook.presto.operator.aggregation.TestCountColumnAggregation"/>
  <testcase name="testVectorPartialWithMixedNullAndNonNullPositions" time="0.002" classname="com.facebook.presto.operator.aggregation.TestCountColumnAggregation"/>
  <testcase name="testVectorPartialWithMultiplePositions" time="0.002" classname="com.facebook.presto.operator.aggregation.TestCountColumnAggregation"/>
  <testcase name="testVectorSinglePosition" time="0.0" classname="com.facebook.presto.operator.aggregation.TestCountColumnAggregation"/>
  <testcase name="testAllPositionsNull" time="0.002" classname="com.facebook.presto.operator.aggregation.TestCountIfAggregation"/>
  <testcase name="testMixedNullAndNonNullPositions" time="0.001" classname="com.facebook.presto.operator.aggregation.TestCountIfAggregation"/>
  <testcase name="testMultiplePositions" time="0.001" classname="com.facebook.presto.operator.aggregation.TestCountIfAggregation"/>
  <testcase name="testNegativeOnlyValues" time="0.001" classname="com.facebook.presto.operator.aggregation.TestCountIfAggregation"/>
  <testcase name="testNoPositions" time="0.001" classname="com.facebook.presto.operator.aggregation.TestCountIfAggregation"/>
  <testcase name="testPartialWithMixedNullAndNonNullPositions" time="0.002" classname="com.facebook.presto.operator.aggregation.TestCountIfAggregation"/>
  <testcase name="testPartialWithMultiplePositions" time="0.001" classname="com.facebook.presto.operator.aggregation.TestCountIfAggregation"/>
  <testcase name="testPositiveOnlyValues" time="0.001" classname="com.facebook.presto.operator.aggregation.TestCountIfAggregation"/>
  <testcase name="testSinglePosition" time="0.001" classname="com.facebook.presto.operator.aggregation.TestCountIfAggregation"/>
  <testcase name="testVectorAllPositionsNull" time="0.0" classname="com.facebook.presto.operator.aggregation.TestCountIfAggregation"/>
  <testcase name="testVectorMixedNullAndNonNullPositions" time="0.001" classname="com.facebook.presto.operator.aggregation.TestCountIfAggregation"/>
  <testcase name="testVectorMultiplePositions" time="0.001" classname="com.facebook.presto.operator.aggregation.TestCountIfAggregation"/>
  <testcase name="testVectorPartialWithMixedNullAndNonNullPositions" time="0.002" classname="com.facebook.presto.operator.aggregation.TestCountIfAggregation"/>
  <testcase name="testVectorPartialWithMultiplePositions" time="0.001" classname="com.facebook.presto.operator.aggregation.TestCountIfAggregation"/>
  <testcase name="testVectorSinglePosition" time="0.0" classname="com.facebook.presto.operator.aggregation.TestCountIfAggregation"/>
  <testcase name="testAllPositionsNull" time="0.002" classname="com.facebook.presto.operator.aggregation.TestDoubleApproximateAverageAggregation"/>
  <testcase name="testMixedNullAndNonNullPositions" time="0.002" classname="com.facebook.presto.operator.aggregation.TestDoubleApproximateAverageAggregation"/>
  <testcase name="testMultiplePositions" time="0.001" classname="com.facebook.presto.operator.aggregation.TestDoubleApproximateAverageAggregation"/>
  <testcase name="testNegativeOnlyValues" time="0.001" classname="com.facebook.presto.operator.aggregation.TestDoubleApproximateAverageAggregation"/>
  <testcase name="testNoPositions" time="0.001" classname="com.facebook.presto.operator.aggregation.TestDoubleApproximateAverageAggregation"/>
  <testcase name="testPartialWithMixedNullAndNonNullPositions" time="0.002" classname="com.facebook.presto.operator.aggregation.TestDoubleApproximateAverageAggregation"/>
  <testcase name="testPartialWithMultiplePositions" time="0.002" classname="com.facebook.presto.operator.aggregation.TestDoubleApproximateAverageAggregation"/>
  <testcase name="testPositiveOnlyValues" time="0.001" classname="com.facebook.presto.operator.aggregation.TestDoubleApproximateAverageAggregation"/>
  <testcase name="testSinglePosition" time="0.001" classname="com.facebook.presto.operator.aggregation.TestDoubleApproximateAverageAggregation"/>
  <testcase name="testVectorAllPositionsNull" time="0.001" classname="com.facebook.presto.operator.aggregation.TestDoubleApproximateAverageAggregation"/>
  <testcase name="testVectorMixedNullAndNonNullPositions" time="0.001" classname="com.facebook.presto.operator.aggregation.TestDoubleApproximateAverageAggregation"/>
  <testcase name="testVectorMultiplePositions" time="0.001" classname="com.facebook.presto.operator.aggregation.TestDoubleApproximateAverageAggregation"/>
  <testcase name="testVectorPartialWithMixedNullAndNonNullPositions" time="0.002" classname="com.facebook.presto.operator.aggregation.TestDoubleApproximateAverageAggregation"/>
  <testcase name="testVectorPartialWithMultiplePositions" time="0.002" classname="com.facebook.presto.operator.aggregation.TestDoubleApproximateAverageAggregation"/>
  <testcase name="testVectorSinglePosition" time="0.0" classname="com.facebook.presto.operator.aggregation.TestDoubleApproximateAverageAggregation"/>
  <testcase name="testAllPositionsNull" time="0.001" classname="com.facebook.presto.operator.aggregation.TestDoubleAverageAggregation"/>
  <testcase name="testMixedNullAndNonNullPositions" time="0.002" classname="com.facebook.presto.operator.aggregation.TestDoubleAverageAggregation"/>
  <testcase name="testMultiplePositions" time="0.001" classname="com.facebook.presto.operator.aggregation.TestDoubleAverageAggregation"/>
  <testcase name="testNegativeOnlyValues" time="0.001" classname="com.facebook.presto.operator.aggregation.TestDoubleAverageAggregation"/>
  <testcase name="testNoPositions" time="0.0" classname="com.facebook.presto.operator.aggregation.TestDoubleAverageAggregation"/>
  <testcase name="testPartialWithMixedNullAndNonNullPositions" time="0.002" classname="com.facebook.presto.operator.aggregation.TestDoubleAverageAggregation"/>
  <testcase name="testPartialWithMultiplePositions" time="0.001" classname="com.facebook.presto.operator.aggregation.TestDoubleAverageAggregation"/>
  <testcase name="testPositiveOnlyValues" time="0.001" classname="com.facebook.presto.operator.aggregation.TestDoubleAverageAggregation"/>
  <testcase name="testSinglePosition" time="0.0" classname="com.facebook.presto.operator.aggregation.TestDoubleAverageAggregation"/>
  <testcase name="testVectorAllPositionsNull" time="0.0" classname="com.facebook.presto.operator.aggregation.TestDoubleAverageAggregation"/>
  <testcase name="testVectorMixedNullAndNonNullPositions" time="0.001" classname="com.facebook.presto.operator.aggregation.TestDoubleAverageAggregation"/>
  <testcase name="testVectorMultiplePositions" time="0.001" classname="com.facebook.presto.operator.aggregation.TestDoubleAverageAggregation"/>
  <testcase name="testVectorPartialWithMixedNullAndNonNullPositions" time="0.002" classname="com.facebook.presto.operator.aggregation.TestDoubleAverageAggregation"/>
  <testcase name="testVectorPartialWithMultiplePositions" time="0.002" classname="com.facebook.presto.operator.aggregation.TestDoubleAverageAggregation"/>
  <testcase name="testVectorSinglePosition" time="0.0" classname="com.facebook.presto.operator.aggregation.TestDoubleAverageAggregation"/>
  <testcase name="testAllPositionsNull" time="0.002" classname="com.facebook.presto.operator.aggregation.TestDoubleMaxAggregation"/>
  <testcase name="testMixedNullAndNonNullPositions" time="0.001" classname="com.facebook.presto.operator.aggregation.TestDoubleMaxAggregation"/>
  <testcase name="testMultiplePositions" time="0.001" classname="com.facebook.presto.operator.aggregation.TestDoubleMaxAggregation"/>
  <testcase name="testNegativeOnlyValues" time="0.001" classname="com.facebook.presto.operator.aggregation.TestDoubleMaxAggregation"/>
  <testcase name="testNoPositions" time="0.0" classname="com.facebook.presto.operator.aggregation.TestDoubleMaxAggregation"/>
  <testcase name="testPartialWithMixedNullAndNonNullPositions" time="0.002" classname="com.facebook.presto.operator.aggregation.TestDoubleMaxAggregation"/>
  <testcase name="testPartialWithMultiplePositions" time="0.001" classname="com.facebook.presto.operator.aggregation.TestDoubleMaxAggregation"/>
  <testcase name="testPositiveOnlyValues" time="0.0" classname="com.facebook.presto.operator.aggregation.TestDoubleMaxAggregation"/>
  <testcase name="testSinglePosition" time="0.0" classname="com.facebook.presto.operator.aggregation.TestDoubleMaxAggregation"/>
  <testcase name="testVectorAllPositionsNull" time="0.001" classname="com.facebook.presto.operator.aggregation.TestDoubleMaxAggregation"/>
  <testcase name="testVectorMixedNullAndNonNullPositions" time="0.001" classname="com.facebook.presto.operator.aggregation.TestDoubleMaxAggregation"/>
  <testcase name="testVectorMultiplePositions" time="0.001" classname="com.facebook.presto.operator.aggregation.TestDoubleMaxAggregation"/>
  <testcase name="testVectorPartialWithMixedNullAndNonNullPositions" time="0.001" classname="com.facebook.presto.operator.aggregation.TestDoubleMaxAggregation"/>
  <testcase name="testVectorPartialWithMultiplePositions" time="0.001" classname="com.facebook.presto.operator.aggregation.TestDoubleMaxAggregation"/>
  <testcase name="testVectorSinglePosition" time="0.0" classname="com.facebook.presto.operator.aggregation.TestDoubleMaxAggregation"/>
  <testcase name="testAllPositionsNull" time="0.002" classname="com.facebook.presto.operator.aggregation.TestDoubleMinAggregation"/>
  <testcase name="testMixedNullAndNonNullPositions" time="0.001" classname="com.facebook.presto.operator.aggregation.TestDoubleMinAggregation"/>
  <testcase name="testMultiplePositions" time="0.001" classname="com.facebook.presto.operator.aggregation.TestDoubleMinAggregation"/>
  <testcase name="testNegativeOnlyValues" time="0.001" classname="com.facebook.presto.operator.aggregation.TestDoubleMinAggregation"/>
  <testcase name="testNoPositions" time="0.0" classname="com.facebook.presto.operator.aggregation.TestDoubleMinAggregation"/>
  <testcase name="testPartialWithMixedNullAndNonNullPositions" time="0.002" classname="com.facebook.presto.operator.aggregation.TestDoubleMinAggregation"/>
  <testcase name="testPartialWithMultiplePositions" time="0.001" classname="com.facebook.presto.operator.aggregation.TestDoubleMinAggregation"/>
  <testcase name="testPositiveOnlyValues" time="0.0" classname="com.facebook.presto.operator.aggregation.TestDoubleMinAggregation"/>
  <testcase name="testSinglePosition" time="0.001" classname="com.facebook.presto.operator.aggregation.TestDoubleMinAggregation"/>
  <testcase name="testVectorAllPositionsNull" time="0.001" classname="com.facebook.presto.operator.aggregation.TestDoubleMinAggregation"/>
  <testcase name="testVectorMixedNullAndNonNullPositions" time="0.001" classname="com.facebook.presto.operator.aggregation.TestDoubleMinAggregation"/>
  <testcase name="testVectorMultiplePositions" time="0.0" classname="com.facebook.presto.operator.aggregation.TestDoubleMinAggregation"/>
  <testcase name="testVectorPartialWithMixedNullAndNonNullPositions" time="0.002" classname="com.facebook.presto.operator.aggregation.TestDoubleMinAggregation"/>
  <testcase name="testVectorPartialWithMultiplePositions" time="0.001" classname="com.facebook.presto.operator.aggregation.TestDoubleMinAggregation"/>
  <testcase name="testVectorSinglePosition" time="0.0" classname="com.facebook.presto.operator.aggregation.TestDoubleMinAggregation"/>
  <testcase name="testAllPositionsNull" time="0.002" classname="com.facebook.presto.operator.aggregation.TestDoubleStdDevAggregation"/>
  <testcase name="testMixedNullAndNonNullPositions" time="0.008" classname="com.facebook.presto.operator.aggregation.TestDoubleStdDevAggregation"/>
  <testcase name="testMultiplePositions" time="0.001" classname="com.facebook.presto.operator.aggregation.TestDoubleStdDevAggregation"/>
  <testcase name="testNegativeOnlyValues" time="0.0" classname="com.facebook.presto.operator.aggregation.TestDoubleStdDevAggregation"/>
  <testcase name="testNoPositions" time="0.001" classname="com.facebook.presto.operator.aggregation.TestDoubleStdDevAggregation"/>
  <testcase name="testPartialWithMixedNullAndNonNullPositions" time="0.002" classname="com.facebook.presto.operator.aggregation.TestDoubleStdDevAggregation"/>
  <testcase name="testPartialWithMultiplePositions" time="0.001" classname="com.facebook.presto.operator.aggregation.TestDoubleStdDevAggregation"/>
  <testcase name="testPositiveOnlyValues" time="0.0" classname="com.facebook.presto.operator.aggregation.TestDoubleStdDevAggregation"/>
  <testcase name="testSinglePosition" time="0.001" classname="com.facebook.presto.operator.aggregation.TestDoubleStdDevAggregation"/>
  <testcase name="testVectorAllPositionsNull" time="0.001" classname="com.facebook.presto.operator.aggregation.TestDoubleStdDevAggregation"/>
  <testcase name="testVectorMixedNullAndNonNullPositions" time="0.001" classname="com.facebook.presto.operator.aggregation.TestDoubleStdDevAggregation"/>
  <testcase name="testVectorMultiplePositions" time="0.0" classname="com.facebook.presto.operator.aggregation.TestDoubleStdDevAggregation"/>
  <testcase name="testVectorPartialWithMixedNullAndNonNullPositions" time="0.001" classname="com.facebook.presto.operator.aggregation.TestDoubleStdDevAggregation"/>
  <testcase name="testVectorPartialWithMultiplePositions" time="0.001" classname="com.facebook.presto.operator.aggregation.TestDoubleStdDevAggregation"/>
  <testcase name="testVectorSinglePosition" time="0.0" classname="com.facebook.presto.operator.aggregation.TestDoubleStdDevAggregation"/>
  <testcase name="testAllPositionsNull" time="0.001" classname="com.facebook.presto.operator.aggregation.TestDoubleStdDevPopAggregation"/>
  <testcase name="testMixedNullAndNonNullPositions" time="0.001" classname="com.facebook.presto.operator.aggregation.TestDoubleStdDevPopAggregation"/>
  <testcase name="testMultiplePositions" time="0.001" classname="com.facebook.presto.operator.aggregation.TestDoubleStdDevPopAggregation"/>
  <testcase name="testNegativeOnlyValues" time="0.001" classname="com.facebook.presto.operator.aggregation.TestDoubleStdDevPopAggregation"/>
  <testcase name="testNoPositions" time="0.001" classname="com.facebook.presto.operator.aggregation.TestDoubleStdDevPopAggregation"/>
  <testcase name="testPartialWithMixedNullAndNonNullPositions" time="0.002" classname="com.facebook.presto.operator.aggregation.TestDoubleStdDevPopAggregation"/>
  <testcase name="testPartialWithMultiplePositions" time="0.001" classname="com.facebook.presto.operator.aggregation.TestDoubleStdDevPopAggregation"/>
  <testcase name="testPositiveOnlyValues" time="0.001" classname="com.facebook.presto.operator.aggregation.TestDoubleStdDevPopAggregation"/>
  <testcase name="testSinglePosition" time="0.001" classname="com.facebook.presto.operator.aggregation.TestDoubleStdDevPopAggregation"/>
  <testcase name="testVectorAllPositionsNull" time="0.001" classname="com.facebook.presto.operator.aggregation.TestDoubleStdDevPopAggregation"/>
  <testcase name="testVectorMixedNullAndNonNullPositions" time="0.0" classname="com.facebook.presto.operator.aggregation.TestDoubleStdDevPopAggregation"/>
  <testcase name="testVectorMultiplePositions" time="0.0" classname="com.facebook.presto.operator.aggregation.TestDoubleStdDevPopAggregation"/>
  <testcase name="testVectorPartialWithMixedNullAndNonNullPositions" time="0.002" classname="com.facebook.presto.operator.aggregation.TestDoubleStdDevPopAggregation"/>
  <testcase name="testVectorPartialWithMultiplePositions" time="0.002" classname="com.facebook.presto.operator.aggregation.TestDoubleStdDevPopAggregation"/>
  <testcase name="testVectorSinglePosition" time="0.0" classname="com.facebook.presto.operator.aggregation.TestDoubleStdDevPopAggregation"/>
  <testcase name="testAllPositionsNull" time="0.002" classname="com.facebook.presto.operator.aggregation.TestDoubleSumAggregation"/>
  <testcase name="testMixedNullAndNonNullPositions" time="0.001" classname="com.facebook.presto.operator.aggregation.TestDoubleSumAggregation"/>
  <testcase name="testMultiplePositions" time="0.001" classname="com.facebook.presto.operator.aggregation.TestDoubleSumAggregation"/>
  <testcase name="testNegativeOnlyValues" time="0.0" classname="com.facebook.presto.operator.aggregation.TestDoubleSumAggregation"/>
  <testcase name="testNoPositions" time="0.0" classname="com.facebook.presto.operator.aggregation.TestDoubleSumAggregation"/>
  <testcase name="testPartialWithMixedNullAndNonNullPositions" time="0.002" classname="com.facebook.presto.operator.aggregation.TestDoubleSumAggregation"/>
  <testcase name="testPartialWithMultiplePositions" time="0.001" classname="com.facebook.presto.operator.aggregation.TestDoubleSumAggregation"/>
  <testcase name="testPositiveOnlyValues" time="0.001" classname="com.facebook.presto.operator.aggregation.TestDoubleSumAggregation"/>
  <testcase name="testSinglePosition" time="0.001" classname="com.facebook.presto.operator.aggregation.TestDoubleSumAggregation"/>
  <testcase name="testVectorAllPositionsNull" time="0.0" classname="com.facebook.presto.operator.aggregation.TestDoubleSumAggregation"/>
  <testcase name="testVectorMixedNullAndNonNullPositions" time="0.001" classname="com.facebook.presto.operator.aggregation.TestDoubleSumAggregation"/>
  <testcase name="testVectorMultiplePositions" time="0.001" classname="com.facebook.presto.operator.aggregation.TestDoubleSumAggregation"/>
  <testcase name="testVectorPartialWithMixedNullAndNonNullPositions" time="0.002" classname="com.facebook.presto.operator.aggregation.TestDoubleSumAggregation"/>
  <testcase name="testVectorPartialWithMultiplePositions" time="0.001" classname="com.facebook.presto.operator.aggregation.TestDoubleSumAggregation"/>
  <testcase name="testVectorSinglePosition" time="0.001" classname="com.facebook.presto.operator.aggregation.TestDoubleSumAggregation"/>
  <testcase name="testAllPositionsNull" time="0.001" classname="com.facebook.presto.operator.aggregation.TestDoubleVarianceAggregation"/>
  <testcase name="testMixedNullAndNonNullPositions" time="0.001" classname="com.facebook.presto.operator.aggregation.TestDoubleVarianceAggregation"/>
  <testcase name="testMultiplePositions" time="0.001" classname="com.facebook.presto.operator.aggregation.TestDoubleVarianceAggregation"/>
  <testcase name="testNegativeOnlyValues" time="0.0" classname="com.facebook.presto.operator.aggregation.TestDoubleVarianceAggregation"/>
  <testcase name="testNoPositions" time="0.001" classname="com.facebook.presto.operator.aggregation.TestDoubleVarianceAggregation"/>
  <testcase name="testPartialWithMixedNullAndNonNullPositions" time="0.002" classname="com.facebook.presto.operator.aggregation.TestDoubleVarianceAggregation"/>
  <testcase name="testPartialWithMultiplePositions" time="0.002" classname="com.facebook.presto.operator.aggregation.TestDoubleVarianceAggregation"/>
  <testcase name="testPositiveOnlyValues" time="0.0" classname="com.facebook.presto.operator.aggregation.TestDoubleVarianceAggregation"/>
  <testcase name="testSinglePosition" time="0.0" classname="com.facebook.presto.operator.aggregation.TestDoubleVarianceAggregation"/>
  <testcase name="testVectorAllPositionsNull" time="0.001" classname="com.facebook.presto.operator.aggregation.TestDoubleVarianceAggregation"/>
  <testcase name="testVectorMixedNullAndNonNullPositions" time="0.001" classname="com.facebook.presto.operator.aggregation.TestDoubleVarianceAggregation"/>
  <testcase name="testVectorMultiplePositions" time="0.0" classname="com.facebook.presto.operator.aggregation.TestDoubleVarianceAggregation"/>
  <testcase name="testVectorPartialWithMixedNullAndNonNullPositions" time="0.001" classname="com.facebook.presto.operator.aggregation.TestDoubleVarianceAggregation"/>
  <testcase name="testVectorPartialWithMultiplePositions" time="0.001" classname="com.facebook.presto.operator.aggregation.TestDoubleVarianceAggregation"/>
  <testcase name="testVectorSinglePosition" time="0.0" classname="com.facebook.presto.operator.aggregation.TestDoubleVarianceAggregation"/>
  <testcase name="testAllPositionsNull" time="0.001" classname="com.facebook.presto.operator.aggregation.TestDoubleVariancePopAggregation"/>
  <testcase name="testMixedNullAndNonNullPositions" time="0.001" classname="com.facebook.presto.operator.aggregation.TestDoubleVariancePopAggregation"/>
  <testcase name="testMultiplePositions" time="0.001" classname="com.facebook.presto.operator.aggregation.TestDoubleVariancePopAggregation"/>
  <testcase name="testNegativeOnlyValues" time="0.001" classname="com.facebook.presto.operator.aggregation.TestDoubleVariancePopAggregation"/>
  <testcase name="testNoPositions" time="0.001" classname="com.facebook.presto.operator.aggregation.TestDoubleVariancePopAggregation"/>
  <testcase name="testPartialWithMixedNullAndNonNullPositions" time="0.002" classname="com.facebook.presto.operator.aggregation.TestDoubleVariancePopAggregation"/>
  <testcase name="testPartialWithMultiplePositions" time="0.001" classname="com.facebook.presto.operator.aggregation.TestDoubleVariancePopAggregation"/>
  <testcase name="testPositiveOnlyValues" time="0.001" classname="com.facebook.presto.operator.aggregation.TestDoubleVariancePopAggregation"/>
  <testcase name="testSinglePosition" time="0.001" classname="com.facebook.presto.operator.aggregation.TestDoubleVariancePopAggregation"/>
  <testcase name="testVectorAllPositionsNull" time="0.0" classname="com.facebook.presto.operator.aggregation.TestDoubleVariancePopAggregation"/>
  <testcase name="testVectorMixedNullAndNonNullPositions" time="0.001" classname="com.facebook.presto.operator.aggregation.TestDoubleVariancePopAggregation"/>
  <testcase name="testVectorMultiplePositions" time="0.001" classname="com.facebook.presto.operator.aggregation.TestDoubleVariancePopAggregation"/>
  <testcase name="testVectorPartialWithMixedNullAndNonNullPositions" time="0.002" classname="com.facebook.presto.operator.aggregation.TestDoubleVariancePopAggregation"/>
  <testcase name="testVectorPartialWithMultiplePositions" time="0.001" classname="com.facebook.presto.operator.aggregation.TestDoubleVariancePopAggregation"/>
  <testcase name="testVectorSinglePosition" time="0.0" classname="com.facebook.presto.operator.aggregation.TestDoubleVariancePopAggregation"/>
  <testcase name="testAllPositionsNull" time="0.002" classname="com.facebook.presto.operator.aggregation.TestLongApproximateAverageAggregation"/>
  <testcase name="testMixedNullAndNonNullPositions" time="0.001" classname="com.facebook.presto.operator.aggregation.TestLongApproximateAverageAggregation"/>
  <testcase name="testMultiplePositions" time="0.001" classname="com.facebook.presto.operator.aggregation.TestLongApproximateAverageAggregation"/>
  <testcase name="testNegativeOnlyValues" time="0.001" classname="com.facebook.presto.operator.aggregation.TestLongApproximateAverageAggregation"/>
  <testcase name="testNoPositions" time="0.0" classname="com.facebook.presto.operator.aggregation.TestLongApproximateAverageAggregation"/>
  <testcase name="testPartialWithMixedNullAndNonNullPositions" time="0.002" classname="com.facebook.presto.operator.aggregation.TestLongApproximateAverageAggregation"/>
  <testcase name="testPartialWithMultiplePositions" time="0.001" classname="com.facebook.presto.operator.aggregation.TestLongApproximateAverageAggregation"/>
  <testcase name="testPositiveOnlyValues" time="0.001" classname="com.facebook.presto.operator.aggregation.TestLongApproximateAverageAggregation"/>
  <testcase name="testSinglePosition" time="0.001" classname="com.facebook.presto.operator.aggregation.TestLongApproximateAverageAggregation"/>
  <testcase name="testVectorAllPositionsNull" time="0.0" classname="com.facebook.presto.operator.aggregation.TestLongApproximateAverageAggregation"/>
  <testcase name="testVectorMixedNullAndNonNullPositions" time="0.0" classname="com.facebook.presto.operator.aggregation.TestLongApproximateAverageAggregation"/>
  <testcase name="testVectorMultiplePositions" time="0.001" classname="com.facebook.presto.operator.aggregation.TestLongApproximateAverageAggregation"/>
  <testcase name="testVectorPartialWithMixedNullAndNonNullPositions" time="0.002" classname="com.facebook.presto.operator.aggregation.TestLongApproximateAverageAggregation"/>
  <testcase name="testVectorPartialWithMultiplePositions" time="0.001" classname="com.facebook.presto.operator.aggregation.TestLongApproximateAverageAggregation"/>
  <testcase name="testVectorSinglePosition" time="0.001" classname="com.facebook.presto.operator.aggregation.TestLongApproximateAverageAggregation"/>
  <testcase name="testAllPositionsNull" time="0.002" classname="com.facebook.presto.operator.aggregation.TestLongAverageAggregation"/>
  <testcase name="testMixedNullAndNonNullPositions" time="0.002" classname="com.facebook.presto.operator.aggregation.TestLongAverageAggregation"/>
  <testcase name="testMultiplePositions" time="0.001" classname="com.facebook.presto.operator.aggregation.TestLongAverageAggregation"/>
  <testcase name="testNegativeOnlyValues" time="0.001" classname="com.facebook.presto.operator.aggregation.TestLongAverageAggregation"/>
  <testcase name="testNoPositions" time="0.001" classname="com.facebook.presto.operator.aggregation.TestLongAverageAggregation"/>
  <testcase name="testPartialWithMixedNullAndNonNullPositions" time="0.002" classname="com.facebook.presto.operator.aggregation.TestLongAverageAggregation"/>
  <testcase name="testPartialWithMultiplePositions" time="0.001" classname="com.facebook.presto.operator.aggregation.TestLongAverageAggregation"/>
  <testcase name="testPositiveOnlyValues" time="0.001" classname="com.facebook.presto.operator.aggregation.TestLongAverageAggregation"/>
  <testcase name="testSinglePosition" time="0.001" classname="com.facebook.presto.operator.aggregation.TestLongAverageAggregation"/>
  <testcase name="testVectorAllPositionsNull" time="0.001" classname="com.facebook.presto.operator.aggregation.TestLongAverageAggregation"/>
  <testcase name="testVectorMixedNullAndNonNullPositions" time="0.001" classname="com.facebook.presto.operator.aggregation.TestLongAverageAggregation"/>
  <testcase name="testVectorMultiplePositions" time="0.001" classname="com.facebook.presto.operator.aggregation.TestLongAverageAggregation"/>
  <testcase name="testVectorPartialWithMixedNullAndNonNullPositions" time="0.002" classname="com.facebook.presto.operator.aggregation.TestLongAverageAggregation"/>
  <testcase name="testVectorPartialWithMultiplePositions" time="0.001" classname="com.facebook.presto.operator.aggregation.TestLongAverageAggregation"/>
  <testcase name="testVectorSinglePosition" time="0.001" classname="com.facebook.presto.operator.aggregation.TestLongAverageAggregation"/>
  <testcase name="testAllPositionsNull" time="0.002" classname="com.facebook.presto.operator.aggregation.TestLongMaxAggregation"/>
  <testcase name="testMixedNullAndNonNullPositions" time="0.0" classname="com.facebook.presto.operator.aggregation.TestLongMaxAggregation"/>
  <testcase name="testMultiplePositions" time="0.0" classname="com.facebook.presto.operator.aggregation.TestLongMaxAggregation"/>
  <testcase name="testNegativeOnlyValues" time="0.001" classname="com.facebook.presto.operator.aggregation.TestLongMaxAggregation"/>
  <testcase name="testNoPositions" time="0.001" classname="com.facebook.presto.operator.aggregation.TestLongMaxAggregation"/>
  <testcase name="testPartialWithMixedNullAndNonNullPositions" time="0.001" classname="com.facebook.presto.operator.aggregation.TestLongMaxAggregation"/>
  <testcase name="testPartialWithMultiplePositions" time="0.0" classname="com.facebook.presto.operator.aggregation.TestLongMaxAggregation"/>
  <testcase name="testPositiveOnlyValues" time="0.0" classname="com.facebook.presto.operator.aggregation.TestLongMaxAggregation"/>
  <testcase name="testSinglePosition" time="0.001" classname="com.facebook.presto.operator.aggregation.TestLongMaxAggregation"/>
  <testcase name="testVectorAllPositionsNull" time="0.0" classname="com.facebook.presto.operator.aggregation.TestLongMaxAggregation"/>
  <testcase name="testVectorMixedNullAndNonNullPositions" time="0.001" classname="com.facebook.presto.operator.aggregation.TestLongMaxAggregation"/>
  <testcase name="testVectorMultiplePositions" time="0.001" classname="com.facebook.presto.operator.aggregation.TestLongMaxAggregation"/>
  <testcase name="testVectorPartialWithMixedNullAndNonNullPositions" time="0.001" classname="com.facebook.presto.operator.aggregation.TestLongMaxAggregation"/>
  <testcase name="testVectorPartialWithMultiplePositions" time="0.001" classname="com.facebook.presto.operator.aggregation.TestLongMaxAggregation"/>
  <testcase name="testVectorSinglePosition" time="0.001" classname="com.facebook.presto.operator.aggregation.TestLongMaxAggregation"/>
  <testcase name="testAllPositionsNull" time="0.001" classname="com.facebook.presto.operator.aggregation.TestLongMinAggregation"/>
  <testcase name="testMixedNullAndNonNullPositions" time="0.001" classname="com.facebook.presto.operator.aggregation.TestLongMinAggregation"/>
  <testcase name="testMultiplePositions" time="0.001" classname="com.facebook.presto.operator.aggregation.TestLongMinAggregation"/>
  <testcase name="testNegativeOnlyValues" time="0.001" classname="com.facebook.presto.operator.aggregation.TestLongMinAggregation"/>
  <testcase name="testNoPositions" time="0.0" classname="com.facebook.presto.operator.aggregation.TestLongMinAggregation"/>
  <testcase name="testPartialWithMixedNullAndNonNullPositions" time="0.002" classname="com.facebook.presto.operator.aggregation.TestLongMinAggregation"/>
  <testcase name="testPartialWithMultiplePositions" time="0.001" classname="com.facebook.presto.operator.aggregation.TestLongMinAggregation"/>
  <testcase name="testPositiveOnlyValues" time="0.001" classname="com.facebook.presto.operator.aggregation.TestLongMinAggregation"/>
  <testcase name="testSinglePosition" time="0.0" classname="com.facebook.presto.operator.aggregation.TestLongMinAggregation"/>
  <testcase name="testVectorAllPositionsNull" time="0.001" classname="com.facebook.presto.operator.aggregation.TestLongMinAggregation"/>
  <testcase name="testVectorMixedNullAndNonNullPositions" time="0.001" classname="com.facebook.presto.operator.aggregation.TestLongMinAggregation"/>
  <testcase name="testVectorMultiplePositions" time="0.0" classname="com.facebook.presto.operator.aggregation.TestLongMinAggregation"/>
  <testcase name="testVectorPartialWithMixedNullAndNonNullPositions" time="0.002" classname="com.facebook.presto.operator.aggregation.TestLongMinAggregation"/>
  <testcase name="testVectorPartialWithMultiplePositions" time="0.001" classname="com.facebook.presto.operator.aggregation.TestLongMinAggregation"/>
  <testcase name="testVectorSinglePosition" time="0.001" classname="com.facebook.presto.operator.aggregation.TestLongMinAggregation"/>
  <testcase name="testAllPositionsNull" time="0.001" classname="com.facebook.presto.operator.aggregation.TestLongStdDevAggregation"/>
  <testcase name="testMixedNullAndNonNullPositions" time="0.001" classname="com.facebook.presto.operator.aggregation.TestLongStdDevAggregation"/>
  <testcase name="testMultiplePositions" time="0.001" classname="com.facebook.presto.operator.aggregation.TestLongStdDevAggregation"/>
  <testcase name="testNegativeOnlyValues" time="0.001" classname="com.facebook.presto.operator.aggregation.TestLongStdDevAggregation"/>
  <testcase name="testNoPositions" time="0.0" classname="com.facebook.presto.operator.aggregation.TestLongStdDevAggregation"/>
  <testcase name="testPartialWithMixedNullAndNonNullPositions" time="0.002" classname="com.facebook.presto.operator.aggregation.TestLongStdDevAggregation"/>
  <testcase name="testPartialWithMultiplePositions" time="0.001" classname="com.facebook.presto.operator.aggregation.TestLongStdDevAggregation"/>
  <testcase name="testPositiveOnlyValues" time="0.001" classname="com.facebook.presto.operator.aggregation.TestLongStdDevAggregation"/>
  <testcase name="testSinglePosition" time="0.0" classname="com.facebook.presto.operator.aggregation.TestLongStdDevAggregation"/>
  <testcase name="testVectorAllPositionsNull" time="0.001" classname="com.facebook.presto.operator.aggregation.TestLongStdDevAggregation"/>
  <testcase name="testVectorMixedNullAndNonNullPositions" time="0.001" classname="com.facebook.presto.operator.aggregation.TestLongStdDevAggregation"/>
  <testcase name="testVectorMultiplePositions" time="0.0" classname="com.facebook.presto.operator.aggregation.TestLongStdDevAggregation"/>
  <testcase name="testVectorPartialWithMixedNullAndNonNullPositions" time="0.002" classname="com.facebook.presto.operator.aggregation.TestLongStdDevAggregation"/>
  <testcase name="testVectorPartialWithMultiplePositions" time="0.001" classname="com.facebook.presto.operator.aggregation.TestLongStdDevAggregation"/>
  <testcase name="testVectorSinglePosition" time="0.001" classname="com.facebook.presto.operator.aggregation.TestLongStdDevAggregation"/>
  <testcase name="testAllPositionsNull" time="0.0" classname="com.facebook.presto.operator.aggregation.TestLongStdDevPopAggregation"/>
  <testcase name="testMixedNullAndNonNullPositions" time="0.001" classname="com.facebook.presto.operator.aggregation.TestLongStdDevPopAggregation"/>
  <testcase name="testMultiplePositions" time="0.001" classname="com.facebook.presto.operator.aggregation.TestLongStdDevPopAggregation"/>
  <testcase name="testNegativeOnlyValues" time="0.0" classname="com.facebook.presto.operator.aggregation.TestLongStdDevPopAggregation"/>
  <testcase name="testNoPositions" time="0.0" classname="com.facebook.presto.operator.aggregation.TestLongStdDevPopAggregation"/>
  <testcase name="testPartialWithMixedNullAndNonNullPositions" time="0.002" classname="com.facebook.presto.operator.aggregation.TestLongStdDevPopAggregation"/>
  <testcase name="testPartialWithMultiplePositions" time="0.001" classname="com.facebook.presto.operator.aggregation.TestLongStdDevPopAggregation"/>
  <testcase name="testPositiveOnlyValues" time="0.001" classname="com.facebook.presto.operator.aggregation.TestLongStdDevPopAggregation"/>
  <testcase name="testSinglePosition" time="0.0" classname="com.facebook.presto.operator.aggregation.TestLongStdDevPopAggregation"/>
  <testcase name="testVectorAllPositionsNull" time="0.001" classname="com.facebook.presto.operator.aggregation.TestLongStdDevPopAggregation"/>
  <testcase name="testVectorMixedNullAndNonNullPositions" time="0.0" classname="com.facebook.presto.operator.aggregation.TestLongStdDevPopAggregation"/>
  <testcase name="testVectorMultiplePositions" time="0.0" classname="com.facebook.presto.operator.aggregation.TestLongStdDevPopAggregation"/>
  <testcase name="testVectorPartialWithMixedNullAndNonNullPositions" time="0.002" classname="com.facebook.presto.operator.aggregation.TestLongStdDevPopAggregation"/>
  <testcase name="testVectorPartialWithMultiplePositions" time="0.001" classname="com.facebook.presto.operator.aggregation.TestLongStdDevPopAggregation"/>
  <testcase name="testVectorSinglePosition" time="0.001" classname="com.facebook.presto.operator.aggregation.TestLongStdDevPopAggregation"/>
  <testcase name="testAllPositionsNull" time="0.001" classname="com.facebook.presto.operator.aggregation.TestLongSumAggregation"/>
  <testcase name="testMixedNullAndNonNullPositions" time="0.001" classname="com.facebook.presto.operator.aggregation.TestLongSumAggregation"/>
  <testcase name="testMultiplePositions" time="0.0" classname="com.facebook.presto.operator.aggregation.TestLongSumAggregation"/>
  <testcase name="testNegativeOnlyValues" time="0.001" classname="com.facebook.presto.operator.aggregation.TestLongSumAggregation"/>
  <testcase name="testNoPositions" time="0.0" classname="com.facebook.presto.operator.aggregation.TestLongSumAggregation"/>
  <testcase name="testPartialWithMixedNullAndNonNullPositions" time="0.001" classname="com.facebook.presto.operator.aggregation.TestLongSumAggregation"/>
  <testcase name="testPartialWithMultiplePositions" time="0.001" classname="com.facebook.presto.operator.aggregation.TestLongSumAggregation"/>
  <testcase name="testPositiveOnlyValues" time="0.001" classname="com.facebook.presto.operator.aggregation.TestLongSumAggregation"/>
  <testcase name="testSinglePosition" time="0.0" classname="com.facebook.presto.operator.aggregation.TestLongSumAggregation"/>
  <testcase name="testVectorAllPositionsNull" time="0.001" classname="com.facebook.presto.operator.aggregation.TestLongSumAggregation"/>
  <testcase name="testVectorMixedNullAndNonNullPositions" time="0.0" classname="com.facebook.presto.operator.aggregation.TestLongSumAggregation"/>
  <testcase name="testVectorMultiplePositions" time="0.0" classname="com.facebook.presto.operator.aggregation.TestLongSumAggregation"/>
  <testcase name="testVectorPartialWithMixedNullAndNonNullPositions" time="0.001" classname="com.facebook.presto.operator.aggregation.TestLongSumAggregation"/>
  <testcase name="testVectorPartialWithMultiplePositions" time="0.0" classname="com.facebook.presto.operator.aggregation.TestLongSumAggregation"/>
  <testcase name="testVectorSinglePosition" time="0.0" classname="com.facebook.presto.operator.aggregation.TestLongSumAggregation"/>
  <testcase name="testAllPositionsNull" time="0.001" classname="com.facebook.presto.operator.aggregation.TestLongVarianceAggregation"/>
  <testcase name="testMixedNullAndNonNullPositions" time="0.0" classname="com.facebook.presto.operator.aggregation.TestLongVarianceAggregation"/>
  <testcase name="testMultiplePositions" time="0.0" classname="com.facebook.presto.operator.aggregation.TestLongVarianceAggregation"/>
  <testcase name="testNegativeOnlyValues" time="0.001" classname="com.facebook.presto.operator.aggregation.TestLongVarianceAggregation"/>
  <testcase name="testNoPositions" time="0.0" classname="com.facebook.presto.operator.aggregation.TestLongVarianceAggregation"/>
  <testcase name="testPartialWithMixedNullAndNonNullPositions" time="0.001" classname="com.facebook.presto.operator.aggregation.TestLongVarianceAggregation"/>
  <testcase name="testPartialWithMultiplePositions" time="0.001" classname="com.facebook.presto.operator.aggregation.TestLongVarianceAggregation"/>
  <testcase name="testPositiveOnlyValues" time="0.001" classname="com.facebook.presto.operator.aggregation.TestLongVarianceAggregation"/>
  <testcase name="testSinglePosition" time="0.0" classname="com.facebook.presto.operator.aggregation.TestLongVarianceAggregation"/>
  <testcase name="testVectorAllPositionsNull" time="0.0" classname="com.facebook.presto.operator.aggregation.TestLongVarianceAggregation"/>
  <testcase name="testVectorMixedNullAndNonNullPositions" time="0.001" classname="com.facebook.presto.operator.aggregation.TestLongVarianceAggregation"/>
  <testcase name="testVectorMultiplePositions" time="0.0" classname="com.facebook.presto.operator.aggregation.TestLongVarianceAggregation"/>
  <testcase name="testVectorPartialWithMixedNullAndNonNullPositions" time="0.002" classname="com.facebook.presto.operator.aggregation.TestLongVarianceAggregation"/>
  <testcase name="testVectorPartialWithMultiplePositions" time="0.001" classname="com.facebook.presto.operator.aggregation.TestLongVarianceAggregation"/>
  <testcase name="testVectorSinglePosition" time="0.001" classname="com.facebook.presto.operator.aggregation.TestLongVarianceAggregation"/>
  <testcase name="testAllPositionsNull" time="0.0" classname="com.facebook.presto.operator.aggregation.TestLongVariancePopAggregation"/>
  <testcase name="testMixedNullAndNonNullPositions" time="0.0" classname="com.facebook.presto.operator.aggregation.TestLongVariancePopAggregation"/>
  <testcase name="testMultiplePositions" time="0.001" classname="com.facebook.presto.operator.aggregation.TestLongVariancePopAggregation"/>
  <testcase name="testNegativeOnlyValues" time="0.0" classname="com.facebook.presto.operator.aggregation.TestLongVariancePopAggregation"/>
  <testcase name="testNoPositions" time="0.0" classname="com.facebook.presto.operator.aggregation.TestLongVariancePopAggregation"/>
  <testcase name="testPartialWithMixedNullAndNonNullPositions" time="0.002" classname="com.facebook.presto.operator.aggregation.TestLongVariancePopAggregation"/>
  <testcase name="testPartialWithMultiplePositions" time="0.001" classname="com.facebook.presto.operator.aggregation.TestLongVariancePopAggregation"/>
  <testcase name="testPositiveOnlyValues" time="0.0" classname="com.facebook.presto.operator.aggregation.TestLongVariancePopAggregation"/>
  <testcase name="testSinglePosition" time="0.0" classname="com.facebook.presto.operator.aggregation.TestLongVariancePopAggregation"/>
  <testcase name="testVectorAllPositionsNull" time="0.001" classname="com.facebook.presto.operator.aggregation.TestLongVariancePopAggregation"/>
  <testcase name="testVectorMixedNullAndNonNullPositions" time="0.0" classname="com.facebook.presto.operator.aggregation.TestLongVariancePopAggregation"/>
  <testcase name="testVectorMultiplePositions" time="0.001" classname="com.facebook.presto.operator.aggregation.TestLongVariancePopAggregation"/>
  <testcase name="testVectorPartialWithMixedNullAndNonNullPositions" time="0.002" classname="com.facebook.presto.operator.aggregation.TestLongVariancePopAggregation"/>
  <testcase name="testVectorPartialWithMultiplePositions" time="0.001" classname="com.facebook.presto.operator.aggregation.TestLongVariancePopAggregation"/>
  <testcase name="testVectorSinglePosition" time="0.001" classname="com.facebook.presto.operator.aggregation.TestLongVariancePopAggregation"/>
  <testcase name="testAllPositionsNull" time="0.001" classname="com.facebook.presto.operator.aggregation.TestVarBinaryMaxAggregation"/>
  <testcase name="testMixedNullAndNonNullPositions" time="0.001" classname="com.facebook.presto.operator.aggregation.TestVarBinaryMaxAggregation"/>
  <testcase name="testMultiplePositions" time="0.001" classname="com.facebook.presto.operator.aggregation.TestVarBinaryMaxAggregation"/>
  <testcase name="testNegativeOnlyValues" time="0.0" classname="com.facebook.presto.operator.aggregation.TestVarBinaryMaxAggregation"/>
  <testcase name="testNoPositions" time="0.001" classname="com.facebook.presto.operator.aggregation.TestVarBinaryMaxAggregation"/>
  <testcase name="testPartialWithMixedNullAndNonNullPositions" time="0.002" classname="com.facebook.presto.operator.aggregation.TestVarBinaryMaxAggregation"/>
  <testcase name="testPartialWithMultiplePositions" time="0.001" classname="com.facebook.presto.operator.aggregation.TestVarBinaryMaxAggregation"/>
  <testcase name="testPositiveOnlyValues" time="0.0" classname="com.facebook.presto.operator.aggregation.TestVarBinaryMaxAggregation"/>
  <testcase name="testSinglePosition" time="0.0" classname="com.facebook.presto.operator.aggregation.TestVarBinaryMaxAggregation"/>
  <testcase name="testVectorAllPositionsNull" time="0.001" classname="com.facebook.presto.operator.aggregation.TestVarBinaryMaxAggregation"/>
  <testcase name="testVectorMixedNullAndNonNullPositions" time="0.0" classname="com.facebook.presto.operator.aggregation.TestVarBinaryMaxAggregation"/>
  <testcase name="testVectorMultiplePositions" time="0.0" classname="com.facebook.presto.operator.aggregation.TestVarBinaryMaxAggregation"/>
  <testcase name="testVectorPartialWithMixedNullAndNonNullPositions" time="0.002" classname="com.facebook.presto.operator.aggregation.TestVarBinaryMaxAggregation"/>
  <testcase name="testVectorPartialWithMultiplePositions" time="0.001" classname="com.facebook.presto.operator.aggregation.TestVarBinaryMaxAggregation"/>
  <testcase name="testVectorSinglePosition" time="0.0" classname="com.facebook.presto.operator.aggregation.TestVarBinaryMaxAggregation"/>
  <testcase name="testAllPositionsNull" time="0.002" classname="com.facebook.presto.operator.aggregation.TestVarBinaryMinAggregation"/>
  <testcase name="testMixedNullAndNonNullPositions" time="0.0" classname="com.facebook.presto.operator.aggregation.TestVarBinaryMinAggregation"/>
  <testcase name="testMultiplePositions" time="0.0" classname="com.facebook.presto.operator.aggregation.TestVarBinaryMinAggregation"/>
  <testcase name="testNegativeOnlyValues" time="0.001" classname="com.facebook.presto.operator.aggregation.TestVarBinaryMinAggregation"/>
  <testcase name="testNoPositions" time="0.001" classname="com.facebook.presto.operator.aggregation.TestVarBinaryMinAggregation"/>
  <testcase name="testPartialWithMixedNullAndNonNullPositions" time="0.001" classname="com.facebook.presto.operator.aggregation.TestVarBinaryMinAggregation"/>
  <testcase name="testPartialWithMultiplePositions" time="0.001" classname="com.facebook.presto.operator.aggregation.TestVarBinaryMinAggregation"/>
  <testcase name="testPositiveOnlyValues" time="0.001" classname="com.facebook.presto.operator.aggregation.TestVarBinaryMinAggregation"/>
  <testcase name="testSinglePosition" time="0.0" classname="com.facebook.presto.operator.aggregation.TestVarBinaryMinAggregation"/>
  <testcase name="testVectorAllPositionsNull" time="0.0" classname="com.facebook.presto.operator.aggregation.TestVarBinaryMinAggregation"/>
  <testcase name="testVectorMixedNullAndNonNullPositions" time="0.001" classname="com.facebook.presto.operator.aggregation.TestVarBinaryMinAggregation"/>
  <testcase name="testVectorMultiplePositions" time="0.0" classname="com.facebook.presto.operator.aggregation.TestVarBinaryMinAggregation"/>
  <testcase name="testVectorPartialWithMixedNullAndNonNullPositions" time="0.001" classname="com.facebook.presto.operator.aggregation.TestVarBinaryMinAggregation"/>
  <testcase name="testVectorPartialWithMultiplePositions" time="0.001" classname="com.facebook.presto.operator.aggregation.TestVarBinaryMinAggregation"/>
  <testcase name="testVectorSinglePosition" time="0.001" classname="com.facebook.presto.operator.aggregation.TestVarBinaryMinAggregation"/>
  <testcase name="testAllPositionsNull" time="0.011" classname="com.facebook.presto.operator.aggregation.TestApproximateCountDistinctDouble"/>
  <testcase name="testMixedNullsAndNonNulls" time="0.393" classname="com.facebook.presto.operator.aggregation.TestApproximateCountDistinctDouble"/>
  <testcase name="testMultiplePositions" time="1.97" classname="com.facebook.presto.operator.aggregation.TestApproximateCountDistinctDouble"/>
  <testcase name="testMultiplePositionsPartial" time="0.851" classname="com.facebook.presto.operator.aggregation.TestApproximateCountDistinctDouble"/>
  <testcase name="testNoPositions" time="0.001" classname="com.facebook.presto.operator.aggregation.TestApproximateCountDistinctDouble"/>
  <testcase name="testSinglePosition" time="0.001" classname="com.facebook.presto.operator.aggregation.TestApproximateCountDistinctDouble"/>
  <testcase name="testAllPositionsNull" time="0.001" classname="com.facebook.presto.operator.aggregation.TestApproximateCountDistinctLong"/>
  <testcase name="testMixedNullsAndNonNulls" time="0.11" classname="com.facebook.presto.operator.aggregation.TestApproximateCountDistinctLong"/>
  <testcase name="testMultiplePositions" time="2.136" classname="com.facebook.presto.operator.aggregation.TestApproximateCountDistinctLong"/>
  <testcase name="testMultiplePositionsPartial" time="0.722" classname="com.facebook.presto.operator.aggregation.TestApproximateCountDistinctLong"/>
  <testcase name="testNoPositions" time="0.001" classname="com.facebook.presto.operator.aggregation.TestApproximateCountDistinctLong"/>
  <testcase name="testSinglePosition" time="0.001" classname="com.facebook.presto.operator.aggregation.TestApproximateCountDistinctLong"/>
  <testcase name="testAllPositionsNull" time="0.001" classname="com.facebook.presto.operator.aggregation.TestApproximateCountDistinctVarBinary"/>
  <testcase name="testMixedNullsAndNonNulls" time="0.205" classname="com.facebook.presto.operator.aggregation.TestApproximateCountDistinctVarBinary"/>
  <testcase name="testMultiplePositions" time="5.694" classname="com.facebook.presto.operator.aggregation.TestApproximateCountDistinctVarBinary"/>
  <testcase name="testMultiplePositionsPartial" time="2.072" classname="com.facebook.presto.operator.aggregation.TestApproximateCountDistinctVarBinary"/>
  <testcase name="testNoPositions" time="0.001" classname="com.facebook.presto.operator.aggregation.TestApproximateCountDistinctVarBinary"/>
  <testcase name="testSinglePosition" time="0.001" classname="com.facebook.presto.operator.aggregation.TestApproximateCountDistinctVarBinary"/>
  <testcase name="testAdvanceNextPosition" time="0.002" classname="com.facebook.presto.block.dictionary.TestDictionaryEncodedBlockCursor"/>
  <testcase name="testAdvanceToPosition" time="0.005" classname="com.facebook.presto.block.dictionary.TestDictionaryEncodedBlockCursor"/>
  <testcase name="testFirstPosition" time="0.0" classname="com.facebook.presto.block.dictionary.TestDictionaryEncodedBlockCursor"/>
  <testcase name="testStates" time="0.0" classname="com.facebook.presto.block.dictionary.TestDictionaryEncodedBlockCursor"/>
  <testcase name="testCursorType" time="0.001" classname="com.facebook.presto.block.dictionary.TestDictionaryEncodedBlockCursor"/>
  <testcase name="testAdvanceNextPosition" time="0.001" classname="com.facebook.presto.block.dictionary.TestDictionaryEncodedBlockCursorWithNulls"/>
  <testcase name="testAdvanceToPosition" time="0.0" classname="com.facebook.presto.block.dictionary.TestDictionaryEncodedBlockCursorWithNulls"/>
  <testcase name="testFirstPosition" time="0.001" classname="com.facebook.presto.block.dictionary.TestDictionaryEncodedBlockCursorWithNulls"/>
  <testcase name="testStates" time="0.0" classname="com.facebook.presto.block.dictionary.TestDictionaryEncodedBlockCursorWithNulls"/>
  <testcase name="testCursorType" time="0.0" classname="com.facebook.presto.block.dictionary.TestDictionaryEncodedBlockCursorWithNulls"/>
  <testcase name="testAdvanceNextPosition" time="0.0" classname="com.facebook.presto.block.rle.TestRunLengthEncodedBlockCursor"/>
  <testcase name="testAdvanceToPosition" time="0.001" classname="com.facebook.presto.block.rle.TestRunLengthEncodedBlockCursor"/>
  <testcase name="testFirstPosition" time="0.0" classname="com.facebook.presto.block.rle.TestRunLengthEncodedBlockCursor"/>
  <testcase name="testStates" time="0.0" classname="com.facebook.presto.block.rle.TestRunLengthEncodedBlockCursor"/>
  <testcase name="testAdvanceNextPosition" time="0.0" classname="com.facebook.presto.block.rle.TestRunLengthEncodedBlockCursorWithNull"/>
  <testcase name="testAdvanceToPosition" time="0.0" classname="com.facebook.presto.block.rle.TestRunLengthEncodedBlockCursorWithNull"/>
  <testcase name="testFirstPosition" time="0.0" classname="com.facebook.presto.block.rle.TestRunLengthEncodedBlockCursorWithNull"/>
  <testcase name="testStates" time="0.0" classname="com.facebook.presto.block.rle.TestRunLengthEncodedBlockCursorWithNull"/>
  <testcase name="testAdvanceNextPosition" time="0.002" classname="com.facebook.presto.block.uncompressed.TestUncompressedBlockCursor"/>
  <testcase name="testAdvanceToPosition" time="0.001" classname="com.facebook.presto.block.uncompressed.TestUncompressedBlockCursor"/>
  <testcase name="testFirstPosition" time="0.0" classname="com.facebook.presto.block.uncompressed.TestUncompressedBlockCursor"/>
  <testcase name="testStates" time="0.0" classname="com.facebook.presto.block.uncompressed.TestUncompressedBlockCursor"/>
  <testcase name="testCursorType" time="0.001" classname="com.facebook.presto.block.uncompressed.TestUncompressedBlockCursor"/>
  <testcase name="testAdvanceNextPosition" time="0.001" classname="com.facebook.presto.block.uncompressed.TestUncompressedBlockCursorWithNulls"/>
  <testcase name="testAdvanceToPosition" time="0.001" classname="com.facebook.presto.block.uncompressed.TestUncompressedBlockCursorWithNulls"/>
  <testcase name="testFirstPosition" time="0.0" classname="com.facebook.presto.block.uncompressed.TestUncompressedBlockCursorWithNulls"/>
  <testcase name="testStates" time="0.0" classname="com.facebook.presto.block.uncompressed.TestUncompressedBlockCursorWithNulls"/>
  <testcase name="testCursorType" time="0.001" classname="com.facebook.presto.block.uncompressed.TestUncompressedBlockCursorWithNulls"/>
  <testcase name="testAdvanceNextPosition" time="0.0" classname="com.facebook.presto.block.uncompressed.TestUncompressedBooleanBlockCursor"/>
  <testcase name="testAdvanceToPosition" time="0.001" classname="com.facebook.presto.block.uncompressed.TestUncompressedBooleanBlockCursor"/>
  <testcase name="testFirstPosition" time="0.0" classname="com.facebook.presto.block.uncompressed.TestUncompressedBooleanBlockCursor"/>
  <testcase name="testStates" time="0.0" classname="com.facebook.presto.block.uncompressed.TestUncompressedBooleanBlockCursor"/>
  <testcase name="testCursorType" time="0.001" classname="com.facebook.presto.block.uncompressed.TestUncompressedBooleanBlockCursor"/>
  <testcase name="testAdvanceNextPosition" time="0.0" classname="com.facebook.presto.block.uncompressed.TestUncompressedBooleanBlockCursorWithNulls"/>
  <testcase name="testAdvanceToPosition" time="0.001" classname="com.facebook.presto.block.uncompressed.TestUncompressedBooleanBlockCursorWithNulls"/>
  <testcase name="testFirstPosition" time="0.0" classname="com.facebook.presto.block.uncompressed.TestUncompressedBooleanBlockCursorWithNulls"/>
  <testcase name="testStates" time="0.0" classname="com.facebook.presto.block.uncompressed.TestUncompressedBooleanBlockCursorWithNulls"/>
  <testcase name="testNullValues" time="0.001" classname="com.facebook.presto.block.uncompressed.TestUncompressedBooleanBlockCursorWithNulls"/>
  <testcase name="testCursorType" time="0.0" classname="com.facebook.presto.block.uncompressed.TestUncompressedBooleanBlockCursorWithNulls"/>
  <testcase name="testAdvanceNextPosition" time="0.001" classname="com.facebook.presto.block.uncompressed.TestUncompressedDoubleBlockCursor"/>
  <testcase name="testAdvanceToPosition" time="0.0" classname="com.facebook.presto.block.uncompressed.TestUncompressedDoubleBlockCursor"/>
  <testcase name="testFirstPosition" time="0.001" classname="com.facebook.presto.block.uncompressed.TestUncompressedDoubleBlockCursor"/>
  <testcase name="testStates" time="0.0" classname="com.facebook.presto.block.uncompressed.TestUncompressedDoubleBlockCursor"/>
  <testcase name="testCursorType" time="0.0" classname="com.facebook.presto.block.uncompressed.TestUncompressedDoubleBlockCursor"/>
  <testcase name="testAdvanceNextPosition" time="0.001" classname="com.facebook.presto.block.uncompressed.TestUncompressedDoubleBlockCursorWithNulls"/>
  <testcase name="testAdvanceToPosition" time="0.0" classname="com.facebook.presto.block.uncompressed.TestUncompressedDoubleBlockCursorWithNulls"/>
  <testcase name="testFirstPosition" time="0.001" classname="com.facebook.presto.block.uncompressed.TestUncompressedDoubleBlockCursorWithNulls"/>
  <testcase name="testStates" time="0.0" classname="com.facebook.presto.block.uncompressed.TestUncompressedDoubleBlockCursorWithNulls"/>
  <testcase name="testNullValues" time="0.0" classname="com.facebook.presto.block.uncompressed.TestUncompressedDoubleBlockCursorWithNulls"/>
  <testcase name="testCursorType" time="0.001" classname="com.facebook.presto.block.uncompressed.TestUncompressedDoubleBlockCursorWithNulls"/>
  <testcase name="testAdvanceNextPosition" time="0.0" classname="com.facebook.presto.block.uncompressed.TestUncompressedLongBlockCursor"/>
  <testcase name="testAdvanceToPosition" time="0.001" classname="com.facebook.presto.block.uncompressed.TestUncompressedLongBlockCursor"/>
  <testcase name="testFirstPosition" time="0.0" classname="com.facebook.presto.block.uncompressed.TestUncompressedLongBlockCursor"/>
  <testcase name="testStates" time="0.0" classname="com.facebook.presto.block.uncompressed.TestUncompressedLongBlockCursor"/>
  <testcase name="testCursorType" time="0.001" classname="com.facebook.presto.block.uncompressed.TestUncompressedLongBlockCursor"/>
  <testcase name="testAdvanceNextPosition" time="0.0" classname="com.facebook.presto.block.uncompressed.TestUncompressedLongBlockCursorWithNulls"/>
  <testcase name="testAdvanceToPosition" time="0.001" classname="com.facebook.presto.block.uncompressed.TestUncompressedLongBlockCursorWithNulls"/>
  <testcase name="testFirstPosition" time="0.0" classname="com.facebook.presto.block.uncompressed.TestUncompressedLongBlockCursorWithNulls"/>
  <testcase name="testStates" time="0.0" classname="com.facebook.presto.block.uncompressed.TestUncompressedLongBlockCursorWithNulls"/>
  <testcase name="testNullValues" time="0.001" classname="com.facebook.presto.block.uncompressed.TestUncompressedLongBlockCursorWithNulls"/>
  <testcase name="testCursorType" time="0.0" classname="com.facebook.presto.block.uncompressed.TestUncompressedLongBlockCursorWithNulls"/>
  <testcase name="testAdvanceNextPosition" time="0.001" classname="com.facebook.presto.block.uncompressed.TestUncompressedSliceBlockCursor"/>
  <testcase name="testAdvanceToPosition" time="0.0" classname="com.facebook.presto.block.uncompressed.TestUncompressedSliceBlockCursor"/>
  <testcase name="testFirstPosition" time="0.001" classname="com.facebook.presto.block.uncompressed.TestUncompressedSliceBlockCursor"/>
  <testcase name="testStates" time="0.0" classname="com.facebook.presto.block.uncompressed.TestUncompressedSliceBlockCursor"/>
  <testcase name="testCursorType" time="0.0" classname="com.facebook.presto.block.uncompressed.TestUncompressedSliceBlockCursor"/>
  <testcase name="testAdvanceNextPosition" time="0.0" classname="com.facebook.presto.block.uncompressed.TestUncompressedSliceBlockCursorWithNulls"/>
  <testcase name="testAdvanceToPosition" time="0.0" classname="com.facebook.presto.block.uncompressed.TestUncompressedSliceBlockCursorWithNulls"/>
  <testcase name="testFirstPosition" time="0.0" classname="com.facebook.presto.block.uncompressed.TestUncompressedSliceBlockCursorWithNulls"/>
  <testcase name="testStates" time="0.0" classname="com.facebook.presto.block.uncompressed.TestUncompressedSliceBlockCursorWithNulls"/>
  <testcase name="testNullValues" time="0.001" classname="com.facebook.presto.block.uncompressed.TestUncompressedSliceBlockCursorWithNulls"/>
  <testcase name="testCursorType" time="0.0" classname="com.facebook.presto.block.uncompressed.TestUncompressedSliceBlockCursorWithNulls"/>
  <testcase name="testAggregationWithLimit" time="0.824" classname="com.facebook.presto.TestLocalQueries"/>
  <testcase name="testAggregationWithProjection" time="0.158" classname="com.facebook.presto.TestLocalQueries"/>
  <testcase name="testAggregationWithProjection2" time="0.077" classname="com.facebook.presto.TestLocalQueries"/>
  <testcase name="testAliasedInInlineView" time="0.408" classname="com.facebook.presto.TestLocalQueries"/>
  <testcase name="testAntiJoin" time="1.469" classname="com.facebook.presto.TestLocalQueries"/>
  <testcase name="testApproxPercentile" time="0.599" classname="com.facebook.presto.TestLocalQueries"/>
  <testcase name="testApproximateCountDistinct" time="0.041" classname="com.facebook.presto.TestLocalQueries"/>
  <testcase name="testApproximateCountDistinctGroupBy" time="0.109" classname="com.facebook.presto.TestLocalQueries"/>
  <testcase name="testArithmeticNegation" time="0.158" classname="com.facebook.presto.TestLocalQueries"/>
  <testcase name="testAverageAll" time="0.068" classname="com.facebook.presto.TestLocalQueries"/>
  <testcase name="testBuildFilteredLeftJoin" time="5.751" classname="com.facebook.presto.TestLocalQueries"/>
  <testcase name="testBuildFilteredRightJoin" time="1.461" classname="com.facebook.presto.TestLocalQueries"/>
  <testcase name="testCaseInsensitiveAliasedRelation" time="0.528" classname="com.facebook.presto.TestLocalQueries"/>
  <testcase name="testCaseInsensitiveAttribute" time="0.067" classname="com.facebook.presto.TestLocalQueries"/>
  <testcase name="testCaseInsensitiveOutputAliasInOrderBy" time="0.167" classname="com.facebook.presto.TestLocalQueries"/>
  <testcase name="testCaseNoElse" time="0.237" classname="com.facebook.presto.TestLocalQueries"/>
  <testcase name="testCast" time="0.505" classname="com.facebook.presto.TestLocalQueries"/>
  <testcase name="testChainedUnionsWithOrder" time="0.75" classname="com.facebook.presto.TestLocalQueries"/>
  <testcase name="testColumnAliases" time="0.252" classname="com.facebook.presto.TestLocalQueries"/>
  <testcase name="testComplexQuery" time="0.087" classname="com.facebook.presto.TestLocalQueries"/>
  <testcase name="testConcatOperator" time="0.026" classname="com.facebook.presto.TestLocalQueries"/>
  <testcase name="testCountAll" time="0.038" classname="com.facebook.presto.TestLocalQueries"/>
  <testcase name="testCountAllWithComparison" time="0.437" classname="com.facebook.presto.TestLocalQueries"/>
  <testcase name="testCountAllWithPredicate" time="0.062" classname="com.facebook.presto.TestLocalQueries"/>
  <testcase name="testCountBoolean" time="0.052" classname="com.facebook.presto.TestLocalQueries"/>
  <testcase name="testCountColumn" time="0.297" classname="com.facebook.presto.TestLocalQueries"/>
  <testcase name="testCountDistinct" time="0.002" classname="com.facebook.presto.TestLocalQueries"/>
  <testcase name="testCountWithAndPredicate" time="0.398" classname="com.facebook.presto.TestLocalQueries"/>
  <testcase name="testCountWithCoalescePredicate" time="0.065" classname="com.facebook.presto.TestLocalQueries"/>
  <testcase name="testCountWithInlineView" time="0.193" classname="com.facebook.presto.TestLocalQueries"/>
  <testcase name="testCountWithIsNotNullPredicate" time="0.059" classname="com.facebook.presto.TestLocalQueries"/>
  <testcase name="testCountWithIsNullPredicate" time="0.059" classname="com.facebook.presto.TestLocalQueries"/>
  <testcase name="testCountWithNotPredicate" time="0.376" classname="com.facebook.presto.TestLocalQueries"/>
  <testcase name="testCountWithNullIfPredicate" time="0.069" classname="com.facebook.presto.TestLocalQueries"/>
  <testcase name="testCountWithNullPredicate" time="0.014" classname="com.facebook.presto.TestLocalQueries"/>
  <testcase name="testCountWithOrPredicate" time="0.399" classname="com.facebook.presto.TestLocalQueries"/>
  <testcase name="testDefaultExplainGraphvizFormat" time="0.038" classname="com.facebook.presto.TestLocalQueries"/>
  <testcase name="testDefaultExplainTextFormat" time="0.027" classname="com.facebook.presto.TestLocalQueries"/>
  <testcase name="testDistinct" time="0.046" classname="com.facebook.presto.TestLocalQueries"/>
  <testcase name="testDistinctMultipleFields" time="0.172" classname="com.facebook.presto.TestLocalQueries"/>
  <testcase name="testDistinctWithOrderBy" time="0.065" classname="com.facebook.presto.TestLocalQueries"/>
  <testcase name="testDistinctWithOrderByNotInSelect" time="0.002" classname="com.facebook.presto.TestLocalQueries"/>
  <testcase name="testDistributedExplain" time="0.027" classname="com.facebook.presto.TestLocalQueries"/>
  <testcase name="testDistributedExplainGraphvizFormat" time="0.027" classname="com.facebook.presto.TestLocalQueries"/>
  <testcase name="testDistributedExplainTextFormat" time="0.021" classname="com.facebook.presto.TestLocalQueries"/>
  <testcase name="testDoubleFilteredLeftJoinWithLeftConstantEquality" time="0.305" classname="com.facebook.presto.TestLocalQueries"/>
  <testcase name="testDoubleFilteredLeftJoinWithRightConstantEquality" time="0.258" classname="com.facebook.presto.TestLocalQueries"/>
  <testcase name="testDoubleFilteredRightJoinWithLeftConstantEquality" time="0.234" classname="com.facebook.presto.TestLocalQueries"/>
  <testcase name="testDoubleFilteredRightJoinWithRightConstantEquality" time="0.256" classname="com.facebook.presto.TestLocalQueries"/>
  <testcase name="testDual" time="0.004" classname="com.facebook.presto.TestLocalQueries"/>
  <testcase name="testDuplicateFields" time="0.088" classname="com.facebook.presto.TestLocalQueries"/>
  <testcase name="testFunctionNotRegistered" time="0.001" classname="com.facebook.presto.TestLocalQueries"/>
  <testcase name="testGroupAggregationOverNestedGroupByAggregation" time="0.154" classname="com.facebook.presto.TestLocalQueries"/>
  <testcase name="testGroupByBetween" time="0.412" classname="com.facebook.presto.TestLocalQueries"/>
  <testcase name="testGroupByCase" time="0.361" classname="com.facebook.presto.TestLocalQueries"/>
  <testcase name="testGroupByCaseNoElse" time="0.233" classname="com.facebook.presto.TestLocalQueries"/>
  <testcase name="testGroupByCast" time="0.387" classname="com.facebook.presto.TestLocalQueries"/>
  <testcase name="testGroupByCoalesce" time="0.459" classname="com.facebook.presto.TestLocalQueries"/>
  <testcase name="testGroupByCount" time="0.046" classname="com.facebook.presto.TestLocalQueries"/>
  <testcase name="testGroupByExtract" time="0.62" classname="com.facebook.presto.TestLocalQueries"/>
  <testcase name="testGroupByIf" time="0.112" classname="com.facebook.presto.TestLocalQueries"/>
  <testcase name="testGroupByKeyPredicatePushdown" time="0.59" classname="com.facebook.presto.TestLocalQueries"/>
  <testcase name="testGroupByMultipleFields" time="0.098" classname="com.facebook.presto.TestLocalQueries"/>
  <testcase name="testGroupByMultipleFieldsWithPredicateOnAggregationArgument" time="0.12" classname="com.facebook.presto.TestLocalQueries"/>
  <testcase name="testGroupByNoAggregations" time="0.046" classname="com.facebook.presto.TestLocalQueries"/>
  <testcase name="testGroupByNullIf" time="0.479" classname="com.facebook.presto.TestLocalQueries"/>
  <testcase name="testGroupByOrderByLimit" time="0.088" classname="com.facebook.presto.TestLocalQueries"/>
  <testcase name="testGroupByOrdinal" time="0.08" classname="com.facebook.presto.TestLocalQueries"/>
  <testcase name="testGroupByRepeatedField" time="0.088" classname="com.facebook.presto.TestLocalQueries"/>
  <testcase name="testGroupByRepeatedField2" time="0.05" classname="com.facebook.presto.TestLocalQueries"/>
  <testcase name="testGroupBySearchedCase" time="0.107" classname="com.facebook.presto.TestLocalQueries"/>
  <testcase name="testGroupBySearchedCaseNoElse" time="0.158" classname="com.facebook.presto.TestLocalQueries"/>
  <testcase name="testGroupBySum" time="0.081" classname="com.facebook.presto.TestLocalQueries"/>
  <testcase name="testGroupByWithAlias" time="0.059" classname="com.facebook.presto.TestLocalQueries"/>
  <testcase name="testGroupByWithWildcard" time="0.08" classname="com.facebook.presto.TestLocalQueries"/>
  <testcase name="testGroupByWithoutAggregation" time="0.049" classname="com.facebook.presto.TestLocalQueries"/>
  <testcase name="testHaving" time="0.098" classname="com.facebook.presto.TestLocalQueries"/>
  <testcase name="testHaving2" time="0.093" classname="com.facebook.presto.TestLocalQueries"/>
  <testcase name="testHaving3" time="0.139" classname="com.facebook.presto.TestLocalQueries"/>
  <testcase name="testHistogram" time="0.27" classname="com.facebook.presto.TestLocalQueries"/>
  <testcase name="testIfExpression" time="0.501" classname="com.facebook.presto.TestLocalQueries"/>
  <testcase name="testIn" time="0.212" classname="com.facebook.presto.TestLocalQueries"/>
  <testcase name="testInlineView" time="0.112" classname="com.facebook.presto.TestLocalQueries"/>
  <testcase name="testInlineViewWithProjections" time="0.149" classname="com.facebook.presto.TestLocalQueries"/>
  <testcase name="testInvalidColumn" time="0.002" classname="com.facebook.presto.TestLocalQueries"/>
  <testcase name="testJoinAggregations" time="4.454" classname="com.facebook.presto.TestLocalQueries"/>
  <testcase name="testJoinDoubleClauseWithLeftOverlap" time="0.254" classname="com.facebook.presto.TestLocalQueries"/>
  <testcase name="testJoinDoubleClauseWithRightOverlap" time="0.465" classname="com.facebook.presto.TestLocalQueries"/>
  <testcase name="testJoinOnConstantExpression" time="0.001" classname="com.facebook.presto.TestLocalQueries"/>
  <testcase name="testJoinOnMultipleFields" time="0.492" classname="com.facebook.presto.TestLocalQueries"/>
  <testcase name="testJoinPredicateMoveAround" time="2.016" classname="com.facebook.presto.TestLocalQueries"/>
  <testcase name="testJoinPredicatePushdown" time="0.414" classname="com.facebook.presto.TestLocalQueries"/>
  <testcase name="testJoinUnaliasedSubqueries" time="0.262" classname="com.facebook.presto.TestLocalQueries"/>
  <testcase name="testJoinUsing" time="0.219" classname="com.facebook.presto.TestLocalQueries"/>
  <testcase name="testJoinUsingMultipleFields" time="0.438" classname="com.facebook.presto.TestLocalQueries"/>
  <testcase name="testJoinWithAlias" time="5.406" classname="com.facebook.presto.TestLocalQueries"/>
  <testcase name="testJoinWithComplexExpressions" time="0.354" classname="com.facebook.presto.TestLocalQueries"/>
  <testcase name="testJoinWithComplexExpressions2" time="0.397" classname="com.facebook.presto.TestLocalQueries"/>
  <testcase name="testJoinWithComplexExpressions3" time="0.335" classname="com.facebook.presto.TestLocalQueries"/>
  <testcase name="testJoinWithConstantExpression" time="0.256" classname="com.facebook.presto.TestLocalQueries"/>
  <testcase name="testJoinWithFullyPushedDownJoinClause" time="0.262" classname="com.facebook.presto.TestLocalQueries"/>
  <testcase name="testJoinWithLeftConstantEquality" time="0.245" classname="com.facebook.presto.TestLocalQueries"/>
  <testcase name="testJoinWithMultiFieldGroupBy" time="0.443" classname="com.facebook.presto.TestLocalQueries"/>
  <testcase name="testJoinWithNonJoinExpression" time="0.341" classname="com.facebook.presto.TestLocalQueries"/>
  <testcase name="testJoinWithNullValues" time="0.91" classname="com.facebook.presto.TestLocalQueries"/>
  <testcase name="testJoinWithReversedComparison" time="0.262" classname="com.facebook.presto.TestLocalQueries"/>
  <testcase name="testJoinWithRightConstantEquality" time="0.225" classname="com.facebook.presto.TestLocalQueries"/>
  <testcase name="testLeftFilteredJoin" time="1.155" classname="com.facebook.presto.TestLocalQueries"/>
  <testcase name="testLeftJoinAsInnerPredicatePushdown" time="0.615" classname="com.facebook.presto.TestLocalQueries"/>
  <testcase name="testLeftJoinDoubleClauseWithLeftOverlap" time="0.393" classname="com.facebook.presto.TestLocalQueries"/>
  <testcase name="testLeftJoinDoubleClauseWithRightOverlap" time="0.489" classname="com.facebook.presto.TestLocalQueries"/>
  <testcase name="testLeftJoinEqualityInference" time="1.278" classname="com.facebook.presto.TestLocalQueries"/>
  <testcase name="testLeftJoinNormalizedToInner" time="0.338" classname="com.facebook.presto.TestLocalQueries"/>
  <testcase name="testLeftJoinPredicateMoveAround" time="2.175" classname="com.facebook.presto.TestLocalQueries"/>
  <testcase name="testLeftJoinPredicatePushdownWithSelfEquality" time="0.462" classname="com.facebook.presto.TestLocalQueries"/>
  <testcase name="testLeftJoinWithLeftConstantEquality" time="0.225" classname="com.facebook.presto.TestLocalQueries"/>
  <testcase name="testLeftJoinWithNullValues" time="0.682" classname="com.facebook.presto.TestLocalQueries"/>
  <testcase name="testLeftJoinWithRightConstantEquality" time="0.687" classname="com.facebook.presto.TestLocalQueries"/>
  <testcase name="testLimit" time="0.026" classname="com.facebook.presto.TestLocalQueries"/>
  <testcase name="testLimitInInlineView" time="0.024" classname="com.facebook.presto.TestLocalQueries"/>
  <testcase name="testLimitPushDown" time="0.774" classname="com.facebook.presto.TestLocalQueries"/>
  <testcase name="testLimitZero" time="0.036" classname="com.facebook.presto.TestLocalQueries"/>
[...]
  <testcase name="testBackslashesNoSpecialTreatment" time="0.001" classname="com.facebook.presto.sql.TestLikeUtils"/>
  <testcase name="testLikeInvalidUtf8Value" time="0.0" classname="com.facebook.presto.sql.TestLikeUtils"/>
  <testcase name="testLikeUtf8Pattern" time="0.002" classname="com.facebook.presto.sql.TestLikeUtils"/>
  <testcase name="testSelfEscaping" time="0.0" classname="com.facebook.presto.sql.TestLikeUtils"/>
  <testcase name="testLimitWithBlockView" time="0.0" classname="com.facebook.presto.operator.TestLimitOperator"/>
  <testcase name="testLimitWithPageAlignment" time="0.0" classname="com.facebook.presto.operator.TestLimitOperator"/>
  <testcase name="testAbs" time="0.176" classname="com.facebook.presto.operator.scalar.TestMathFunctions"/>
  <testcase name="testAcos" time="0.087" classname="com.facebook.presto.operator.scalar.TestMathFunctions"/>
  <testcase name="testAsin" time="0.082" classname="com.facebook.presto.operator.scalar.TestMathFunctions"/>
  <testcase name="testAtan" time="0.081" classname="com.facebook.presto.operator.scalar.TestMathFunctions"/>
  <testcase name="testAtan2" time="0.082" classname="com.facebook.presto.operator.scalar.TestMathFunctions"/>
  <testcase name="testCbrt" time="0.079" classname="com.facebook.presto.operator.scalar.TestMathFunctions"/>
  <testcase name="testCeil" time="0.255" classname="com.facebook.presto.operator.scalar.TestMathFunctions"/>
  <testcase name="testCos" time="0.078" classname="com.facebook.presto.operator.scalar.TestMathFunctions"/>
  <testcase name="testCosh" time="0.078" classname="com.facebook.presto.operator.scalar.TestMathFunctions"/>
  <testcase name="testE" time="0.02" classname="com.facebook.presto.operator.scalar.TestMathFunctions"/>
  <testcase name="testExp" time="0.078" classname="com.facebook.presto.operator.scalar.TestMathFunctions"/>
  <testcase name="testFloor" time="0.116" classname="com.facebook.presto.operator.scalar.TestMathFunctions"/>
  <testcase name="testInfinity" time="0.039" classname="com.facebook.presto.operator.scalar.TestMathFunctions"/>
  <testcase name="testIsFinite" time="0.04" classname="com.facebook.presto.operator.scalar.TestMathFunctions"/>
  <testcase name="testIsInfinite" time="0.059" classname="com.facebook.presto.operator.scalar.TestMathFunctions"/>
  <testcase name="testIsNaN" time="0.079" classname="com.facebook.presto.operator.scalar.TestMathFunctions"/>
  <testcase name="testLn" time="0.096" classname="com.facebook.presto.operator.scalar.TestMathFunctions"/>
  <testcase name="testLog" time="0.321" classname="com.facebook.presto.operator.scalar.TestMathFunctions"/>
  <testcase name="testLog10" time="0.079" classname="com.facebook.presto.operator.scalar.TestMathFunctions"/>
  <testcase name="testLog2" time="0.08" classname="com.facebook.presto.operator.scalar.TestMathFunctions"/>
  <testcase name="testMod" time="2.22" classname="com.facebook.presto.operator.scalar.TestMathFunctions"/>
  <testcase name="testNaN" time="0.04" classname="com.facebook.presto.operator.scalar.TestMathFunctions"/>
  <testcase name="testPi" time="0.02" classname="com.facebook.presto.operator.scalar.TestMathFunctions"/>
  <testcase name="testPow" time="2.352" classname="com.facebook.presto.operator.scalar.TestMathFunctions"/>
  <testcase name="testRandom" time="0.041" classname="com.facebook.presto.operator.scalar.TestMathFunctions"/>
  <testcase name="testRound" time="0.842" classname="com.facebook.presto.operator.scalar.TestMathFunctions"/>
  <testcase name="testSin" time="0.096" classname="com.facebook.presto.operator.scalar.TestMathFunctions"/>
  <testcase name="testSqrt" time="0.088" classname="com.facebook.presto.operator.scalar.TestMathFunctions"/>
  <testcase name="testTan" time="0.063" classname="com.facebook.presto.operator.scalar.TestMathFunctions"/>
  <testcase name="testTanh" time="0.063" classname="com.facebook.presto.operator.scalar.TestMathFunctions"/>
  <testcase name="testCreateTable" time="0.005" classname="com.facebook.presto.metadata.TestNativeMetadata"/>
  <testcase name="testListTableColumns" time="0.004" classname="com.facebook.presto.metadata.TestNativeMetadata"/>
  <testcase name="testListTableColumnsFiltering" time="0.005" classname="com.facebook.presto.metadata.TestNativeMetadata"/>
  <testcase name="testListTables" time="0.003" classname="com.facebook.presto.metadata.TestNativeMetadata"/>
  <testcase name="testNoPruneUnknown" time="0.01" classname="com.facebook.presto.split.TestNativeSplitManager"/>
  <testcase name="testNoPruning" time="0.011" classname="com.facebook.presto.split.TestNativeSplitManager"/>
  <testcase name="testPruneMatch" time="0.011" classname="com.facebook.presto.split.TestNativeSplitManager"/>
  <testcase name="testPruneNoMatch" time="0.008" classname="com.facebook.presto.split.TestNativeSplitManager"/>
  <testcase name="testAdd" time="0.0" classname="com.facebook.presto.operator.TestOperatorStats"/>
  <testcase name="testJson" time="0.002" classname="com.facebook.presto.operator.TestOperatorStats"/>
  <testcase name="testMemoryLimit" time="0.001" classname="com.facebook.presto.operator.TestOrderByOperator"/>
  <testcase name="testMultiFieldKey" time="0.001" classname="com.facebook.presto.operator.TestOrderByOperator"/>
  <testcase name="testReverseOrder" time="0.001" classname="com.facebook.presto.operator.TestOrderByOperator"/>
  <testcase name="testSingleFieldKey" time="0.001" classname="com.facebook.presto.operator.TestOrderByOperator"/>
  <testcase name="testAligned" time="0.003" classname="com.facebook.presto.block.dictionary.TestPackedLongSerde"/>
  <testcase name="testEmpty" time="0.001" classname="com.facebook.presto.block.dictionary.TestPackedLongSerde"/>
  <testcase name="testFullLong" time="0.0" classname="com.facebook.presto.block.dictionary.TestPackedLongSerde"/>
  <testcase name="testLowDensity" time="0.0" classname="com.facebook.presto.block.dictionary.TestPackedLongSerde"/>
  <testcase name="testUnaligned" time="0.0" classname="com.facebook.presto.block.dictionary.TestPackedLongSerde"/>
  <testcase name="testRoundTrip" time="0.0" classname="com.facebook.presto.serde.TestPagesSerde"/>
  <testcase name="testJobCreation" time="0.01" classname="com.facebook.presto.importer.TestPeriodicImportDao"/>
  <testcase name="testJobDeletion" time="0.006" classname="com.facebook.presto.importer.TestPeriodicImportDao"/>
  <testcase name="testRunCreation" time="0.015" classname="com.facebook.presto.importer.TestPeriodicImportDao"/>
  <testcase name="testRunMultistart" time="0.016" classname="com.facebook.presto.importer.TestPeriodicImportDao"/>
  <testcase name="testTableCreation" time="0.003" classname="com.facebook.presto.importer.TestPeriodicImportDao"/>
  <testcase name="testJson" time="0.019" classname="com.facebook.presto.operator.TestPipelineStats"/>
  <testcase name="testBadTable" time="0.0" classname="com.facebook.presto.metadata.TestQualifiedTablePrefix"/>
  <testcase name="testCatalog" time="0.0" classname="com.facebook.presto.metadata.TestQualifiedTablePrefix"/>
  <testcase name="testSchema" time="0.0" classname="com.facebook.presto.metadata.TestQualifiedTablePrefix"/>
  <testcase name="testTable" time="0.0" classname="com.facebook.presto.metadata.TestQualifiedTablePrefix"/>
  <testcase name="testCreateNextQueryId" time="1.998" classname="com.facebook.presto.execution.TestQueryIdGenerator"/>
  <testcase name="testDefaults" time="0.024" classname="com.facebook.presto.execution.TestQueryManagerConfig"/>
  <testcase name="testExplicitPropertyMappings" time="0.006" classname="com.facebook.presto.execution.TestQueryManagerConfig"/>
  <testcase name="testJson" time="0.024" classname="com.facebook.presto.execution.TestQueryStats"/>
  <testcase name="testFinish" time="0.075" classname="com.facebook.presto.operator.TestRecordProjectOperator"/>
  <testcase name="testMultiColumn" time="0.001" classname="com.facebook.presto.operator.TestRecordProjectOperator"/>
  <testcase name="testSingleColumn" time="0.001" classname="com.facebook.presto.operator.TestRecordProjectOperator"/>
  <testcase name="testRegexpExtract" time="0.045" classname="com.facebook.presto.operator.scalar.TestRegexpFunctions"/>
  <testcase name="testRegexpLike" time="0.142" classname="com.facebook.presto.operator.scalar.TestRegexpFunctions"/>
  <testcase name="testRegexpReplace" time="0.072" classname="com.facebook.presto.operator.scalar.TestRegexpFunctions"/>
  <testcase name="testCreateBlockWriter" time="0.001" classname="com.facebook.presto.serde.TestRunLengthEncodedBlockSerde"/>
  <testcase name="testRoundTrip" time="0.0" classname="com.facebook.presto.serde.TestRunLengthEncodedBlockSerde"/>
  <testcase name="testDefaults" time="0.016" classname="com.facebook.presto.metadata.TestShardCleanerConfig"/>
  <testcase name="testExplicitPropertyMappings" time="0.003" classname="com.facebook.presto.metadata.TestShardCleanerConfig"/>
  <testcase name="testNodeInsert" time="0.001" classname="com.facebook.presto.metadata.TestShardManagerDao"/>
  <testcase name="testPartitionKey" time="0.003" classname="com.facebook.presto.metadata.TestShardManagerDao"/>
  <testcase name="testShardSelection" time="0.007" classname="com.facebook.presto.metadata.TestShardManagerDao"/>
  <testcase name="testTableCreation" time="0.0" classname="com.facebook.presto.metadata.TestShardManagerDao"/>
  <testcase name="testAbort" time="0.003" classname="com.facebook.presto.execution.TestSharedBuffer"/>
  <testcase name="testAbortFreesReader" time="0.206" classname="com.facebook.presto.execution.TestSharedBuffer"/>
  <testcase name="testAddQueueAfterDestroy" time="0.0" classname="com.facebook.presto.execution.TestSharedBuffer"/>
  <testcase name="testAddQueueAfterNoMoreQueues" time="0.0" classname="com.facebook.presto.execution.TestSharedBuffer"/>
  <testcase name="testAddStateMachine" time="0.0" classname="com.facebook.presto.execution.TestSharedBuffer"/>
  <testcase name="testDestroyFreesReader" time="0.206" classname="com.facebook.presto.execution.TestSharedBuffer"/>
  <testcase name="testDestroyFreesWriter" time="0.206" classname="com.facebook.presto.execution.TestSharedBuffer"/>
  <testcase name="testDuplicateRequests" time="0.001" classname="com.facebook.presto.execution.TestSharedBuffer"/>
  <testcase name="testFinishClosesEmptyQueues" time="0.0" classname="com.facebook.presto.execution.TestSharedBuffer"/>
  <testcase name="testFinishFreesReader" time="0.206" classname="com.facebook.presto.execution.TestSharedBuffer"/>
  <testcase name="testFinishFreesWriter" time="0.206" classname="com.facebook.presto.execution.TestSharedBuffer"/>
  <testcase name="testInvalidConstructorArg" time="0.0" classname="com.facebook.presto.execution.TestSharedBuffer"/>
  <testcase name="testOperationsOnUnknownQueues" time="0.001" classname="com.facebook.presto.execution.TestSharedBuffer"/>
  <testcase name="testSimple" time="0.002" classname="com.facebook.presto.execution.TestSharedBuffer"/>
  <testcase name="testLotsOfStuff" time="0.015" classname="com.facebook.presto.serde.TestSnappyBlockSerde"/>
  <testcase name="testRoundTrip" time="0.0" classname="com.facebook.presto.serde.TestSnappyBlockSerde"/>
  <testcase name="testYieldCausesFullSchedule" time="0.283" classname="com.facebook.presto.execution.TestSqlStageExecution"/>
  <testcase name="testAbort" time="0.009" classname="com.facebook.presto.execution.TestSqlTaskManager"/>
  <testcase name="testCancel" time="0.002" classname="com.facebook.presto.execution.TestSqlTaskManager"/>
  <testcase name="testEmptyQuery" time="0.003" classname="com.facebook.presto.execution.TestSqlTaskManager"/>
  <testcase name="testRemoveOldTasks" time="0.105" classname="com.facebook.presto.execution.TestSqlTaskManager"/>
  <testcase name="testSimpleQuery" time="1.005" classname="com.facebook.presto.execution.TestSqlTaskManager"/>
  <testcase name="testJson" time="0.012" classname="com.facebook.presto.execution.TestStageStats"/>
  <testcase name="testChr" time="0.074" classname="com.facebook.presto.operator.scalar.TestStringFunctions"/>
  <testcase name="testConcat" time="0.167" classname="com.facebook.presto.operator.scalar.TestStringFunctions"/>
  <testcase name="testLeftTrim" time="0.104" classname="com.facebook.presto.operator.scalar.TestStringFunctions"/>
  <testcase name="testLength" time="0.051" classname="com.facebook.presto.operator.scalar.TestStringFunctions"/>
  <testcase name="testLower" time="0.054" classname="com.facebook.presto.operator.scalar.TestStringFunctions"/>
  <testcase name="testReplace" time="0.206" classname="com.facebook.presto.operator.scalar.TestStringFunctions"/>
  <testcase name="testReverse" time="0.068" classname="com.facebook.presto.operator.scalar.TestStringFunctions"/>
  <testcase name="testRightTrim" time="0.103" classname="com.facebook.presto.operator.scalar.TestStringFunctions"/>
  <testcase name="testSplitPart" time="0.528" classname="com.facebook.presto.operator.scalar.TestStringFunctions"/>
  <testcase name="testSplitPartInvalid" time="0.002" classname="com.facebook.presto.operator.scalar.TestStringFunctions"/>
  <testcase name="testStringPosition" time="0.136" classname="com.facebook.presto.operator.scalar.TestStringFunctions"/>
  <testcase name="testSubstring" time="0.359" classname="com.facebook.presto.operator.scalar.TestStringFunctions"/>
  <testcase name="testTrim" time="0.103" classname="com.facebook.presto.operator.scalar.TestStringFunctions"/>
  <testcase name="testUpper" time="0.052" classname="com.facebook.presto.operator.scalar.TestStringFunctions"/>
  <testcase name="testDefaults" time="0.023" classname="com.facebook.presto.execution.TestTaskManagerConfig"/>
  <testcase name="testExplicitPropertyMappings" time="0.008" classname="com.facebook.presto.execution.TestTaskManagerConfig"/>
  <testcase name="testJson" time="0.025" classname="com.facebook.presto.operator.TestTaskStats"/>
  <testcase name="testDisallowsNulls" time="0.001" classname="com.facebook.presto.util.TestThreadLocalCache"/>
  <testcase name="testSanity" time="0.001" classname="com.facebook.presto.util.TestThreadLocalCache"/>
  <testcase name="testMultiFieldKey" time="0.002" classname="com.facebook.presto.operator.TestTopNOperator"/>
  <testcase name="testReverseOrder" time="0.001" classname="com.facebook.presto.operator.TestTopNOperator"/>
  <testcase name="testSingleFieldKey" time="0.0" classname="com.facebook.presto.operator.TestTopNOperator"/>
  <testcase name="testAppendWithNull" time="0.0" classname="com.facebook.presto.tuple.TestTupleInfo"/>
  <testcase name="testMixed" time="0.0" classname="com.facebook.presto.tuple.TestTupleInfo"/>
  <testcase name="testMultipleFixedLength" time="0.0" classname="com.facebook.presto.tuple.TestTupleInfo"/>
  <testcase name="testMultipleVariableLength" time="0.0" classname="com.facebook.presto.tuple.TestTupleInfo"/>
  <testcase name="testOnlySingleBooleanMemoryLayout" time="0.0" classname="com.facebook.presto.tuple.TestTupleInfo"/>
  <testcase name="testOnlySingleDoubleMemoryLayout" time="0.0" classname="com.facebook.presto.tuple.TestTupleInfo"/>
  <testcase name="testOnlySingleLongMemoryLayout" time="0.0" classname="com.facebook.presto.tuple.TestTupleInfo"/>
  <testcase name="testSetNonNullAtNonZeroOffset" time="0.001" classname="com.facebook.presto.tuple.TestTupleInfo"/>
  <testcase name="testSetNullAtNonZeroOffset" time="0.0" classname="com.facebook.presto.tuple.TestTupleInfo"/>
  <testcase name="testSingleBooleanLength" time="0.0" classname="com.facebook.presto.tuple.TestTupleInfo"/>
  <testcase name="testSingleBooleanLengthNull" time="0.0" classname="com.facebook.presto.tuple.TestTupleInfo"/>
  <testcase name="testSingleBooleanLengthNullMemoryLayout" time="0.0" classname="com.facebook.presto.tuple.TestTupleInfo"/>
  <testcase name="testSingleDoubleLength" time="0.001" classname="com.facebook.presto.tuple.TestTupleInfo"/>
  <testcase name="testSingleDoubleLengthNull" time="0.0" classname="com.facebook.presto.tuple.TestTupleInfo"/>
  <testcase name="testSingleDoubleLengthNullMemoryLayout" time="0.0" classname="com.facebook.presto.tuple.TestTupleInfo"/>
  <testcase name="testSingleLongLength" time="0.0" classname="com.facebook.presto.tuple.TestTupleInfo"/>
  <testcase name="testSingleLongLengthNull" time="0.0" classname="com.facebook.presto.tuple.TestTupleInfo"/>
  <testcase name="testSingleLongLengthNullMemoryLayout" time="0.0" classname="com.facebook.presto.tuple.TestTupleInfo"/>
  <testcase name="testSingleVariableLength" time="0.0" classname="com.facebook.presto.tuple.TestTupleInfo"/>
  <testcase name="testSingleVariableLengthMemoryLayout" time="0.0" classname="com.facebook.presto.tuple.TestTupleInfo"/>
  <testcase name="testSingleVariableLengthNull" time="0.0" classname="com.facebook.presto.tuple.TestTupleInfo"/>
  <testcase name="testSingleVariableLengthNullMemoryLayout" time="0.0" classname="com.facebook.presto.tuple.TestTupleInfo"/>
  <testcase name="testRoundTrip" time="0.0" classname="com.facebook.presto.serde.TestTupleInfoSerde"/>
  <testcase name="testCreateBlockWriter" time="0.0" classname="com.facebook.presto.serde.TestUncompressedBlockSerde"/>
  <testcase name="testRoundTrip" time="0.0" classname="com.facebook.presto.serde.TestUncompressedBlockSerde"/>
  <testcase name="testCurrentTime" time="0.036" classname="com.facebook.presto.operator.scalar.TestUnixTimeFunctions"/>
  <testcase name="testDateAdd" time="0.158" classname="com.facebook.presto.operator.scalar.TestUnixTimeFunctions"/>
  <testcase name="testDateDiff" time="0.172" classname="com.facebook.presto.operator.scalar.TestUnixTimeFunctions"/>
  <testcase name="testDateFormat" time="0.531" classname="com.facebook.presto.operator.scalar.TestUnixTimeFunctions"/>
  <testcase name="testDateParse" time="0.175" classname="com.facebook.presto.operator.scalar.TestUnixTimeFunctions"/>
  <testcase name="testExtract" time="0.255" classname="com.facebook.presto.operator.scalar.TestUnixTimeFunctions"/>
  <testcase name="testFormatDatetime" time="0.036" classname="com.facebook.presto.operator.scalar.TestUnixTimeFunctions"/>
  <testcase name="testFromUnixTime" time="0.035" classname="com.facebook.presto.operator.scalar.TestUnixTimeFunctions"/>
  <testcase name="testParseDatetime" time="0.054" classname="com.facebook.presto.operator.scalar.TestUnixTimeFunctions"/>
  <testcase name="testPartFunctions" time="0.258" classname="com.facebook.presto.operator.scalar.TestUnixTimeFunctions"/>
  <testcase name="testToUnixTime" time="0.017" classname="com.facebook.presto.operator.scalar.TestUnixTimeFunctions"/>
  <testcase name="testUrlExtract" time="0.982" classname="com.facebook.presto.operator.scalar.TestUrlFunctions"/>
  <testcase name="testUrlExtractParameter" time="0.159" classname="com.facebook.presto.operator.scalar.TestUrlFunctions"/>
  <testcase name="testCumulativeDistribution" time="0.409" classname="com.facebook.presto.operator.window.TestWindowFunctions"/>
  <testcase name="testDenseRank" time="0.084" classname="com.facebook.presto.operator.window.TestWindowFunctions"/>
  <testcase name="testPercentRank" time="0.35" classname="com.facebook.presto.operator.window.TestWindowFunctions"/>
  <testcase name="testRank" time="0.081" classname="com.facebook.presto.operator.window.TestWindowFunctions"/>
  <testcase name="testRowNumber" time="0.163" classname="com.facebook.presto.operator.window.TestWindowFunctions"/>
  <testcase name="testRowNumberPartitioning" time="0.165" classname="com.facebook.presto.operator.window.TestWindowFunctions"/>
  <testcase name="testMemoryLimit" time="0.0" classname="com.facebook.presto.operator.TestWindowOperator"/>
  <testcase name="testRowNumber" time="0.001" classname="com.facebook.presto.operator.TestWindowOperator"/>
  <testcase name="testRowNumberArbitrary" time="0.001" classname="com.facebook.presto.operator.TestWindowOperator"/>
  <testcase name="testRowNumberPartition" time="0.0" classname="com.facebook.presto.operator.TestWindowOperator"/>
</testsuite> <!-- Command line test -->
